\BOOKMARK [0][]{chapter.1}{\376\377\173\054\116\000\172\340\000\040\137\256\122\006\145\271\172\013\166\204\211\343}{}% 1
\BOOKMARK [1][]{section.1.1}{\376\377\0001\000.\0001\000\040\122\035\173\111\171\357\122\006\154\325}{chapter.1}% 2
\BOOKMARK [2][]{subsection.1.1.1}{\376\377\0001\000.\0001\000.\0001\000\040\140\160\137\123\145\271\172\013}{section.1.1}% 3
\BOOKMARK [2][]{subsection.1.1.2}{\376\377\0001\000.\0001\000.\0002\000\040\123\330\221\317\122\006\171\273\145\271\172\013}{section.1.1}% 4
\BOOKMARK [2][]{subsection.1.1.3}{\376\377\0001\000.\0001\000.\0003\000\040\116\000\226\066\176\277\140\047\145\271\172\013}{section.1.1}% 5
\BOOKMARK [2][]{subsection.1.1.4}{\376\377\0001\000.\0001\000.\0004\000\040\237\120\153\041\145\271\172\013}{section.1.1}% 6
\BOOKMARK [2][]{subsection.1.1.5}{\376\377\0001\000.\0001\000.\0005\000\040\000B\000e\000r\000n\000o\000u\000l\000l\000i\145\271\172\013}{section.1.1}% 7
\BOOKMARK [2][]{subsection.1.1.6}{\376\377\0001\000.\0001\000.\0006\000\040\000R\000i\000c\000c\000a\000t\000i\145\271\172\013}{section.1.1}% 8
\BOOKMARK [1][]{section.1.2}{\376\377\0001\000.\0002\000\040\116\000\226\066\226\220\137\017\137\256\122\006\145\271\172\013}{chapter.1}% 9
\BOOKMARK [2][]{subsection.1.2.1}{\376\377\0001\000.\0002\000.\0001\000\040\137\256\122\006\154\325}{section.1.2}% 10
\BOOKMARK [2][]{subsection.1.2.2}{\376\377\0001\000.\0002\000.\0002\000\040\123\302\145\160\154\325}{section.1.2}% 11
\BOOKMARK [1][]{section.1.3}{\376\377\0001\000.\0003\000\040\176\277\140\047\137\256\122\006\145\271\172\013}{chapter.1}% 12
\BOOKMARK [2][]{subsection.1.3.1}{\376\377\0001\000.\0003\000.\0001\000\040\116\000\202\054\164\006\213\272}{section.1.3}% 13
\BOOKMARK [2][]{subsection.1.3.2}{\376\377\0001\000.\0003\000.\0002\000\040\136\070\174\373\145\160\176\277\140\047\137\256\122\006\145\271\172\013}{section.1.3}% 14
\BOOKMARK [1][]{section.1.4}{\376\377\0001\000.\0004\000\040\136\102\176\247\145\160\211\343\154\325}{chapter.1}% 15
\BOOKMARK [2][]{subsection.1.4.1}{\376\377\0001\000.\0004\000.\0001\000\040\000C\000a\000u\000c\000h\000y\133\232\164\006}{section.1.4}% 16
\BOOKMARK [2][]{subsection.1.4.2}{\376\377\0001\000.\0004\000.\0002\000\040\136\102\176\247\145\160\211\343\154\325}{section.1.4}% 17
\BOOKMARK [0][]{chapter.2}{\376\377\173\054\116\214\172\340\000\040\136\070\137\256\122\006\145\271\172\013\126\333\131\047\133\232\164\006}{}% 18
\BOOKMARK [1][]{section.2.1}{\376\377\0002\000.\0001\000\040\133\130\127\050\116\016\133\130\127\050\125\057\116\000\140\047\133\232\164\006}{chapter.2}% 19
\BOOKMARK [2][]{subsection.2.1.1}{\376\377\0002\000.\0001\000.\0001\000\040\000P\000e\000a\000n\000o\133\130\127\050\133\232\164\006}{section.2.1}% 20
\BOOKMARK [2][]{subsection.2.1.2}{\376\377\0002\000.\0001\000.\0002\000\040\000P\000i\000c\000a\000r\000d\133\130\127\050\125\057\116\000\140\047\133\232\164\006}{section.2.1}% 21
\BOOKMARK [1][]{section.2.2}{\376\377\0002\000.\0002\000\040\211\343\166\204\136\366\117\070\133\232\164\006}{chapter.2}% 22
\BOOKMARK [2][]{subsection.2.2.1}{\376\377\0002\000.\0002\000.\0001\000\040\211\343\166\204\136\366\117\070\133\232\164\006}{section.2.2}% 23
\BOOKMARK [2][]{subsection.2.2.2}{\376\377\0002\000.\0002\000.\0002\000\040\153\324\217\203\133\232\164\006}{section.2.2}% 24
\BOOKMARK [1][]{section.2.3}{\376\377\0002\000.\0003\000\040\211\343\133\371\122\035\120\074\124\214\123\302\145\160\166\204\217\336\176\355\117\235\215\126\140\047}{chapter.2}% 25
\BOOKMARK [1][]{section.2.4}{\376\377\0002\000.\0004\000\040\211\343\133\371\122\035\120\074\124\214\123\302\145\160\166\204\217\336\176\355\123\357\137\256\140\047}{chapter.2}% 26
\BOOKMARK [1][]{section.2.5}{\376\377\0002\000.\0005\000\040\126\333\131\047\133\232\164\006\140\073\176\323}{chapter.2}% 27
\BOOKMARK [1][]{section.2.6}{\376\377\0002\000.\0006\000\040\000L\000y\000a\000p\000u\000n\000o\000v\172\063\133\232\140\047}{chapter.2}% 28
\BOOKMARK [1][]{section.2.7}{\376\377\0002\000.\0007\000\040\131\107\211\343\116\016\123\005\176\334}{chapter.2}% 29
\BOOKMARK [2][]{subsection.2.7.1}{\376\377\0002\000.\0007\000.\0001\000\040\131\107\211\343}{section.2.7}% 30
\BOOKMARK [2][]{subsection.2.7.2}{\376\377\0002\000.\0007\000.\0002\000\040\123\005\176\334}{section.2.7}% 31
