\BOOKMARK [0][]{chapter.1}{\376\377\173\054\116\000\172\340\000\040\146\362\176\277\213\272}{}% 1
\BOOKMARK [1][]{section.1.1}{\376\377\0001\000.\0001\000\040\124\021\221\317\121\375\145\160}{chapter.1}% 2
\BOOKMARK [2][]{subsection.1.1.1}{\376\377\0001\000.\0001\000.\0001\000\040\124\021\221\317\121\375\145\160\166\204\147\201\226\120}{section.1.1}% 3
\BOOKMARK [2][]{subsection.1.1.2}{\376\377\0001\000.\0001\000.\0002\000\040\124\021\221\317\121\375\145\160\166\204\217\336\176\355\140\047}{section.1.1}% 4
\BOOKMARK [2][]{subsection.1.1.3}{\376\377\0001\000.\0001\000.\0003\000\040\124\021\221\317\121\375\145\160\166\204\137\256\125\106}{section.1.1}% 5
\BOOKMARK [2][]{subsection.1.1.4}{\376\377\0001\000.\0001\000.\0004\000\040\124\021\221\317\121\375\145\160\166\204\000T\000a\000y\000l\000o\000r\121\154\137\017}{section.1.1}% 6
\BOOKMARK [2][]{subsection.1.1.5}{\376\377\0001\000.\0001\000.\0005\000\040\124\021\221\317\121\375\145\160\166\204\171\357\122\006}{section.1.1}% 7
\BOOKMARK [1][]{section.1.2}{\376\377\0001\000.\0002\000\040\146\362\176\277}{chapter.1}% 8
\BOOKMARK [2][]{subsection.1.2.1}{\376\377\0001\000.\0002\000.\0001\000\040\146\362\176\277\166\204\133\232\116\111}{section.1.2}% 9
\BOOKMARK [2][]{subsection.1.2.2}{\376\377\0001\000.\0002\000.\0002\000\040\121\111\156\321\146\362\176\277}{section.1.2}% 10
\BOOKMARK [2][]{subsection.1.2.3}{\376\377\0001\000.\0002\000.\0003\000\040\146\362\176\277\166\204\122\007\176\277\124\214\154\325\136\163\227\142}{section.1.2}% 11
\BOOKMARK [2][]{subsection.1.2.4}{\376\377\0001\000.\0002\000.\0004\000\040\146\362\176\277\137\047}{section.1.2}% 12
\BOOKMARK [1][]{section.1.3}{\376\377\0001\000.\0003\000\040\172\172\225\364\146\362\176\277}{chapter.1}% 13
\BOOKMARK [2][]{subsection.1.3.1}{\376\377\0001\000.\0003\000.\0001\000\040\172\172\225\364\146\362\176\277\166\204\133\306\122\007\136\163\227\142}{section.1.3}% 14
\BOOKMARK [2][]{subsection.1.3.2}{\376\377\0001\000.\0003\000.\0002\000\040\172\172\225\364\146\362\176\277\166\204\127\372\147\054\116\011\150\361\137\142}{section.1.3}% 15
\BOOKMARK [2][]{subsection.1.3.3}{\376\377\0001\000.\0003\000.\0003\000\040\172\172\225\364\146\362\176\277\166\204\146\362\163\207\000,\143\040\163\207\116\016\000F\000r\000e\000n\000e\000t\121\154\137\017}{section.1.3}% 16
\BOOKMARK [2][]{subsection.1.3.4}{\376\377\0001\000.\0003\000.\0004\000\040\172\172\225\364\146\362\176\277\127\050\116\000\160\271\220\273\217\321\166\204\176\323\147\204}{section.1.3}% 17
\BOOKMARK [2][]{subsection.1.3.5}{\376\377\0001\000.\0003\000.\0005\000\040\172\172\225\364\146\362\176\277\213\272\166\204\127\372\147\054\133\232\164\006}{section.1.3}% 18
\BOOKMARK [2][]{subsection.1.3.6}{\376\377\0001\000.\0003\000.\0006\000\040\116\000\202\054\207\272\176\277}{section.1.3}% 19
\BOOKMARK [1][]{section.1.4}{\376\377\0001\000.\0004\000\040\136\163\227\142\116\012\166\204\162\171\153\212\146\362\176\277}{chapter.1}% 20
\BOOKMARK [0][]{chapter.2}{\376\377\173\054\116\214\172\340\000\040\146\362\227\142\213\272}{}% 21
\BOOKMARK [1][]{section.2.1}{\376\377\0002\000.\0001\000\040\146\362\227\142\166\204\151\202\137\365}{chapter.2}% 22
\BOOKMARK [2][]{subsection.2.1.1}{\376\377\0002\000.\0001\000.\0001\000\040\173\200\123\125\146\362\227\142\123\312\121\166\123\302\145\160\210\150\171\072}{section.2.1}% 23
\BOOKMARK [2][]{subsection.2.1.2}{\376\377\0002\000.\0001\000.\0002\000\040\121\111\156\321\146\362\227\142\060\001\146\362\227\142\166\204\122\007\136\163\227\142\116\016\154\325\176\277}{section.2.1}% 24
\BOOKMARK [2][]{subsection.2.1.3}{\376\377\0002\000.\0001\000.\0003\000\040\146\362\227\142\116\012\166\204\146\362\176\277\145\317\116\016\146\362\176\277\177\121}{section.2.1}% 25
\BOOKMARK [1][]{section.2.2}{\376\377\0002\000.\0002\000\040\146\362\227\142\166\204\173\054\116\000\127\372\147\054\137\142\137\017}{chapter.2}% 26
\BOOKMARK [2][]{subsection.2.2.1}{\376\377\0002\000.\0002\000.\0001\000\040\146\362\227\142\166\204\173\054\116\000\127\372\147\054\137\142\137\017}{section.2.2}% 27
\BOOKMARK [2][]{subsection.2.2.2}{\376\377\0002\000.\0002\000.\0002\000\040\146\362\227\142\116\012\146\362\176\277\166\204\225\177}{section.2.2}% 28
\BOOKMARK [2][]{subsection.2.2.3}{\376\377\0002\000.\0002\000.\0003\000\040\146\362\227\142\116\012\116\044\145\271\124\021\166\204\116\244\211\322}{section.2.2}% 29
\BOOKMARK [2][]{subsection.2.2.4}{\376\377\0002\000.\0002\000.\0004\000\040\153\143\116\244\146\362\176\277\145\317\116\016\153\143\116\244\217\150\176\277}{section.2.2}% 30
\BOOKMARK [2][]{subsection.2.2.5}{\376\377\0002\000.\0002\000.\0005\000\040\146\362\227\142\127\337\166\204\227\142\171\357}{section.2.2}% 31
\BOOKMARK [2][]{subsection.2.2.6}{\376\377\0002\000.\0002\000.\0006\000\040\173\111\215\335\123\330\143\142}{section.2.2}% 32
\BOOKMARK [2][]{subsection.2.2.7}{\376\377\0002\000.\0002\000.\0007\000\040\117\335\211\322\123\330\143\142}{section.2.2}% 33
\BOOKMARK [1][]{section.2.3}{\376\377\0002\000.\0003\000\040\146\362\227\142\166\204\173\054\116\214\127\372\147\054\137\142\137\017}{chapter.2}% 34
\BOOKMARK [2][]{subsection.2.3.1}{\376\377\0002\000.\0003\000.\0001\000\040\146\362\227\142\166\204\173\054\116\214\127\372\147\054\137\142\137\017}{section.2.3}% 35
\BOOKMARK [2][]{subsection.2.3.2}{\376\377\0002\000.\0003\000.\0002\000\040\146\362\227\142\116\012\146\362\176\277\166\204\146\362\163\207}{section.2.3}% 36
\BOOKMARK [2][]{subsection.2.3.3}{\376\377\0002\000.\0003\000.\0003\000\040\000D\000u\000p\000i\000n\143\007\150\007\176\277}{section.2.3}% 37
\BOOKMARK [2][]{subsection.2.3.4}{\376\377\0002\000.\0003\000.\0004\000\040\146\362\227\142\166\204\156\020\217\333\145\271\124\021\124\214\121\161\217\155\145\271\124\021}{section.2.3}% 38
\BOOKMARK [3][]{subsubsection.2.3.4.1}{\376\377\0002\000.\0003\000.\0004\000.\0001\000\040\146\362\227\142\166\204\156\020\217\333\145\271\124\021}{subsection.2.3.4}% 39
\BOOKMARK [3][]{subsubsection.2.3.4.2}{\376\377\0002\000.\0003\000.\0004\000.\0002\000\040\146\362\227\142\166\204\121\161\217\155\145\271\124\021}{subsection.2.3.4}% 40
\BOOKMARK [2][]{subsection.2.3.5}{\376\377\0002\000.\0003\000.\0005\000\040\146\362\227\142\166\204\116\073\145\271\124\021\124\214\146\362\163\207\176\277}{section.2.3}% 41
\BOOKMARK [2][]{subsection.2.3.6}{\376\377\0002\000.\0003\000.\0006\000\040\146\362\227\142\166\204\116\073\146\362\163\207\060\001\000G\000a\000u\000s\000s\146\362\163\207\116\016\136\163\127\107\146\362\163\207}{section.2.3}% 42
\BOOKMARK [2][]{subsection.2.3.7}{\376\377\0002\000.\0003\000.\0007\000\040\146\362\227\142\127\050\116\000\160\271\220\273\217\321\166\204\176\323\147\204}{section.2.3}% 43
\BOOKMARK [2][]{subsection.2.3.8}{\376\377\0002\000.\0003\000.\0008\000\040\000G\000a\000u\000s\000s\146\362\163\207\166\204\121\340\117\125\141\017\116\111}{section.2.3}% 44
\BOOKMARK [3][]{subsubsection.2.3.8.1}{\376\377\0002\000.\0003\000.\0008\000.\0001\000\040\000G\000a\000u\000s\000s\146\040\134\004\116\016\000W\000e\000i\000n\000g\000a\000r\000t\000e\000n\123\330\143\142}{subsection.2.3.8}% 45
\BOOKMARK [3][]{subsubsection.2.3.8.2}{\376\377\0002\000.\0003\000.\0008\000.\0002\000\040\146\362\227\142\166\204\173\054\116\011\137\142\137\017}{subsection.2.3.8}% 46
\BOOKMARK [1][]{section.2.4}{\376\377\0002\000.\0004\000\040\166\364\176\271\227\142\116\016\123\357\134\125\146\362\227\142}{chapter.2}% 47
\BOOKMARK [2][]{subsection.2.4.1}{\376\377\0002\000.\0004\000.\0001\000\040\166\364\176\271\227\142}{section.2.4}% 48
\BOOKMARK [2][]{subsection.2.4.2}{\376\377\0002\000.\0004\000.\0002\000\040\123\357\134\125\146\362\227\142}{section.2.4}% 49
\BOOKMARK [2][]{subsection.2.4.3}{\376\377\0002\000.\0004\000.\0003\000\040\123\005\176\334}{section.2.4}% 50
\BOOKMARK [2][]{subsection.2.4.4}{\376\377\0002\000.\0004\000.\0004\000\040\176\277\154\107}{section.2.4}% 51
\BOOKMARK [1][]{section.2.5}{\376\377\0002\000.\0005\000\040\146\362\227\142\213\272\166\204\127\372\147\054\133\232\164\006}{chapter.2}% 52
\BOOKMARK [2][]{subsection.2.5.1}{\376\377\0002\000.\0005\000.\0001\000\040\146\362\227\142\166\204\127\372\147\054\145\271\172\013}{section.2.5}% 53
\BOOKMARK [2][]{subsection.2.5.2}{\376\377\0002\000.\0005\000.\0002\000\040\146\362\227\142\166\204\173\054\116\214\174\173\000C\000h\000r\000i\000s\000t\000o\000f\000f\000e\000l\173\046\123\367\377\014\000R\000i\000e\000m\000a\000n\000n\146\362\163\207\137\040\221\317\116\016\000G\000a\000u\000s\000s\000-\000C\000o\000d\000a\000z\000z\000i\000-\000M\000a\000i\000n\000a\000r\000d\000i\121\154\137\017}{section.2.5}% 54
\BOOKMARK [2][]{subsection.2.5.3}{\376\377\0002\000.\0005\000.\0003\000\040\146\362\227\142\213\272\166\204\127\372\147\054\133\232\164\006}{section.2.5}% 55
\BOOKMARK [1][]{section.2.6}{\376\377\0002\000.\0006\000\040\146\362\227\142\116\012\166\204\155\113\127\060\176\277}{chapter.2}% 56
\BOOKMARK [2][]{subsection.2.6.1}{\376\377\0002\000.\0006\000.\0001\000\040\146\362\227\142\116\012\146\362\176\277\166\204\155\113\127\060\146\362\163\207}{section.2.6}% 57
\BOOKMARK [2][]{subsection.2.6.2}{\376\377\0002\000.\0006\000.\0002\000\040\146\362\227\142\116\012\166\204\155\113\127\060\176\277}{section.2.6}% 58
\BOOKMARK [2][]{subsection.2.6.3}{\376\377\0002\000.\0006\000.\0003\000\040\146\362\227\142\116\012\166\204\123\112\155\113\127\060\127\120\150\007\177\121}{section.2.6}% 59
\BOOKMARK [2][]{subsection.2.6.4}{\376\377\0002\000.\0006\000.\0004\000\040\146\362\227\142\116\012\155\113\127\060\176\277\166\204\167\355\172\013\140\047}{section.2.6}% 60
\BOOKMARK [2][]{subsection.2.6.5}{\376\377\0002\000.\0006\000.\0005\000\040\000G\000a\000u\000s\000s\000-\000B\000o\000n\000n\000e\000t\121\154\137\017}{section.2.6}% 61
\BOOKMARK [2][]{subsection.2.6.6}{\376\377\0002\000.\0006\000.\0006\000\040\146\362\227\142\116\012\124\021\221\317\166\204\136\163\210\114\171\373\122\250}{section.2.6}% 62
\BOOKMARK [2][]{subsection.2.6.7}{\376\377\0002\000.\0006\000.\0007\000\040\147\201\134\017\146\362\227\142}{section.2.6}% 63
\BOOKMARK [1][]{section.2.7}{\376\377\0002\000.\0007\000\040\136\070\000G\000a\000u\000s\000s\146\362\163\207\166\204\146\362\227\142}{chapter.2}% 64
\BOOKMARK [2][]{subsection.2.7.1}{\376\377\0002\000.\0007\000.\0001\000\040\136\070\000G\000a\000u\000s\000s\146\362\163\207\166\204\146\362\227\142}{section.2.7}% 65
\BOOKMARK [2][]{subsection.2.7.2}{\376\377\0002\000.\0007\000.\0002\000\040\117\052\164\003\227\142}{section.2.7}% 66
\BOOKMARK [0][]{chapter.3}{\376\377\173\054\116\011\172\340\000\040\131\026\137\256\122\006\137\142\137\017\116\016\155\073\122\250\150\007\147\266}{}% 67
\BOOKMARK [1][]{section.3.1}{\376\377\0003\000.\0001\000\040\131\026\137\256\122\006\137\142\137\017}{chapter.3}% 68
\BOOKMARK [2][]{subsection.3.1.1}{\376\377\0003\000.\0001\000.\0001\000\040\000G\000r\000a\000s\000s\000m\000a\000n\000n\116\343\145\160}{section.3.1}% 69
\BOOKMARK [2][]{subsection.3.1.2}{\376\377\0003\000.\0001\000.\0002\000\040\131\026\137\256\122\006\137\142\137\017}{section.3.1}% 70
\BOOKMARK [2][]{subsection.3.1.3}{\376\377\0003\000.\0001\000.\0003\000\040\000F\000r\000o\000b\000e\000n\000i\000u\000s\133\232\164\006}{section.3.1}% 71
\BOOKMARK [1][]{section.3.2}{\376\377\0003\000.\0002\000\040\155\073\122\250\150\007\147\266}{chapter.3}% 72
\BOOKMARK [2][]{subsection.3.2.1}{\376\377\0003\000.\0002\000.\0001\000\040\124\010\124\014\123\330\143\142\177\244}{section.3.2}% 73
\BOOKMARK [2][]{subsection.3.2.2}{\376\377\0003\000.\0002\000.\0002\000\040\155\073\122\250\150\007\147\266}{section.3.2}% 74
