\BOOKMARK [0][]{chapter.1}{\376\377\173\054\116\000\172\340\000\040\162\171\153\212\167\351\226\065\116\016\162\171\153\212\176\277\140\047\123\330\143\142}{}% 1
\BOOKMARK [1][]{section.1.1}{\376\377\0001\000.\0001\000\040\162\171\153\212\167\351\226\065}{chapter.1}% 2
\BOOKMARK [2][]{subsection.1.1.1}{\376\377\0001\000.\0001\000.\0001\000\040\133\371\211\322\167\351\226\065}{section.1.1}% 3
\BOOKMARK [2][]{subsection.1.1.2}{\376\377\0001\000.\0001\000.\0002\000\040\127\372\147\054\167\351\226\065}{section.1.1}% 4
\BOOKMARK [2][]{subsection.1.1.3}{\376\377\0001\000.\0001\000.\0003\000\040\116\011\211\322\167\351\226\065}{section.1.1}% 5
\BOOKMARK [2][]{subsection.1.1.4}{\376\377\0001\000.\0001\000.\0004\000\040\133\371\171\360\167\351\226\065}{section.1.1}% 6
\BOOKMARK [2][]{subsection.1.1.5}{\376\377\0001\000.\0001\000.\0005\000\040\136\102\226\366\167\351\226\065}{section.1.1}% 7
\BOOKMARK [2][]{subsection.1.1.6}{\376\377\0001\000.\0001\000.\0006\000\040\136\102\173\111\167\351\226\065}{section.1.1}% 8
\BOOKMARK [2][]{subsection.1.1.7}{\376\377\0001\000.\0001\000.\0007\000\040\137\252\163\257\117\115\171\373\167\351\226\065}{section.1.1}% 9
\BOOKMARK [2][]{subsection.1.1.8}{\376\377\0001\000.\0001\000.\0008\000\040\137\252\163\257\167\351\226\065}{section.1.1}% 10
\BOOKMARK [2][]{subsection.1.1.9}{\376\377\0001\000.\0001\000.\0009\000\040\153\143\116\244\167\351\226\065}{section.1.1}% 11
\BOOKMARK [1][]{section.1.2}{\376\377\0001\000.\0002\000\040\162\171\153\212\176\277\140\047\123\330\143\142}{chapter.1}% 12
\BOOKMARK [2][]{subsection.1.2.1}{\376\377\0001\000.\0002\000.\0001\000\040\136\102\226\366\123\330\143\142}{section.1.2}% 13
\BOOKMARK [2][]{subsection.1.2.2}{\376\377\0001\000.\0002\000.\0002\000\040\136\102\173\111\123\330\143\142}{section.1.2}% 14
\BOOKMARK [2][]{subsection.1.2.3}{\376\377\0001\000.\0002\000.\0003\000\040\133\371\124\010\123\330\143\142}{section.1.2}% 15
\BOOKMARK [0][]{chapter.2}{\376\377\173\054\116\214\172\340\000\040\131\032\230\171\137\017\163\257}{}% 16
\BOOKMARK [1][]{section.2.1}{\376\377\0002\000.\0001\000\040\131\032\230\171\137\017\163\257}{chapter.2}% 17
\BOOKMARK [1][]{section.2.2}{\376\377\0002\000.\0002\000\040\145\164\226\144\121\163\174\373}{chapter.2}% 18
\BOOKMARK [1][]{section.2.3}{\376\377\0002\000.\0003\000\040\147\000\131\047\121\154\126\340\137\017}{chapter.2}% 19
\BOOKMARK [1][]{section.2.4}{\376\377\0002\000.\0004\000\040\116\015\123\357\176\246\131\032\230\171\137\017}{chapter.2}% 20
\BOOKMARK [1][]{section.2.5}{\376\377\0002\000.\0005\000\040\221\315\126\340\137\017}{chapter.2}% 21
\BOOKMARK [1][]{section.2.6}{\376\377\0002\000.\0006\000\040\000C\116\012\166\204\131\032\230\171\137\017}{chapter.2}% 22
\BOOKMARK [1][]{section.2.7}{\376\377\0002\000.\0007\000\040\000R\116\012\166\204\131\032\230\171\137\017}{chapter.2}% 23
\BOOKMARK [1][]{section.2.8}{\376\377\0002\000.\0008\000\040\000Q\116\012\166\204\131\032\230\171\137\017}{chapter.2}% 24
\BOOKMARK [0][]{chapter.3}{\376\377\173\054\116\011\172\340\000\040\167\351\226\065\166\204\162\171\137\201}{}% 25
\BOOKMARK [1][]{section.3.1}{\376\377\0003\000.\0001\000\040\167\351\226\065\166\204\162\171\137\201}{chapter.3}% 26
\BOOKMARK [2][]{subsection.3.1.1}{\376\377\0003\000.\0001\000.\0001\000\040\171\351}{section.3.1}% 27
\BOOKMARK [2][]{subsection.3.1.2}{\376\377\0003\000.\0001\000.\0002\000\040\210\114\122\027\137\017}{section.3.1}% 28
\BOOKMARK [2][]{subsection.3.1.3}{\376\377\0003\000.\0001\000.\0003\000\040\217\371}{section.3.1}% 29
\BOOKMARK [1][]{section.3.2}{\376\377\0003\000.\0002\000\040\167\351\226\065\116\016\167\351\226\065\166\204\121\163\174\373}{chapter.3}% 30
\BOOKMARK [2][]{subsection.3.2.1}{\376\377\0003\000.\0002\000.\0001\000\040\166\370\142\265}{section.3.2}% 31
\BOOKMARK [2][]{subsection.3.2.2}{\376\377\0003\000.\0002\000.\0002\000\040\166\370\117\074}{section.3.2}% 32
\BOOKMARK [2][]{subsection.3.2.3}{\376\377\0003\000.\0002\000.\0003\000\040\124\010\124\014}{section.3.2}% 33
\BOOKMARK [1][]{section.3.3}{\376\377\0003\000.\0003\000\040\162\171\137\201\120\074\116\016\162\171\137\201\124\021\221\317}{chapter.3}% 34
\BOOKMARK [1][]{section.3.4}{\376\377\0003\000.\0004\000\040\167\351\226\065\133\371\211\322\123\026}{chapter.3}% 35
\BOOKMARK [2][]{subsection.3.4.1}{\376\377\0003\000.\0004\000.\0001\000\040\167\351\226\065\133\371\211\322\123\026}{section.3.4}% 36
\BOOKMARK [2][]{subsection.3.4.2}{\376\377\0003\000.\0004\000.\0002\000\040\133\236\133\371\171\360\167\351\226\065\133\371\211\322\123\026}{section.3.4}% 37
\BOOKMARK [1][]{section.3.5}{\376\377\0003\000.\0005\000\040\000H\000a\000m\000i\000l\000t\000o\000n\000-\000C\000a\000y\000l\000e\000y\133\232\164\006}{chapter.3}% 38
\BOOKMARK [0][]{chapter.4}{\376\377\173\054\126\333\172\340\000\040\176\277\140\047\145\271\172\013}{}% 39
\BOOKMARK [1][]{section.4.1}{\376\377\0004\000.\0001\000\040\176\277\140\047\145\271\172\013\211\343\166\204\122\044\133\232\116\016\176\323\147\204}{chapter.4}% 40
\BOOKMARK [1][]{section.4.2}{\376\377\0004\000.\0002\000\040\136\177\116\111\220\006\167\351\226\065}{chapter.4}% 41
\BOOKMARK [2][]{subsection.4.2.1}{\376\377\0004\000.\0002\000.\0001\000\040\136\177\116\111\220\006\167\351\226\065}{section.4.2}% 42
\BOOKMARK [2][]{subsection.4.2.2}{\376\377\0004\000.\0002\000.\0002\000\040\176\277\140\047\145\271\172\013\166\204\211\343\166\204\176\323\147\204}{section.4.2}% 43
\BOOKMARK [0][]{chapter.5}{\376\377\173\054\116\224\172\340\000\040\116\214\153\041\127\213}{}% 44
\BOOKMARK [1][]{section.5.1}{\376\377\0005\000.\0001\000\040\116\214\153\041\127\213}{chapter.5}% 45
\BOOKMARK [1][]{section.5.2}{\376\377\0005\000.\0002\000\040\150\007\121\306\137\142\116\016\211\304\203\003\137\142}{chapter.5}% 46
\BOOKMARK [0][]{chapter.6}{\376\377\173\054\121\155\172\340\000\040\176\277\140\047\146\040\134\004}{}% 47
\BOOKMARK [1][]{section.6.1}{\376\377\0006\000.\0001\000\040\176\277\140\047\146\040\134\004\116\016\167\351\226\065\210\150\171\072}{chapter.6}% 48
\BOOKMARK [1][]{section.6.2}{\376\377\0006\000.\0002\000\040\150\070\116\016\120\317}{chapter.6}% 49
\BOOKMARK [1][]{section.6.3}{\376\377\0006\000.\0003\000\040\142\225\137\161\146\040\134\004}{chapter.6}% 50
\BOOKMARK [1][]{section.6.4}{\376\377\0006\000.\0004\000\040\162\171\137\201\120\074\116\016\162\171\137\201\124\021\221\317}{chapter.6}% 51
\BOOKMARK [1][]{section.6.5}{\376\377\0006\000.\0005\000\040\116\015\123\330\133\120\172\172\225\364}{chapter.6}% 52
\BOOKMARK [1][]{section.6.6}{\376\377\0006\000.\0006\000\040\147\201\134\017\131\032\230\171\137\017}{chapter.6}% 53
\BOOKMARK [1][]{section.6.7}{\376\377\0006\000.\0007\000\040\000J\000o\000r\000d\000a\000n\133\371\211\322\123\026}{chapter.6}% 54
\BOOKMARK [0][]{chapter.7}{\376\377\173\054\116\003\172\340\000\040\136\246\221\317\176\277\140\047\172\172\225\364}{}% 55
\BOOKMARK [1][]{section.7.1}{\376\377\0007\000.\0001\000\040\123\314\176\277\140\047\121\375\145\160}{chapter.7}% 56
\BOOKMARK [1][]{section.7.2}{\376\377\0007\000.\0002\000\040\000E\000u\000c\000l\000i\000d\172\172\225\364}{chapter.7}% 57
\BOOKMARK [1][]{section.7.3}{\376\377\0007\000.\0003\000\040\153\143\116\244\123\330\143\142\116\016\133\371\171\360\123\330\143\142}{chapter.7}% 58
