\BOOKMARK [0][]{chapter.1}{\376\377\173\054\116\000\172\340\000\040\131\032\131\015\123\330\121\150\176\257\121\375\145\160}{}% 1
\BOOKMARK [1][]{section.1.1}{\376\377\0001\000.\0001\000\040\121\150\176\257\121\375\145\160}{chapter.1}% 2
\BOOKMARK [2][]{subsection.1.1.1}{\376\377\0001\000.\0001\000.\0001\000\040\121\150\176\257\121\375\145\160\166\204\133\232\116\111}{section.1.1}% 3
\BOOKMARK [2][]{subsection.1.1.2}{\376\377\0001\000.\0001\000.\0002\000\040\125\057\116\000\140\047\133\232\164\006}{section.1.1}% 4
\BOOKMARK [1][]{section.1.2}{\376\377\0001\000.\0002\000\040\131\032\127\006\147\361\166\204\000C\000a\000u\000c\000h\000y\171\357\122\006\121\154\137\017\123\312\121\166\136\224\165\050}{chapter.1}% 5
\BOOKMARK [2][]{subsection.1.2.1}{\376\377\0001\000.\0002\000.\0001\000\040\131\032\127\006\147\361\166\204\000C\000a\000u\000c\000h\000y\171\357\122\006\121\154\137\017}{section.1.2}% 6
\BOOKMARK [2][]{subsection.1.2.2}{\376\377\0001\000.\0002\000.\0002\000\040\000W\000e\000i\000e\000r\000s\000t\000r\000a\000s\000s\133\232\164\006}{section.1.2}% 7
\BOOKMARK [2][]{subsection.1.2.3}{\376\377\0001\000.\0002\000.\0003\000\040\000M\000o\000n\000t\000e\000l\133\232\164\006}{section.1.2}% 8
\BOOKMARK [2][]{subsection.1.2.4}{\376\377\0001\000.\0002\000.\0004\000\040\000H\000u\000r\000w\000i\000t\000z\133\232\164\006}{section.1.2}% 9
\BOOKMARK [1][]{section.1.3}{\376\377\0001\000.\0003\000\040\000H\000a\000r\000t\000o\000g\000s\163\260\214\141}{chapter.1}% 10
\BOOKMARK [2][]{subsection.1.3.1}{\376\377\0001\000.\0003\000.\0001\000\040\000H\000a\000r\000t\000o\000g\000s\163\260\214\141}{section.1.3}% 11
\BOOKMARK [2][]{subsection.1.3.2}{\376\377\0001\000.\0003\000.\0002\000\040\000R\000e\000i\000n\000h\000a\000r\000d\000t\127\337\116\012\166\204\134\125\137\017}{section.1.3}% 12
\BOOKMARK [0][]{chapter.2}{\376\377\173\054\116\214\172\340\000\040\121\150\176\257\146\040\134\004}{}% 13
\BOOKMARK [1][]{section.2.1}{\376\377\0002\000.\0001\000\040\121\150\176\257\146\040\134\004\166\204\133\374\145\160}{chapter.2}% 14
\BOOKMARK [2][]{subsection.2.1.1}{\376\377\0002\000.\0001\000.\0001\000\040\121\150\176\257\146\040\134\004\166\204\133\374\145\160}{section.2.1}% 15
\BOOKMARK [2][]{subsection.2.1.2}{\376\377\0002\000.\0001\000.\0002\000\040\131\015\000J\000a\000c\000o\000b\000i\000a\000n\124\214\133\236\000J\000a\000c\000o\000b\000i\000a\000n\166\204\121\163\174\373}{section.2.1}% 16
\BOOKMARK [1][]{section.2.2}{\376\377\0002\000.\0002\000\040\123\314\121\150\176\257\146\040\134\004}{chapter.2}% 17
\BOOKMARK [1][]{section.2.3}{\376\377\0002\000.\0003\000\040\000H\000.\000C\000a\000r\000t\000a\000n\133\232\164\006\116\016\164\003\166\204\121\150\176\257\201\352\124\014\147\204}{chapter.2}% 18
\BOOKMARK [2][]{subsection.2.3.1}{\376\377\0002\000.\0003\000.\0001\000\040\000H\000.\000C\000a\000r\000t\000a\000n\133\232\164\006}{section.2.3}% 19
\BOOKMARK [2][]{subsection.2.3.2}{\376\377\0002\000.\0003\000.\0002\000\040\164\003\166\204\121\150\176\257\201\352\124\014\147\204}{section.2.3}% 20
\BOOKMARK [0][]{chapter.3}{\376\377\173\054\116\011\172\340\000\040\000C\000a\000u\000c\000h\000y\171\357\122\006\121\154\137\017}{}% 21
\BOOKMARK [1][]{section.3.1}{\376\377\0003\000.\0001\000\040\164\003\166\204\000C\000a\000u\000c\000h\000y\171\357\122\006\121\154\137\017}{chapter.3}% 22
\BOOKMARK [1][]{section.3.2}{\376\377\0003\000.\0002\000\040\000C\116\012\166\204\227\136\237\120\153\041\000C\000a\000u\000c\000h\000y\171\357\122\006\121\154\137\017\123\312\121\166\136\224\165\050}{chapter.3}% 23
\BOOKMARK [2][]{subsection.3.2.1}{\376\377\0003\000.\0002\000.\0001\000\040\227\136\237\120\153\041\000C\000a\000u\000c\000h\000y\171\357\122\006\121\154\137\017}{section.3.2}% 24
\BOOKMARK [2][]{subsection.3.2.2}{\376\377\0003\000.\0002\000.\0002\000\040\136\163\227\142\116\012\225\356\230\230\166\204\211\343}{section.3.2}% 25
\BOOKMARK [0][]{appendix.A}{\376\377\000A\000\040\123\125\131\015\123\330\121\375\145\160\133\232\164\006\142\151\134\125}{}% 26
