\BOOKMARK [0][]{chapter.1}{\376\377\173\054\116\000\172\340\000\040\176\337\213\241\221\317\123\312\121\166\122\006\136\003}{}% 1
\BOOKMARK [1][]{section.1.1}{\376\377\0001\000.\0001\000\040\140\073\117\123\116\016\151\202\163\207}{chapter.1}% 2
\BOOKMARK [2][]{subsection.1.1.1}{\376\377\0001\000.\0001\000.\0001\000\040\140\073\117\123\116\016\116\052\117\123}{section.1.1}% 3
\BOOKMARK [2][]{subsection.1.1.2}{\376\377\0001\000.\0001\000.\0002\000\040\150\067\147\054}{section.1.1}% 4
\BOOKMARK [1][]{section.1.2}{\376\377\0001\000.\0002\000\040\150\067\147\054\145\160\143\156\166\204\145\164\164\006\116\016\210\150\171\072}{chapter.1}% 5
\BOOKMARK [2][]{subsection.1.2.1}{\376\377\0001\000.\0002\000.\0001\000\040\176\317\232\214\122\006\136\003\121\375\145\160}{section.1.2}% 6
\BOOKMARK [2][]{subsection.1.2.2}{\376\377\0001\000.\0002\000.\0002\000\040\230\221\145\160\230\221\163\207\122\006\136\003\210\150}{section.1.2}% 7
\BOOKMARK [1][]{section.1.3}{\376\377\0001\000.\0003\000\040\176\337\213\241\221\317\123\312\121\166\122\006\136\003}{chapter.1}% 8
\BOOKMARK [2][]{subsection.1.3.1}{\376\377\0001\000.\0003\000.\0001\000\040\176\337\213\241\221\317\116\016\142\275\150\067\122\006\136\003}{section.1.3}% 9
\BOOKMARK [2][]{subsection.1.3.2}{\376\377\0001\000.\0003\000.\0002\000\040\150\067\147\054\127\107\120\074\147\201\121\166\142\275\150\067\122\006\136\003}{section.1.3}% 10
\BOOKMARK [2][]{subsection.1.3.3}{\376\377\0001\000.\0003\000.\0003\000\040\150\067\147\054\145\271\135\356}{section.1.3}% 11
\BOOKMARK [2][]{subsection.1.3.4}{\376\377\0001\000.\0003\000.\0004\000\040\150\067\147\054\167\351\123\312\121\166\121\375\145\160}{section.1.3}% 12
\BOOKMARK [2][]{subsection.1.3.5}{\376\377\0001\000.\0003\000.\0005\000\040\153\041\136\217\176\337\213\241\221\317\123\312\121\166\122\006\136\003}{section.1.3}% 13
\BOOKMARK [2][]{subsection.1.3.6}{\376\377\0001\000.\0003\000.\0006\000\040\150\067\147\054\122\006\117\115\145\160\116\016\122\006\117\115\145\160}{section.1.3}% 14
\BOOKMARK [2][]{subsection.1.3.7}{\376\377\0001\000.\0003\000.\0007\000\040\116\224\145\160\151\202\142\354\116\016\173\261\176\277\126\376}{section.1.3}% 15
\BOOKMARK [1][]{section.1.4}{\376\377\0001\000.\0004\000\040\116\011\131\047\142\275\150\067\122\006\136\003}{chapter.1}% 16
\BOOKMARK [2][]{subsection.1.4.1}{\376\377\0001\000.\0004\000.\0001\000\040\0002\122\006\136\003}{section.1.4}% 17
\BOOKMARK [2][]{subsection.1.4.2}{\376\377\0001\000.\0004\000.\0002\000\040\000F\122\006\136\003}{section.1.4}% 18
\BOOKMARK [2][]{subsection.1.4.3}{\376\377\0001\000.\0004\000.\0003\000\040\000T\122\006\136\003}{section.1.4}% 19
\BOOKMARK [1][]{section.1.5}{\376\377\0001\000.\0005\000\040\121\105\122\006\176\337\213\241\221\317}{chapter.1}% 20
\BOOKMARK [2][]{subsection.1.5.1}{\376\377\0001\000.\0005\000.\0001\000\040\121\105\122\006\140\047}{section.1.5}% 21
\BOOKMARK [2][]{subsection.1.5.2}{\376\377\0001\000.\0005\000.\0002\000\040\126\340\133\120\122\006\211\343\133\232\164\006}{section.1.5}% 22
\BOOKMARK [0][]{chapter.2}{\376\377\173\054\116\214\172\340\000\040\123\302\145\160\117\060\213\241}{}% 23
\BOOKMARK [1][]{section.2.1}{\376\377\0002\000.\0001\000\040\160\271\117\060\213\241\166\204\151\202\137\365}{chapter.2}% 24
\BOOKMARK [2][]{subsection.2.1.1}{\376\377\0002\000.\0001\000.\0001\000\040\160\271\117\060\213\241\123\312\145\340\120\117\140\047}{section.2.1}% 25
\BOOKMARK [2][]{subsection.2.1.2}{\376\377\0002\000.\0001\000.\0002\000\040\147\011\145\110\140\047}{section.2.1}% 26
\BOOKMARK [1][]{section.2.2}{\376\377\0002\000.\0002\000\040\167\351\117\060\213\241\123\312\166\370\121\163\140\047}{chapter.2}% 27
\BOOKMARK [2][]{subsection.2.2.1}{\376\377\0002\000.\0002\000.\0001\000\040\146\377\143\142\123\237\164\006\124\214\167\351\154\325\117\060\213\241}{section.2.2}% 28
\BOOKMARK [2][]{subsection.2.2.2}{\376\377\0002\000.\0002\000.\0002\000\040\151\202\163\207\121\375\145\160\135\362\167\345\145\366\147\052\167\345\123\302\145\160\166\204\167\351\117\060\213\241}{section.2.2}% 29
\BOOKMARK [2][]{subsection.2.2.3}{\376\377\0002\000.\0002\000.\0003\000\040\166\370\124\010\140\047}{section.2.2}% 30
\BOOKMARK [1][]{section.2.3}{\376\377\0002\000.\0003\000\040\147\000\131\047\117\074\161\066\117\060\213\241}{chapter.2}% 31
\BOOKMARK [2][]{subsection.2.3.1}{\376\377\0002\000.\0003\000.\0001\000\040\147\000\131\047\117\074\161\066\117\060\213\241}{section.2.3}% 32
\BOOKMARK [2][]{subsection.2.3.2}{\376\377\0002\000.\0003\000.\0002\000\040\156\020\217\333\153\143\140\001\140\047}{section.2.3}% 33
\BOOKMARK [1][]{section.2.4}{\376\377\0002\000.\0004\000\040\147\000\134\017\145\271\135\356\145\340\120\117\117\060\213\241}{chapter.2}% 34
\BOOKMARK [2][]{subsection.2.4.1}{\376\377\0002\000.\0004\000.\0001\000\040\127\107\145\271\213\357\135\356}{section.2.4}% 35
\BOOKMARK [2][]{subsection.2.4.2}{\376\377\0002\000.\0004\000.\0002\000\040\116\000\201\364\147\000\134\017\145\271\135\356\145\340\120\117\117\060\213\241}{section.2.4}% 36
\BOOKMARK [2][]{subsection.2.4.3}{\376\377\0002\000.\0004\000.\0003\000\040\121\105\122\006\140\047\123\237\122\031}{section.2.4}% 37
\BOOKMARK [2][]{subsection.2.4.4}{\376\377\0002\000.\0004\000.\0004\000\040\000C\000r\000a\000m\000e\000r\000-\000R\000a\000o\116\015\173\111\137\017}{section.2.4}% 38
\BOOKMARK [1][]{section.2.5}{\376\377\0002\000.\0005\000\040\000B\000a\000y\000e\000s\117\060\213\241}{chapter.2}% 39
\BOOKMARK [1][]{section.2.6}{\376\377\0002\000.\0006\000\040\176\337\213\241\122\044\145\255\166\204\127\372\170\100}{chapter.2}% 40
\BOOKMARK [2][]{subsection.2.6.1}{\376\377\0002\000.\0006\000.\0001\000\040\000B\000a\000y\000e\000s\121\154\137\017\166\204\133\306\136\246\121\375\145\160\137\142\137\017}{section.2.6}% 41
\BOOKMARK [2][]{subsection.2.6.2}{\376\377\0002\000.\0006\000.\0002\000\040\000B\000a\000y\000e\000s\117\060\213\241}{section.2.6}% 42
\BOOKMARK [2][]{subsection.2.6.3}{\376\377\0002\000.\0006\000.\0003\000\040\121\161\217\155\121\110\232\214\122\006\136\003}{section.2.6}% 43
\BOOKMARK [1][]{section.2.7}{\376\377\0002\000.\0007\000\040\123\072\225\364\117\060\213\241}{chapter.2}% 44
\BOOKMARK [2][]{subsection.2.7.1}{\376\377\0002\000.\0007\000.\0001\000\040\123\072\225\364\117\060\213\241\166\204\151\202\137\365}{section.2.7}% 45
\BOOKMARK [2][]{subsection.2.7.2}{\376\377\0002\000.\0007\000.\0002\000\040\147\242\217\164\221\317\154\325}{section.2.7}% 46
\BOOKMARK [2][]{subsection.2.7.3}{\376\377\0002\000.\0007\000.\0003\000\040\123\125\116\052\153\143\140\001\140\073\117\123\123\302\145\160\166\204\177\156\117\341\123\072\225\364}{section.2.7}% 47
\BOOKMARK [2][]{subsection.2.7.4}{\376\377\0002\000.\0007\000.\0004\000\040\131\047\150\067\147\054\177\156\117\341\123\072\225\364}{section.2.7}% 48
\BOOKMARK [2][]{subsection.2.7.5}{\376\377\0002\000.\0007\000.\0005\000\040\150\067\147\054\221\317\166\204\170\156\133\232}{section.2.7}% 49
\BOOKMARK [2][]{subsection.2.7.6}{\376\377\0002\000.\0007\000.\0006\000\040\116\044\116\052\153\143\140\001\140\073\117\123\116\013\166\204\177\156\117\341\123\072\225\364}{section.2.7}% 50
\BOOKMARK [0][]{chapter.3}{\376\377\173\054\116\011\172\340\000\040\120\107\213\276\150\300\232\214}{}% 51
\BOOKMARK [1][]{section.3.1}{\376\377\0003\000.\0001\000\040\120\107\213\276\150\300\232\214\166\204\127\372\147\054\140\035\140\363\116\016\151\202\137\365}{chapter.3}% 52
\BOOKMARK [2][]{subsection.3.1.1}{\376\377\0003\000.\0001\000.\0001\000\040\120\107\213\276\150\300\232\214\225\356\230\230}{section.3.1}% 53
\BOOKMARK [2][]{subsection.3.1.2}{\376\377\0003\000.\0001\000.\0002\000\040\120\107\213\276\150\300\232\214\166\204\127\372\147\054\153\145\232\244}{section.3.1}% 54
\BOOKMARK [2][]{subsection.3.1.3}{\376\377\0003\000.\0001\000.\0003\000\040\150\300\232\214\166\204\000p\120\074}{section.3.1}% 55
\BOOKMARK [1][]{section.3.2}{\376\377\0003\000.\0002\000\040\153\143\140\001\140\073\117\123\123\302\145\160\120\107\213\276\150\300\232\214}{chapter.3}% 56
\BOOKMARK [2][]{subsection.3.2.1}{\376\377\0003\000.\0002\000.\0001\000\040\123\125\116\052\153\143\140\001\140\073\117\123\127\107\120\074\166\204\150\300\232\214}{section.3.2}% 57
\BOOKMARK [2][]{subsection.3.2.2}{\376\377\0003\000.\0002\000.\0002\000\040\116\044\116\052\153\143\140\001\140\073\117\123\127\107\120\074\135\356\166\204\150\300\232\214}{section.3.2}% 58
\BOOKMARK [2][]{subsection.3.2.3}{\376\377\0003\000.\0002\000.\0003\000\040\142\020\133\371\145\160\143\156\150\300\232\214}{section.3.2}% 59
\BOOKMARK [2][]{subsection.3.2.4}{\376\377\0003\000.\0002\000.\0004\000\040\153\143\140\001\140\073\117\123\145\271\135\356\166\204\150\300\232\214}{section.3.2}% 60
\BOOKMARK [1][]{section.3.3}{\376\377\0003\000.\0003\000\040\121\166\116\326\122\006\136\003\123\302\145\160\166\204\120\107\213\276\150\300\232\214}{chapter.3}% 61
\BOOKMARK [1][]{section.3.4}{\376\377\0003\000.\0004\000\040\117\074\161\066\153\324\150\300\232\214\116\016\122\006\136\003\142\337\124\010\150\300\232\214}{chapter.3}% 62
\BOOKMARK [2][]{subsection.3.4.1}{\376\377\0003\000.\0004\000.\0001\000\040\117\074\161\066\153\324\150\300\232\214\166\204\140\035\140\363}{section.3.4}% 63
\BOOKMARK [2][]{subsection.3.4.2}{\376\377\0003\000.\0004\000.\0002\000\040\122\006\136\003\145\160\143\156\166\204\0002\142\337\124\010\117\030\136\246\150\300\232\214}{section.3.4}% 64
\BOOKMARK [2][]{subsection.3.4.3}{\376\377\0003\000.\0004\000.\0003\000\040\122\006\136\003\166\204\0002\142\337\124\010\117\030\136\246\150\300\232\214}{section.3.4}% 65
\BOOKMARK [2][]{subsection.3.4.4}{\376\377\0003\000.\0004\000.\0004\000\040\122\027\200\124\210\150\166\204\162\354\172\313\140\047\150\300\232\214}{section.3.4}% 66
\BOOKMARK [1][]{section.3.5}{\376\377\0003\000.\0005\000\040\153\143\140\001\140\047\150\300\232\214}{chapter.3}% 67
\BOOKMARK [2][]{subsection.3.5.1}{\376\377\0003\000.\0005\000.\0001\000\040\153\143\140\001\151\202\163\207\176\270}{section.3.5}% 68
\BOOKMARK [2][]{subsection.3.5.2}{\376\377\0003\000.\0005\000.\0002\000\040\000W\150\300\232\214}{section.3.5}% 69
\BOOKMARK [2][]{subsection.3.5.3}{\376\377\0003\000.\0005\000.\0003\000\040\000E\000P\150\300\232\214}{section.3.5}% 70
\BOOKMARK [1][]{section.3.6}{\376\377\0003\000.\0006\000\040\227\136\123\302\145\160\150\300\232\214}{chapter.3}% 71
\BOOKMARK [2][]{subsection.3.6.1}{\376\377\0003\000.\0006\000.\0001\000\040\156\070\172\013\150\300\232\214}{section.3.6}% 72
\BOOKMARK [2][]{subsection.3.6.2}{\376\377\0003\000.\0006\000.\0002\000\040\173\046\123\367\150\300\232\214}{section.3.6}% 73
\BOOKMARK [2][]{subsection.3.6.3}{\376\377\0003\000.\0006\000.\0003\000\040\171\351\124\214\150\300\232\214}{section.3.6}% 74
\BOOKMARK [0][]{chapter.4}{\376\377\173\054\126\333\172\340\000\040\145\271\135\356\122\006\147\220\116\016\126\336\137\122\122\006\147\220}{}% 75
\BOOKMARK [1][]{section.4.1}{\376\377\0004\000.\0001\000\040\145\271\135\356\122\006\147\220}{chapter.4}% 76
\BOOKMARK [2][]{subsection.4.1.1}{\376\377\0004\000.\0001\000.\0001\000\040\225\356\230\230\166\204\143\320\121\372}{section.4.1}% 77
\BOOKMARK [2][]{subsection.4.1.2}{\376\377\0004\000.\0001\000.\0002\000\040\123\125\126\340\133\120\145\271\135\356\122\006\147\220\166\204\176\337\213\241\152\041\127\213}{section.4.1}% 78
\BOOKMARK [2][]{subsection.4.1.3}{\376\377\0004\000.\0001\000.\0003\000\040\136\163\145\271\124\214\122\006\211\343}{section.4.1}% 79
\BOOKMARK [2][]{subsection.4.1.4}{\376\377\0004\000.\0001\000.\0004\000\040\150\300\232\214\145\271\154\325}{section.4.1}% 80
\BOOKMARK [2][]{subsection.4.1.5}{\376\377\0004\000.\0001\000.\0005\000\040\123\302\145\160\117\060\213\241}{section.4.1}% 81
\BOOKMARK [2][]{subsection.4.1.6}{\376\377\0004\000.\0001\000.\0006\000\040\221\315\131\015\145\160\116\015\173\111\140\305\137\142}{section.4.1}% 82
\BOOKMARK [1][]{section.4.2}{\376\377\0004\000.\0002\000\040\131\032\221\315\153\324\217\203}{chapter.4}% 83
\BOOKMARK [2][]{subsection.4.2.1}{\376\377\0004\000.\0002\000.\0001\000\040\154\064\136\163\127\107\120\074\135\356\166\204\177\156\117\341\123\072\225\364}{section.4.2}% 84
\BOOKMARK [2][]{subsection.4.2.2}{\376\377\0004\000.\0002\000.\0002\000\040\131\032\221\315\153\324\217\203\225\356\230\230}{section.4.2}% 85
\BOOKMARK [2][]{subsection.4.2.3}{\376\377\0004\000.\0002\000.\0003\000\040\221\315\131\015\145\160\166\370\173\111\166\204\000T\154\325}{section.4.2}% 86
\BOOKMARK [2][]{subsection.4.2.4}{\376\377\0004\000.\0002\000.\0004\000\040\221\315\131\015\145\160\116\015\173\111\127\072\124\010\166\204\000S\154\325}{section.4.2}% 87
\BOOKMARK [1][]{section.4.3}{\376\377\0004\000.\0003\000\040\145\271\135\356\237\120\140\047\150\300\232\214}{chapter.4}% 88
\BOOKMARK [2][]{subsection.4.3.1}{\376\377\0004\000.\0003\000.\0001\000\040\000H\000a\000r\000t\000l\000e\000y\150\300\232\214}{section.4.3}% 89
\BOOKMARK [2][]{subsection.4.3.2}{\376\377\0004\000.\0003\000.\0002\000\040\000B\000a\000r\000t\000l\000e\000t\000t\150\300\232\214}{section.4.3}% 90
\BOOKMARK [2][]{subsection.4.3.3}{\376\377\0004\000.\0003\000.\0003\000\040\117\356\153\143\166\204\000B\000a\000r\000t\000l\000e\000t\000t\150\300\232\214}{section.4.3}% 91
\BOOKMARK [1][]{section.4.4}{\376\377\0004\000.\0004\000\040\116\000\121\103\176\277\140\047\126\336\137\122}{chapter.4}% 92
\BOOKMARK [2][]{subsection.4.4.1}{\376\377\0004\000.\0004\000.\0001\000\040\123\330\221\317\225\364\166\204\116\044\174\173\121\163\174\373}{section.4.4}% 93
\BOOKMARK [2][]{subsection.4.4.2}{\376\377\0004\000.\0004\000.\0002\000\040\116\000\121\103\176\277\140\047\126\336\137\122\152\041\127\213}{section.4.4}% 94
\BOOKMARK [2][]{subsection.4.4.3}{\376\377\0004\000.\0004\000.\0003\000\040\126\336\137\122\174\373\145\160\166\204\147\000\134\017\116\214\116\130\117\060\213\241}{section.4.4}% 95
\BOOKMARK [2][]{subsection.4.4.4}{\376\377\0004\000.\0004\000.\0004\000\040\126\336\137\122\152\041\127\213\166\204\146\076\204\127\140\047\150\300\232\214}{section.4.4}% 96
\BOOKMARK [2][]{subsection.4.4.5}{\376\377\0004\000.\0004\000.\0005\000\040\117\060\213\241\116\016\230\204\155\113}{section.4.4}% 97
\BOOKMARK [2][]{subsection.4.4.6}{\376\377\0004\000.\0004\000.\0006\000\040\146\362\176\277\126\336\137\122\145\271\172\013\166\204\153\324\217\203}{section.4.4}% 98
\BOOKMARK [0][]{appendix.A}{\376\377\000A\000\040\151\202\163\207\152\041\127\213}{}% 99
