\BOOKMARK [0][]{chapter.1}{\376\377\173\054\116\000\172\340\000\040\177\244}{}% 1
\BOOKMARK [1][]{section.1.1}{\376\377\0001\000.\0001\000\040\177\244\166\204\133\232\116\111}{chapter.1}% 2
\BOOKMARK [1][]{section.1.2}{\376\377\0001\000.\0002\000\040\177\244\166\204\117\213\133\120}{chapter.1}% 3
\BOOKMARK [1][]{section.1.3}{\376\377\0001\000.\0003\000\040\133\371\171\360\177\244}{chapter.1}% 4
\BOOKMARK [1][]{section.1.4}{\376\377\0001\000.\0004\000\040\133\120\177\244}{chapter.1}% 5
\BOOKMARK [1][]{section.1.5}{\376\377\0001\000.\0005\000\040\226\152\226\306}{chapter.1}% 6
\BOOKMARK [1][]{section.1.6}{\376\377\0001\000.\0006\000\040\177\244\166\204\124\014\147\204}{chapter.1}% 7
\BOOKMARK [1][]{section.1.7}{\376\377\0001\000.\0007\000\040\177\244\166\204\166\364\171\357}{chapter.1}% 8
\BOOKMARK [1][]{section.1.8}{\376\377\0001\000.\0008\000\040\177\244\124\014\140\001}{chapter.1}% 9
\BOOKMARK [1][]{section.1.9}{\376\377\0001\000.\0009\000\040\153\143\211\304\133\120\177\244}{chapter.1}% 10
\BOOKMARK [1][]{section.1.10}{\376\377\0001\000.\0001\0000\000\040\125\106\177\244}{chapter.1}% 11
\BOOKMARK [1][]{section.1.11}{\376\377\0001\000.\0001\0001\000\040\123\125\177\244\116\016\143\142\117\115\133\120\177\244}{chapter.1}% 12
\BOOKMARK [1][]{section.1.12}{\376\377\0001\000.\0001\0002\000\040\177\244\117\134\165\050}{chapter.1}% 13
\BOOKMARK [1][]{section.1.13}{\376\377\0001\000.\0001\0003\000\040\217\150\220\123\116\016\172\063\133\232\133\120}{chapter.1}% 14
\BOOKMARK [1][]{section.1.14}{\376\377\0001\000.\0001\0004\000\040\000S\000y\000l\000o\000w\133\232\164\006}{chapter.1}% 15
\BOOKMARK [1][]{section.1.15}{\376\377\0001\000.\0001\0005\000\040\147\011\226\120\000A\000b\000e\000l\177\244\166\204\176\323\147\204}{chapter.1}% 16
\BOOKMARK [0][]{chapter.2}{\376\377\173\054\116\214\172\340\000\040\163\257}{}% 17
\BOOKMARK [1][]{section.2.1}{\376\377\0002\000.\0001\000\040\163\257\166\204\133\232\116\111}{chapter.2}% 18
\BOOKMARK [1][]{section.2.2}{\376\377\0002\000.\0002\000\040\123\357\220\006\121\103\116\016\226\366\126\340\133\120}{chapter.2}% 19
\BOOKMARK [1][]{section.2.3}{\376\377\0002\000.\0003\000\040\145\340\226\366\126\340\133\120\163\257\060\001\145\164\163\257\060\001\226\144\163\257\116\016\127\337}{chapter.2}% 20
\BOOKMARK [1][]{section.2.4}{\376\377\0002\000.\0004\000\040\164\006\140\363}{chapter.2}% 21
\BOOKMARK [1][]{section.2.5}{\376\377\0002\000.\0005\000\040\163\257\166\204\124\014\140\001}{chapter.2}% 22
\BOOKMARK [1][]{section.2.6}{\376\377\0002\000.\0006\000\040\125\106\163\257}{chapter.2}% 23
\BOOKMARK [1][]{section.2.7}{\376\377\0002\000.\0007\000\040\163\257\166\204\166\364\124\214}{chapter.2}% 24
\BOOKMARK [1][]{section.2.8}{\376\377\0002\000.\0008\000\040\175\040\164\006\140\363\116\016\147\201\131\047\164\006\140\363}{chapter.2}% 25
\BOOKMARK [1][]{section.2.9}{\376\377\0002\000.\0009\000\040\147\011\226\120\127\337\166\204\147\204\220\040}{chapter.2}% 26
\BOOKMARK [1][]{section.2.10}{\376\377\0002\000.\0001\0000\000\040\116\343\145\160\145\160\127\337}{chapter.2}% 27
\BOOKMARK [1][]{section.2.11}{\376\377\0002\000.\0001\0001\000\040\000G\000a\000l\000o\000i\000s\163\257\166\204\147\204\220\040}{chapter.2}% 28
\BOOKMARK [0][]{chapter.3}{\376\377\173\054\116\011\172\340\000\040\145\164\163\257}{}% 29
\BOOKMARK [1][]{section.3.1}{\376\377\0003\000.\0001\000\040\145\164\226\144}{chapter.3}% 30
\BOOKMARK [1][]{section.3.2}{\376\377\0003\000.\0002\000\040\125\057\116\000\126\340\133\120\122\006\211\343\145\164\163\257}{chapter.3}% 31
\BOOKMARK [1][]{section.3.3}{\376\377\0003\000.\0003\000\040\116\073\164\006\140\363\145\164\163\257}{chapter.3}% 32
\BOOKMARK [1][]{section.3.4}{\376\377\0003\000.\0004\000\040\000E\000u\000c\000l\000i\000d\145\164\163\257}{chapter.3}% 33
\BOOKMARK [1][]{section.3.5}{\376\377\0003\000.\0005\000\040\122\006\137\017\127\337}{chapter.3}% 34
\BOOKMARK [0][]{chapter.4}{\376\377\173\054\126\333\172\340\000\040\127\337}{}% 35
\BOOKMARK [1][]{section.4.1}{\376\377\0004\000.\0001\000\040\127\337\142\151\137\040}{chapter.4}% 36
\BOOKMARK [1][]{section.4.2}{\376\377\0004\000.\0002\000\040\127\337\166\204\162\171\137\201}{chapter.4}% 37
\BOOKMARK [1][]{section.4.3}{\376\377\0004\000.\0003\000\040\123\125\142\151\137\040}{chapter.4}% 38
\BOOKMARK [1][]{section.4.4}{\376\377\0004\000.\0004\000\040\147\011\226\120\142\151\137\040\116\016\116\343\145\160\142\151\137\040}{chapter.4}% 39
\BOOKMARK [1][]{section.4.5}{\376\377\0004\000.\0005\000\040\122\006\210\302\127\337}{chapter.4}% 40
\BOOKMARK [1][]{section.4.6}{\376\377\0004\000.\0006\000\040\000G\000a\000l\000o\000i\000s\127\337}{chapter.4}% 41
\BOOKMARK [1][]{section.4.7}{\376\377\0004\000.\0007\000\040\000G\000a\000l\000o\000i\000s\177\244}{chapter.4}% 42
\BOOKMARK [1][]{section.4.8}{\376\377\0004\000.\0008\000\040\000G\000a\000l\000o\000i\000s\142\151\137\040}{chapter.4}% 43
\BOOKMARK [1][]{section.4.9}{\376\377\0004\000.\0009\000\040\000G\000a\000l\000o\000i\000s\127\372\147\054\133\232\164\006}{chapter.4}% 44
