\BOOKMARK [0][]{chapter.1}{\376\377\173\054\116\000\172\340\000\040\136\246\221\317\176\277\140\047\172\172\225\364}{}% 1
\BOOKMARK [1][]{section.1.1}{\376\377\0001\000.\0001\000\040\202\157\136\217\133\232\164\006\377\014\000Z\000o\000r\000n\137\025\164\006}{chapter.1}% 2
\BOOKMARK [2][]{subsection.1.1.1}{\376\377\0001\000.\0001\000.\0001\000\040\202\157\136\217\133\232\164\006}{section.1.1}% 3
\BOOKMARK [2][]{subsection.1.1.2}{\376\377\0001\000.\0001\000.\0002\000\040\000Z\000o\000r\000n\137\025\164\006}{section.1.1}% 4
\BOOKMARK [1][]{section.1.2}{\376\377\0001\000.\0002\000\040\176\277\140\047\172\172\225\364\377\014\000H\000a\000m\000e\000l\127\372}{chapter.1}% 5
\BOOKMARK [2][]{subsection.1.2.1}{\376\377\0001\000.\0002\000.\0001\000\040\176\277\140\047\172\172\225\364}{section.1.2}% 6
\BOOKMARK [2][]{subsection.1.2.2}{\376\377\0001\000.\0002\000.\0002\000\040\000H\000a\000m\000e\000l\127\372}{section.1.2}% 7
\BOOKMARK [1][]{section.1.3}{\376\377\0001\000.\0003\000\040\136\246\221\317\172\172\225\364}{chapter.1}% 8
\BOOKMARK [2][]{subsection.1.3.1}{\376\377\0001\000.\0003\000.\0001\000\040\136\246\221\317\172\172\225\364}{section.1.3}% 9
\BOOKMARK [2][]{subsection.1.3.2}{\376\377\0001\000.\0003\000.\0002\000\040\221\315\211\201\166\204\136\246\221\317\176\277\140\047\172\172\225\364}{section.1.3}% 10
\BOOKMARK [1][]{section.1.4}{\376\377\0001\000.\0004\000\040\136\246\221\317\142\323\142\121}{chapter.1}% 11
\BOOKMARK [2][]{subsection.1.4.1}{\376\377\0001\000.\0004\000.\0001\000\040\142\323\142\121\151\202\137\365}{section.1.4}% 12
\BOOKMARK [2][]{subsection.1.4.2}{\376\377\0001\000.\0004\000.\0002\000\040\172\040\133\306\140\047\116\016\123\357\122\006\140\047}{section.1.4}% 13
\BOOKMARK [1][]{section.1.5}{\376\377\0001\000.\0005\000\040\133\214\131\007\136\246\221\317\172\172\225\364}{chapter.1}% 14
\BOOKMARK [2][]{subsection.1.5.1}{\376\377\0001\000.\0005\000.\0001\000\040\133\214\131\007\172\172\225\364}{section.1.5}% 15
\BOOKMARK [2][]{subsection.1.5.2}{\376\377\0001\000.\0005\000.\0002\000\040\133\214\131\007\140\047\116\016\225\355\140\047}{section.1.5}% 16
\BOOKMARK [1][]{section.1.6}{\376\377\0001\000.\0006\000\040\175\047\201\364\140\047}{chapter.1}% 17
\BOOKMARK [2][]{subsection.1.6.1}{\376\377\0001\000.\0006\000.\0001\000\040\175\047\201\364\140\047}{section.1.6}% 18
\BOOKMARK [2][]{subsection.1.6.2}{\376\377\0001\000.\0006\000.\0002\000\040\124\014\173\111\217\336\176\355}{section.1.6}% 19
\BOOKMARK [1][]{section.1.7}{\376\377\0001\000.\0007\000\040\215\113\203\003\176\277\140\047\172\172\225\364}{chapter.1}% 20
\BOOKMARK [2][]{subsection.1.7.1}{\376\377\0001\000.\0007\000.\0001\000\040\203\003\145\160}{section.1.7}% 21
\BOOKMARK [2][]{subsection.1.7.2}{\376\377\0001\000.\0007\000.\0002\000\040\145\066\145\133\140\047}{section.1.7}% 22
\BOOKMARK [2][]{subsection.1.7.3}{\376\377\0001\000.\0007\000.\0003\000\040\176\277\140\047\173\227\133\120}{section.1.7}% 23
\BOOKMARK [1][]{section.1.8}{\376\377\0001\000.\0008\000\040\123\213\177\051\146\040\120\317\123\237\164\006}{chapter.1}% 24
\BOOKMARK [2][]{subsection.1.8.1}{\376\377\0001\000.\0008\000.\0001\000\040\123\213\177\051\146\040\120\317\123\237\164\006}{section.1.8}% 25
\BOOKMARK [2][]{subsection.1.8.2}{\376\377\0001\000.\0008\000.\0002\000\040\123\213\177\051\146\040\120\317\123\237\164\006\166\204\136\224\165\050}{section.1.8}% 26
\BOOKMARK [2][]{subsection.1.8.3}{\376\377\0001\000.\0008\000.\0003\000\040\000F\000r\000\351\000c\000h\000e\000t\133\374\145\160}{section.1.8}% 27
\BOOKMARK [1][]{section.1.9}{\376\377\0001\000.\0009\000\040\000l\000p\172\172\225\364}{chapter.1}% 28
\BOOKMARK [2][]{subsection.1.9.1}{\376\377\0001\000.\0009\000.\0001\000\040\000l\000p\172\172\225\364}{section.1.9}% 29
\BOOKMARK [2][]{subsection.1.9.2}{\376\377\0001\000.\0009\000.\0002\000\040\000l\000p\172\172\225\364\166\204\145\066\145\133\140\047}{section.1.9}% 30
\BOOKMARK [2][]{subsection.1.9.3}{\376\377\0001\000.\0009\000.\0003\000\040\000l\000p\172\172\225\364\166\204\133\214\131\007\140\047}{section.1.9}% 31
\BOOKMARK [2][]{subsection.1.9.4}{\376\377\0001\000.\0009\000.\0004\000\040\000l\000p\172\172\225\364\166\204\123\357\122\006\140\047}{section.1.9}% 32
\BOOKMARK [1][]{section.1.10}{\376\377\0001\000.\0001\0000\000\040\000L\000p\172\172\225\364}{chapter.1}% 33
\BOOKMARK [2][]{subsection.1.10.1}{\376\377\0001\000.\0001\0000\000.\0001\000\040\000L\000p\172\172\225\364}{section.1.10}% 34
\BOOKMARK [2][]{subsection.1.10.2}{\376\377\0001\000.\0001\0000\000.\0002\000\040\000L\000p\172\172\225\364\166\204\133\214\131\007\140\047}{section.1.10}% 35
\BOOKMARK [2][]{subsection.1.10.3}{\376\377\0001\000.\0001\0000\000.\0003\000\040\000L\000p\172\172\225\364\166\204\123\357\122\006\140\047}{section.1.10}% 36
\BOOKMARK [1][]{section.1.11}{\376\377\0001\000.\0001\0001\000\040\000s\172\172\225\364\377\014\000c\172\172\225\364\116\016\000S\000[\000a\000,\000b\000]\172\172\225\364\377\014\000C\000[\000a\000,\000b\000]\172\172\225\364}{chapter.1}% 37
\BOOKMARK [2][]{subsection.1.11.1}{\376\377\0001\000.\0001\0001\000.\0001\000\040\000s\172\172\225\364}{section.1.11}% 38
\BOOKMARK [2][]{subsection.1.11.2}{\376\377\0001\000.\0001\0001\000.\0002\000\040\000c\172\172\225\364}{section.1.11}% 39
\BOOKMARK [2][]{subsection.1.11.3}{\376\377\0001\000.\0001\0001\000.\0003\000\040\000S\000[\000a\000,\000b\000]\172\172\225\364}{section.1.11}% 40
\BOOKMARK [2][]{subsection.1.11.4}{\376\377\0001\000.\0001\0001\000.\0004\000\040\000C\000[\000a\000,\000b\000]\172\172\225\364}{section.1.11}% 41
\BOOKMARK [0][]{chapter.2}{\376\377\173\054\116\214\172\340\000\040\000H\000i\000l\000b\000e\000r\000t\172\172\225\364}{}% 42
\BOOKMARK [1][]{section.2.1}{\376\377\0002\000.\0001\000\040\121\205\171\357\172\172\225\364}{chapter.2}% 43
\BOOKMARK [2][]{subsection.2.1.1}{\376\377\0002\000.\0001\000.\0001\000\040\121\205\171\357}{section.2.1}% 44
\BOOKMARK [2][]{subsection.2.1.2}{\376\377\0002\000.\0001\000.\0002\000\040\153\143\116\244\140\047}{section.2.1}% 45
\BOOKMARK [2][]{subsection.2.1.3}{\376\377\0002\000.\0001\000.\0003\000\040\121\205\171\357\116\016\203\003\145\160}{section.2.1}% 46
\BOOKMARK [1][]{section.2.2}{\376\377\0002\000.\0002\000\040\153\143\211\304\153\143\116\244\127\372}{chapter.2}% 47
\BOOKMARK [1][]{section.2.3}{\376\377\0002\000.\0003\000\040\134\004\137\161\133\232\164\006\377\014\000F\000r\000e\000c\000h\000e\000t\000-\000R\000i\000e\000s\000z\210\150\163\260\133\232\164\006}{chapter.2}% 48
\BOOKMARK [2][]{subsection.2.3.1}{\376\377\0002\000.\0003\000.\0001\000\040\134\004\137\161\133\232\164\006}{section.2.3}% 49
\BOOKMARK [2][]{subsection.2.3.2}{\376\377\0002\000.\0003\000.\0002\000\040\000F\000r\000e\000c\000h\000e\000t\000-\000R\000i\000e\000s\000z\210\150\163\260\133\232\164\006}{section.2.3}% 50
\BOOKMARK [1][]{section.2.4}{\376\377\0002\000.\0004\000\040\000H\000i\000l\000b\000e\000r\000t\121\161\217\155\173\227\133\120\377\014\000L\000a\000x\000-\000M\000i\000l\000g\000r\000a\000m\133\232\164\006}{chapter.2}% 51
\BOOKMARK [2][]{subsection.2.4.1}{\376\377\0002\000.\0004\000.\0001\000\040\000H\000i\000l\000b\000e\000r\000t\121\161\217\155\173\227\133\120}{section.2.4}% 52
\BOOKMARK [2][]{subsection.2.4.2}{\376\377\0002\000.\0004\000.\0002\000\040\000L\000a\000x\000-\000M\000i\000l\000g\000r\000a\000m\133\232\164\006}{section.2.4}% 53
\BOOKMARK [0][]{chapter.3}{\376\377\173\054\116\011\172\340\000\040\000B\000a\000n\000a\000c\000h\172\172\225\364}{}% 54
\BOOKMARK [1][]{section.3.1}{\376\377\0003\000.\0001\000\040\147\011\165\114\176\277\140\047\173\227\133\120}{chapter.3}% 55
\BOOKMARK [2][]{subsection.3.1.1}{\376\377\0003\000.\0001\000.\0001\000\040\173\227\133\120\203\003\145\160}{section.3.1}% 56
\BOOKMARK [2][]{subsection.3.1.2}{\376\377\0003\000.\0001\000.\0002\000\040\147\011\165\114\176\277\140\047\173\227\133\120\172\172\225\364}{section.3.1}% 57
\BOOKMARK [2][]{subsection.3.1.3}{\376\377\0003\000.\0001\000.\0003\000\040\173\227\133\120\166\204\220\006}{section.3.1}% 58
\BOOKMARK [1][]{section.3.2}{\376\377\0003\000.\0002\000\040\000H\000a\000h\000n\000-\000B\000a\000n\000a\000c\000h\133\232\164\006}{chapter.3}% 59
\BOOKMARK [2][]{subsection.3.2.1}{\376\377\0003\000.\0002\000.\0001\000\040\000H\000a\000h\000n\000-\000B\000a\000n\000a\000c\000h\133\232\164\006}{section.3.2}% 60
\BOOKMARK [2][]{subsection.3.2.2}{\376\377\0003\000.\0002\000.\0002\000\040\142\225\137\161}{section.3.2}% 61
\BOOKMARK [1][]{section.3.3}{\376\377\0003\000.\0003\000\040\000B\000a\000i\000r\000e\176\262\143\250\164\006}{chapter.3}% 62
\BOOKMARK [2][]{subsection.3.3.1}{\376\377\0003\000.\0003\000.\0001\000\040\000B\000a\000i\000r\000e\176\262\133\232\164\006}{section.3.3}% 63
\BOOKMARK [2][]{subsection.3.3.2}{\376\377\0003\000.\0003\000.\0002\000\040\116\000\201\364\147\011\165\114\123\237\164\006}{section.3.3}% 64
\BOOKMARK [2][]{subsection.3.3.3}{\376\377\0003\000.\0003\000.\0003\000\040\137\000\146\040\134\004\133\232\164\006}{section.3.3}% 65
\BOOKMARK [2][]{subsection.3.3.4}{\376\377\0003\000.\0003\000.\0004\000\040\225\355\126\376\137\142\133\232\164\006}{section.3.3}% 66
\BOOKMARK [1][]{section.3.4}{\376\377\0003\000.\0004\000\040\133\371\120\166\172\172\225\364\000,\116\214\153\041\133\371\120\166\000,\201\352\123\315\172\172\225\364}{chapter.3}% 67
\BOOKMARK [2][]{subsection.3.4.1}{\376\377\0003\000.\0004\000.\0001\000\040\133\371\120\166\172\172\225\364}{section.3.4}% 68
\BOOKMARK [2][]{subsection.3.4.2}{\376\377\0003\000.\0004\000.\0002\000\040\116\214\153\041\133\371\120\166\172\172\225\364}{section.3.4}% 69
\BOOKMARK [2][]{subsection.3.4.3}{\376\377\0003\000.\0004\000.\0003\000\040\201\352\123\315\172\172\225\364}{section.3.4}% 70
\BOOKMARK [1][]{section.3.5}{\376\377\0003\000.\0005\000\040\000B\000a\000n\000a\000c\000h\121\161\217\155\173\227\133\120}{chapter.3}% 71
\BOOKMARK [0][]{appendix.A}{\376\377\000A\000\040\172\172\225\364}{}% 72
\BOOKMARK [0][]{appendix.B}{\376\377\000B\000\040\137\061\145\066\145\133\116\016\137\061\000*\145\066\145\133}{}% 73
\BOOKMARK [1][]{section.B.1}{\376\377\000B\000.\0001\000\040\137\061\145\066\145\133}{appendix.B}% 74
\BOOKMARK [1][]{section.B.2}{\376\377\000B\000.\0002\000\040\137\061\000*\145\066\145\133}{appendix.B}% 75
\BOOKMARK [0][]{appendix.C}{\376\377\000C\000\040\136\177\116\111\121\375\145\160}{}% 76
\BOOKMARK [0][]{appendix.D}{\376\377\000D\000\040\176\317\121\170\133\232\164\006}{}% 77
