\BOOKMARK [0][]{chapter.1}{\376\377\173\054\116\000\172\340\000\040\226\306\124\010\213\272\127\372\170\100}{}% 1
\BOOKMARK [1][]{section.1.1}{\376\377\0001\000.\0001\000\040\226\306\124\010\166\204\147\201\226\120}{chapter.1}% 2
\BOOKMARK [2][]{subsection.1.1.1}{\376\377\0001\000.\0001\000.\0001\000\040\116\343\145\160}{section.1.1}% 3
\BOOKMARK [2][]{subsection.1.1.2}{\376\377\0001\000.\0001\000.\0002\000\040\147\201\226\120}{section.1.1}% 4
\BOOKMARK [1][]{section.1.2}{\376\377\0001\000.\0002\000\040\226\306\124\010\166\204\127\372\145\160}{chapter.1}% 5
\BOOKMARK [1][]{section.1.3}{\376\377\0001\000.\0003\000\040\123\357\145\160\226\306\124\010}{chapter.1}% 6
\BOOKMARK [1][]{section.1.4}{\376\377\0001\000.\0004\000\040\116\015\123\357\145\160\226\306\124\010}{chapter.1}% 7
\BOOKMARK [0][]{chapter.2}{\376\377\173\054\116\214\172\340\000\040\153\047\137\017\142\323\142\121\127\372\170\100}{}% 8
\BOOKMARK [1][]{section.2.1}{\376\377\0002\000.\0001\000\040\153\047\137\017\142\323\142\121\116\055\160\271\166\204\176\323\147\204}{chapter.2}% 9
\BOOKMARK [1][]{section.2.2}{\376\377\0002\000.\0002\000\040\153\047\137\017\142\323\142\121\116\055\226\306\124\010\166\204\176\323\147\204}{chapter.2}% 10
\BOOKMARK [1][]{section.2.3}{\376\377\0002\000.\0003\000\040\153\047\137\017\142\323\142\121}{chapter.2}% 11
\BOOKMARK [1][]{section.2.4}{\376\377\0002\000.\0004\000\040\153\047\137\017\142\323\142\121\166\204\147\204\220\040}{chapter.2}% 12
\BOOKMARK [1][]{section.2.5}{\376\377\0002\000.\0005\000\040\153\047\137\017\215\335\171\273}{chapter.2}% 13
\BOOKMARK [1][]{section.2.6}{\376\377\0002\000.\0006\000\040\000C\000a\000n\000t\000o\000r\226\306}{chapter.2}% 14
\BOOKMARK [2][]{subsection.2.6.1}{\376\377\0002\000.\0006\000.\0001\000\040\000C\000a\000n\000t\000o\000r\226\306}{section.2.6}% 15
\BOOKMARK [2][]{subsection.2.6.2}{\376\377\0002\000.\0006\000.\0002\000\040\173\054\116\000\174\173\136\177\116\111\000C\000a\000n\000t\000o\000r\226\306}{section.2.6}% 16
\BOOKMARK [2][]{subsection.2.6.3}{\376\377\0002\000.\0006\000.\0003\000\040\173\054\116\214\174\173\136\177\116\111\000C\000a\000n\000t\000o\000r\226\306}{section.2.6}% 17
\BOOKMARK [2][]{subsection.2.6.4}{\376\377\0002\000.\0006\000.\0004\000\040\000C\000a\000n\000t\000o\000r\121\375\145\160}{section.2.6}% 18
\BOOKMARK [0][]{chapter.3}{\376\377\173\054\116\011\172\340\000\040\155\113\136\246\164\006\213\272}{}% 19
\BOOKMARK [1][]{section.3.1}{\376\377\0003\000.\0001\000\040\155\113\136\246\172\172\225\364}{chapter.3}% 20
\BOOKMARK [1][]{section.3.2}{\376\377\0003\000.\0002\000\040\000L\000e\000b\000e\000s\000g\000u\000e\116\343\145\160\116\016\000L\000e\000b\000e\000s\000g\000u\000e\155\113\136\246}{chapter.3}% 21
\BOOKMARK [2][]{subsection.3.2.1}{\376\377\0003\000.\0002\000.\0001\000\040\145\271\117\123\166\204\117\123\171\357}{section.3.2}% 22
\BOOKMARK [2][]{subsection.3.2.2}{\376\377\0003\000.\0002\000.\0002\000\040\137\000\226\306\166\204\117\123\171\357}{section.3.2}% 23
\BOOKMARK [2][]{subsection.3.2.3}{\376\377\0003\000.\0002\000.\0003\000\040\000L\000e\000b\000e\000s\000g\000u\000e\131\026\155\113\136\246}{section.3.2}% 24
\BOOKMARK [2][]{subsection.3.2.4}{\376\377\0003\000.\0002\000.\0004\000\040\000L\000e\000b\000e\000s\000g\000u\000e\121\205\155\113\136\246}{section.3.2}% 25
\BOOKMARK [2][]{subsection.3.2.5}{\376\377\0003\000.\0002\000.\0005\000\040\000L\000e\000b\000e\000s\000g\000u\000e\123\357\155\113\226\306}{section.3.2}% 26
\BOOKMARK [2][]{subsection.3.2.6}{\376\377\0003\000.\0002\000.\0006\000\040\000L\000e\000b\000e\000s\000g\000u\000e\155\113\136\246}{section.3.2}% 27
\BOOKMARK [2][]{subsection.3.2.7}{\376\377\0003\000.\0002\000.\0007\000\040\000V\000i\000t\000a\000l\000i\226\306}{section.3.2}% 28
\BOOKMARK [1][]{section.3.3}{\376\377\0003\000.\0003\000\040\000B\000o\000r\000e\000l\116\343\145\160}{chapter.3}% 29
\BOOKMARK [1][]{section.3.4}{\376\377\0003\000.\0004\000\040\000J\000o\000r\000d\000a\000n\155\113\136\246}{chapter.3}% 30
\BOOKMARK [2][]{subsection.3.4.1}{\376\377\0003\000.\0004\000.\0001\000\040\000J\000o\000r\000d\000a\000n\131\026\155\113\136\246}{section.3.4}% 31
\BOOKMARK [2][]{subsection.3.4.2}{\376\377\0003\000.\0004\000.\0002\000\040\000J\000o\000r\000d\000a\000n\121\205\155\113\136\246}{section.3.4}% 32
\BOOKMARK [2][]{subsection.3.4.3}{\376\377\0003\000.\0004\000.\0003\000\040\000J\000o\000r\000d\000a\000n\123\357\155\113\226\306}{section.3.4}% 33
\BOOKMARK [2][]{subsection.3.4.4}{\376\377\0003\000.\0004\000.\0004\000\040\000J\000o\000r\000d\000a\000n\155\113\136\246}{section.3.4}% 34
\BOOKMARK [2][]{subsection.3.4.5}{\376\377\0003\000.\0004\000.\0005\000\040\000L\000e\000b\000e\000s\000g\000u\000e\155\113\136\246\116\016\000J\000o\000r\000d\000a\000n\155\113\136\246\166\204\121\163\174\373}{section.3.4}% 35
\BOOKMARK [1][]{section.3.5}{\376\377\0003\000.\0005\000\040\116\130\171\357\172\172\225\364}{chapter.3}% 36
\BOOKMARK [1][]{section.3.6}{\376\377\0003\000.\0006\000\040\117\335\215\335\146\040\134\004}{chapter.3}% 37
\BOOKMARK [0][]{chapter.4}{\376\377\173\054\126\333\172\340\000\040\123\357\155\113\121\375\145\160}{}% 38
\BOOKMARK [1][]{section.4.1}{\376\377\0004\000.\0001\000\040\123\357\155\113\121\375\145\160}{chapter.4}% 39
\BOOKMARK [2][]{subsection.4.1.1}{\376\377\0004\000.\0001\000.\0001\000\040\123\357\155\113\121\375\145\160}{section.4.1}% 40
\BOOKMARK [2][]{subsection.4.1.2}{\376\377\0004\000.\0001\000.\0002\000\040\173\200\123\125\121\375\145\160}{section.4.1}% 41
\BOOKMARK [1][]{section.4.2}{\376\377\0004\000.\0002\000\040\000E\000g\000o\000r\000o\000v\133\232\164\006}{chapter.4}% 42
\BOOKMARK [1][]{section.4.3}{\376\377\0004\000.\0003\000\040\000L\000u\000z\000i\000n\133\232\164\006}{chapter.4}% 43
\BOOKMARK [1][]{section.4.4}{\376\377\0004\000.\0004\000\040\000L\000e\000b\000e\000s\000g\000u\000e\133\232\164\006\116\016\000R\000i\000e\000s\000z\133\232\164\006}{chapter.4}% 44
\BOOKMARK [0][]{chapter.5}{\376\377\173\054\116\224\172\340\000\040\171\357\122\006\164\006\213\272}{}% 45
\BOOKMARK [1][]{section.5.1}{\376\377\0005\000.\0001\000\040\227\136\215\037\121\375\145\160\166\204\171\357\122\006}{chapter.5}% 46
\BOOKMARK [2][]{subsection.5.1.1}{\376\377\0005\000.\0001\000.\0001\000\040\122\006\122\022\166\204\124\214\145\160}{section.5.1}% 47
\BOOKMARK [2][]{subsection.5.1.2}{\376\377\0005\000.\0001\000.\0002\000\040\122\006\122\022\166\204\173\200\123\125\121\375\145\160}{section.5.1}% 48
\BOOKMARK [2][]{subsection.5.1.3}{\376\377\0005\000.\0001\000.\0003\000\040\116\012\171\357\122\006\116\016\116\013\171\357\122\006}{section.5.1}% 49
\BOOKMARK [2][]{subsection.5.1.4}{\376\377\0005\000.\0001\000.\0004\000\040\227\136\215\037\123\357\155\113\121\375\145\160\166\204\171\357\122\006}{section.5.1}% 50
\BOOKMARK [2][]{subsection.5.1.5}{\376\377\0005\000.\0001\000.\0005\000\040\173\200\123\125\121\375\145\160\166\204\171\357\122\006}{section.5.1}% 51
\BOOKMARK [2][]{subsection.5.1.6}{\376\377\0005\000.\0001\000.\0006\000\040\000L\000e\000v\000i\133\232\164\006\060\001\000L\000e\000b\000e\000s\000g\000u\000e\127\372\147\054\133\232\164\006\116\016\000F\000a\000t\000o\000u\137\025\164\006}{section.5.1}% 52
\BOOKMARK [1][]{section.5.2}{\376\377\0005\000.\0002\000\040\123\357\171\357\121\375\145\160}{chapter.5}% 53
\BOOKMARK [2][]{subsection.5.2.1}{\376\377\0005\000.\0002\000.\0001\000\040\123\357\171\357\121\375\145\160}{section.5.2}% 54
\BOOKMARK [2][]{subsection.5.2.2}{\376\377\0005\000.\0002\000.\0002\000\040\171\357\122\006\176\335\133\371\217\336\176\355\140\047}{section.5.2}% 55
\BOOKMARK [2][]{subsection.5.2.3}{\376\377\0005\000.\0002\000.\0003\000\040\000L\000e\000b\000e\000s\000g\000u\000e\143\247\122\066\145\066\145\133\133\232\164\006\116\016\000L\000e\000b\000e\000s\000g\000u\000e\147\011\165\114\145\066\145\133\133\232\164\006}{section.5.2}% 56
\BOOKMARK [1][]{section.5.3}{\376\377\0005\000.\0003\000\040\000F\000u\000b\000i\000n\000i\133\232\164\006}{chapter.5}% 57
\BOOKMARK [1][]{section.5.4}{\376\377\0005\000.\0004\000\040\137\256\122\006\116\016\116\015\133\232\171\357\122\006}{chapter.5}% 58
\BOOKMARK [2][]{subsection.5.4.1}{\376\377\0005\000.\0004\000.\0001\000\040\000V\000i\000t\000a\000l\000i\211\206\166\326\137\025\164\006}{section.5.4}% 59
\BOOKMARK [2][]{subsection.5.4.2}{\376\377\0005\000.\0004\000.\0002\000\040\155\367\124\010\147\201\226\120}{section.5.4}% 60
\BOOKMARK [2][]{subsection.5.4.3}{\376\377\0005\000.\0004\000.\0003\000\040\000D\000i\000n\000i\133\374\145\160}{section.5.4}% 61
\BOOKMARK [2][]{subsection.5.4.4}{\376\377\0005\000.\0004\000.\0004\000\040\000L\000e\000b\000e\000s\000g\000u\000e\123\125\214\003\123\357\137\256\133\232\164\006}{section.5.4}% 62
\BOOKMARK [2][]{subsection.5.4.5}{\376\377\0005\000.\0004\000.\0005\000\040\147\011\165\114\123\330\135\356\121\375\145\160}{section.5.4}% 63
\BOOKMARK [2][]{subsection.5.4.6}{\376\377\0005\000.\0004\000.\0006\000\040\176\335\133\371\217\336\176\355\121\375\145\160}{section.5.4}% 64
\BOOKMARK [2][]{subsection.5.4.7}{\376\377\0005\000.\0004\000.\0007\000\040\122\006\220\350\171\357\122\006\154\325\116\016\123\330\221\317\146\377\143\142\121\154\137\017}{section.5.4}% 65
\BOOKMARK [0][]{appendix.A}{\376\377\000A\000\040\176\317\121\170\133\232\164\006}{}% 66
\BOOKMARK [1][]{section.A.1}{\376\377\000A\000.\0001\000\040\123\357\155\113\121\375\145\160\164\006\213\272}{appendix.A}% 67
\BOOKMARK [1][]{section.A.2}{\376\377\000A\000.\0002\000\040\171\357\122\006\164\006\213\272}{appendix.A}% 68
