\BOOKMARK [0][]{chapter.1}{\376\377\173\054\116\000\172\340\000\040\121\150\176\257\121\375\145\160}{}% 1
\BOOKMARK [1][]{section.1.1}{\376\377\0001\000.\0001\000\040\121\150\176\257\121\375\145\160}{chapter.1}% 2
\BOOKMARK [1][]{section.1.2}{\376\377\0001\000.\0002\000\040\000C\000a\000u\000c\000h\000y\000-\000R\000i\000e\000m\000a\000n\000n\145\271\172\013}{chapter.1}% 3
\BOOKMARK [1][]{section.1.3}{\376\377\0001\000.\0003\000\040\136\102\176\247\145\160}{chapter.1}% 4
\BOOKMARK [1][]{section.1.4}{\376\377\0001\000.\0004\000\040\146\362\176\277\171\357\122\006}{chapter.1}% 5
\BOOKMARK [0][]{chapter.2}{\376\377\173\054\116\214\172\340\000\040\000C\000a\000u\000c\000h\000y\171\357\122\006\133\232\164\006\116\016\136\224\165\050}{}% 6
\BOOKMARK [1][]{section.2.1}{\376\377\0002\000.\0001\000\040\000G\000o\000u\000r\000s\000a\000t\133\232\164\006}{chapter.2}% 7
\BOOKMARK [1][]{section.2.2}{\376\377\0002\000.\0002\000\040\000C\000a\000u\000c\000h\000y\171\357\122\006\133\232\164\006}{chapter.2}% 8
\BOOKMARK [1][]{section.2.3}{\376\377\0002\000.\0003\000\040\000C\000a\000u\000c\000h\000y\171\357\122\006\121\154\137\017}{chapter.2}% 9
\BOOKMARK [2][]{subsection.2.3.1}{\376\377\0002\000.\0003\000.\0001\000\040\000C\000a\000u\000c\000h\000y\171\357\122\006\121\154\137\017}{section.2.3}% 10
\BOOKMARK [2][]{subsection.2.3.2}{\376\377\0002\000.\0003\000.\0002\000\040\000T\000a\000y\000l\000o\000r\134\125\137\000}{section.2.3}% 11
\BOOKMARK [2][]{subsection.2.3.3}{\376\377\0002\000.\0003\000.\0003\000\040\226\366\160\271\133\232\164\006}{section.2.3}% 12
\BOOKMARK [1][]{section.2.4}{\376\377\0002\000.\0004\000\040\136\224\165\050}{chapter.2}% 13
\BOOKMARK [2][]{subsection.2.4.1}{\376\377\0002\000.\0004\000.\0001\000\040\000M\000o\000r\000e\000r\000a\133\232\164\006}{section.2.4}% 14
\BOOKMARK [2][]{subsection.2.4.2}{\376\377\0002\000.\0004\000.\0002\000\040\121\150\176\257\121\375\145\160\136\217\122\027}{section.2.4}% 15
\BOOKMARK [2][]{subsection.2.4.3}{\376\377\0002\000.\0004\000.\0003\000\040\165\061\171\357\122\006\133\232\116\111\166\204\121\150\176\257\121\375\145\160}{section.2.4}% 16
\BOOKMARK [2][]{subsection.2.4.4}{\376\377\0002\000.\0004\000.\0004\000\040\000S\000c\000h\000w\000a\000r\000z\123\315\134\004\133\232\164\006}{section.2.4}% 17
\BOOKMARK [2][]{subsection.2.4.5}{\376\377\0002\000.\0004\000.\0005\000\040\000R\000u\000n\000g\000e\217\321\117\074\133\232\164\006}{section.2.4}% 18
\BOOKMARK [0][]{chapter.3}{\376\377\173\054\116\011\172\340\000\040\000L\000a\000u\000r\000e\000n\000t\134\125\137\017}{}% 19
\BOOKMARK [1][]{section.3.1}{\376\377\0003\000.\0001\000\040\000L\000a\000u\000r\000e\000n\000t\134\125\137\017}{chapter.3}% 20
\BOOKMARK [1][]{section.3.2}{\376\377\0003\000.\0002\000\040\133\144\172\313\131\107\160\271}{chapter.3}% 21
\BOOKMARK [1][]{section.3.3}{\376\377\0003\000.\0003\000\040\165\131\145\160\121\154\137\017}{chapter.3}% 22
\BOOKMARK [1][]{section.3.4}{\376\377\0003\000.\0004\000\040\116\232\176\257\121\375\145\160}{chapter.3}% 23
\BOOKMARK [1][]{section.3.5}{\376\377\0003\000.\0005\000\040\217\220\211\322\123\237\164\006}{chapter.3}% 24
\BOOKMARK [1][]{section.3.6}{\376\377\0003\000.\0006\000\040\124\014\117\046\116\016\123\125\217\336\220\032\123\072\127\337}{chapter.3}% 25
\BOOKMARK [1][]{section.3.7}{\376\377\0003\000.\0007\000\040\131\015\133\371\145\160}{chapter.3}% 26
\BOOKMARK [0][]{appendix.A}{\376\377\000A\000\040\123\125\131\015\123\330\121\375\145\160\133\232\164\006\142\151\134\125}{}% 27
\BOOKMARK [0][]{appendix.B}{\376\377\000B\000\040\123\125\131\015\123\330\176\317\121\170\133\232\164\006}{}% 28
