\BOOKMARK [0][]{chapter.1}{\376\377\173\054\116\000\172\340\000\040\176\277\140\047\211\304\122\022}{}% 1
\BOOKMARK [1][]{section.1.1}{\376\377\0001\000.\0001\000\040\176\277\140\047\211\304\122\022\152\041\127\213}{chapter.1}% 2
\BOOKMARK [1][]{section.1.2}{\376\377\0001\000.\0002\000\040\123\357\210\114\123\072\127\337\116\016\127\372\147\054\123\357\210\114\211\343}{chapter.1}% 3
\BOOKMARK [2][]{subsection.1.2.1}{\376\377\0001\000.\0002\000.\0001\000\040\126\376\211\343\154\325}{section.1.2}% 4
\BOOKMARK [2][]{subsection.1.2.2}{\376\377\0001\000.\0002\000.\0002\000\040\123\357\210\114\123\072\127\337\166\204\121\340\117\125\176\323\147\204}{section.1.2}% 5
\BOOKMARK [2][]{subsection.1.2.3}{\376\377\0001\000.\0002\000.\0003\000\040\127\372\147\054\123\357\210\114\211\343\116\016\176\277\140\047\211\304\122\022\127\372\147\054\133\232\164\006}{section.1.2}% 6
\BOOKMARK [1][]{section.1.3}{\376\377\0001\000.\0003\000\040\123\125\176\257\137\142\145\271\154\325}{chapter.1}% 7
\BOOKMARK [2][]{subsection.1.3.1}{\376\377\0001\000.\0003\000.\0001\000\040\123\125\176\257\137\142\145\271\154\325}{section.1.3}% 8
\BOOKMARK [1][]{section.1.4}{\376\377\0001\000.\0004\000\040\122\035\131\313\211\343}{chapter.1}% 9
\BOOKMARK [1][]{section.1.5}{\376\377\0001\000.\0005\000\040\133\371\120\166\140\047\123\312\133\371\120\166\123\125\176\257\137\142\154\325}{chapter.1}% 10
\BOOKMARK [2][]{subsection.1.5.1}{\376\377\0001\000.\0005\000.\0001\000\040\133\371\120\166\176\277\140\047\211\304\122\022}{section.1.5}% 11
\BOOKMARK [2][]{subsection.1.5.2}{\376\377\0001\000.\0005\000.\0002\000\040\133\371\120\166\164\006\213\272}{section.1.5}% 12
\BOOKMARK [1][]{section.1.6}{\376\377\0001\000.\0006\000\040\160\165\145\117\136\246\122\006\147\220}{chapter.1}% 13
\BOOKMARK [2][]{subsection.1.6.1}{\376\377\0001\000.\0006\000.\0001\000\040\145\071\123\330\116\367\120\074\124\021\221\317}{section.1.6}% 14
\BOOKMARK [2][]{subsection.1.6.2}{\376\377\0001\000.\0006\000.\0002\000\040\145\071\123\330\123\363\172\357\124\021\221\317}{section.1.6}% 15
\BOOKMARK [0][]{chapter.2}{\376\377\173\054\116\214\172\340\000\040\145\164\145\160\176\277\140\047\211\304\122\022}{}% 16
\BOOKMARK [1][]{section.2.1}{\376\377\0002\000.\0001\000\040\145\164\145\160\176\277\140\047\211\304\122\022\225\356\230\230}{chapter.2}% 17
\BOOKMARK [1][]{section.2.2}{\376\377\0002\000.\0002\000\040\000G\000o\000m\000o\000r\000y\122\162\136\163\227\142\154\325}{chapter.2}% 18
\BOOKMARK [2][]{subsection.2.2.1}{\376\377\0002\000.\0002\000.\0001\000\040\000G\000o\000m\000o\000r\000y\122\162\136\163\227\142\154\325\166\204\127\372\147\054\140\035\140\363}{section.2.2}% 19
\BOOKMARK [2][]{subsection.2.2.2}{\376\377\0002\000.\0002\000.\0002\000\040\000G\000o\000m\000o\000r\000y\122\162\136\163\227\142\154\325\213\241\173\227\153\145\232\244}{section.2.2}% 20
\BOOKMARK [1][]{section.2.3}{\376\377\0002\000.\0003\000\040\122\006\147\235\133\232\165\114\154\325}{chapter.2}% 21
\BOOKMARK [0][]{chapter.3}{\376\377\173\054\116\011\172\340\000\040\227\136\176\277\140\047\211\304\122\022}{}% 22
\BOOKMARK [1][]{section.3.1}{\376\377\0003\000.\0001\000\040\127\372\147\054\151\202\137\365}{chapter.3}% 23
\BOOKMARK [2][]{subsection.3.1.1}{\376\377\0003\000.\0001\000.\0001\000\040\227\136\176\277\140\047\211\304\122\022\225\356\230\230}{section.3.1}% 24
\BOOKMARK [2][]{subsection.3.1.2}{\376\377\0003\000.\0001\000.\0002\000\040\227\136\176\277\140\047\211\304\122\022\145\271\154\325\151\202\217\360}{section.3.1}% 25
\BOOKMARK [1][]{section.3.2}{\376\377\0003\000.\0002\000\040\121\370\121\375\145\160\124\214\121\370\211\304\122\022}{chapter.3}% 26
\BOOKMARK [2][]{subsection.3.2.1}{\376\377\0003\000.\0002\000.\0001\000\040\121\370\121\375\145\160\123\312\121\166\140\047\215\050}{section.3.2}% 27
\BOOKMARK [2][]{subsection.3.2.2}{\376\377\0003\000.\0002\000.\0002\000\040\121\370\211\304\122\022\123\312\121\166\140\047\215\050}{section.3.2}% 28
\BOOKMARK [1][]{section.3.3}{\376\377\0003\000.\0003\000\040\116\000\176\364\144\034\175\042\145\271\154\325}{chapter.3}% 29
\BOOKMARK [2][]{subsection.3.3.1}{\376\377\0003\000.\0003\000.\0001\000\040\0000\000.\0006\0001\0008\154\325}{section.3.3}% 30
\BOOKMARK [2][]{subsection.3.3.2}{\376\377\0003\000.\0003\000.\0002\000\040\000N\000e\000w\000t\000o\000n\154\325}{section.3.3}% 31
\BOOKMARK [1][]{section.3.4}{\376\377\0003\000.\0004\000\040\145\340\176\246\147\137\147\000\117\030\123\026\145\271\154\325}{chapter.3}% 32
\BOOKMARK [2][]{subsection.3.4.1}{\376\377\0003\000.\0004\000.\0001\000\040\145\340\176\246\147\137\225\356\230\230\166\204\147\000\117\030\140\047\147\141\116\366}{section.3.4}% 33
\BOOKMARK [2][]{subsection.3.4.2}{\376\377\0003\000.\0004\000.\0002\000\040\147\000\220\037\116\013\226\115\154\325}{section.3.4}% 34
\BOOKMARK [2][]{subsection.3.4.3}{\376\377\0003\000.\0004\000.\0003\000\040\121\161\217\155\145\271\124\021\154\325}{section.3.4}% 35
\BOOKMARK [1][]{section.3.5}{\376\377\0003\000.\0005\000\040\176\246\147\137\147\000\117\030\123\026\145\271\154\325}{chapter.3}% 36
\BOOKMARK [2][]{subsection.3.5.1}{\376\377\0003\000.\0005\000.\0001\000\040\176\246\147\137\147\000\117\030\123\026\225\356\230\230\166\204\147\000\117\030\140\047\147\141\116\366}{section.3.5}% 37
\BOOKMARK [2][]{subsection.3.5.2}{\376\377\0003\000.\0005\000.\0002\000\040\173\200\176\246\150\257\136\246\154\325}{section.3.5}% 38
\BOOKMARK [2][]{subsection.3.5.3}{\376\377\0003\000.\0005\000.\0003\000\040\140\351\177\132\121\375\145\160\154\325}{section.3.5}% 39
\BOOKMARK [3][]{subsubsection.3.5.3.1}{\376\377\0003\000.\0005\000.\0003\000.\0001\000\040\177\132\121\375\145\160\154\325}{subsection.3.5.3}% 40
\BOOKMARK [3][]{subsubsection.3.5.3.2}{\376\377\0003\000.\0005\000.\0003\000.\0002\000\040\226\234\170\215\121\375\145\160\154\325}{subsection.3.5.3}% 41
\BOOKMARK [0][]{chapter.4}{\376\377\173\054\126\333\172\340\000\040\122\250\140\001\211\304\122\022}{}% 42
\BOOKMARK [1][]{section.4.1}{\376\377\0004\000.\0001\000\040\131\032\226\066\153\265\121\263\173\126\225\356\230\230}{chapter.4}% 43
\BOOKMARK [1][]{section.4.2}{\376\377\0004\000.\0002\000\040\147\000\117\030\123\026\123\237\164\006}{chapter.4}% 44
\BOOKMARK [1][]{section.4.3}{\376\377\0004\000.\0003\000\040\170\156\133\232\140\047\166\204\133\232\147\037\131\032\226\066\153\265\121\263\173\126\225\356\230\230}{chapter.4}% 45
\BOOKMARK [2][]{subsection.4.3.1}{\376\377\0004\000.\0003\000.\0001\000\040\220\022\143\250\154\325}{section.4.3}% 46
\BOOKMARK [2][]{subsection.4.3.2}{\376\377\0004\000.\0003\000.\0002\000\040\147\000\167\355\215\357\137\204\225\356\230\230}{section.4.3}% 47
\BOOKMARK [2][]{subsection.4.3.3}{\376\377\0004\000.\0003\000.\0003\000\040\145\305\210\114\125\056\215\047\124\130\225\356\230\230}{section.4.3}% 48
\BOOKMARK [2][]{subsection.4.3.4}{\376\377\0004\000.\0003\000.\0004\000\040\131\032\226\066\153\265\215\104\156\220\122\006\221\115\225\356\230\230}{section.4.3}% 49
\BOOKMARK [2][]{subsection.4.3.5}{\376\377\0004\000.\0003\000.\0005\000\040\123\357\227\140\140\047\225\356\230\230}{section.4.3}% 50
\BOOKMARK [1][]{section.4.4}{\376\377\0004\000.\0004\000\040\170\156\133\232\140\047\166\204\116\015\133\232\147\037\131\032\226\066\153\265\121\263\173\126\225\356\230\230}{chapter.4}% 51
\BOOKMARK [2][]{subsection.4.4.1}{\376\377\0004\000.\0004\000.\0001\000\040\147\000\117\030\176\277\215\357\225\356\230\230}{section.4.4}% 52
\BOOKMARK [0][]{chapter.5}{\376\377\173\054\116\224\172\340\000\040\126\376\116\016\177\121\176\334\122\006\147\220}{}% 53
\BOOKMARK [1][]{section.5.1}{\376\377\0005\000.\0001\000\040\126\376\166\204\127\372\147\054\151\202\137\365\116\016\167\351\226\065\210\150\171\072}{chapter.5}% 54
\BOOKMARK [2][]{subsection.5.1.1}{\376\377\0005\000.\0001\000.\0001\000\040\126\376\166\204\127\372\147\054\151\202\137\365}{section.5.1}% 55
\BOOKMARK [2][]{subsection.5.1.2}{\376\377\0005\000.\0001\000.\0002\000\040\126\376\166\204\121\163\200\124\167\351\226\065\116\016\220\273\143\245\167\351\226\065}{section.5.1}% 56
\BOOKMARK [2][]{subsection.5.1.3}{\376\377\0005\000.\0001\000.\0003\000\040\133\120\126\376}{section.5.1}% 57
\BOOKMARK [1][]{section.5.2}{\376\377\0005\000.\0002\000\040\126\376\166\204\217\336\220\032\140\047}{chapter.5}% 58
\BOOKMARK [2][]{subsection.5.2.1}{\376\377\0005\000.\0002\000.\0001\000\040\126\376\166\204\217\336\220\032}{section.5.2}% 59
\BOOKMARK [2][]{subsection.5.2.2}{\376\377\0005\000.\0002\000.\0002\000\040\126\376\166\204\122\162\226\306}{section.5.2}% 60
\BOOKMARK [1][]{section.5.3}{\376\377\0005\000.\0003\000\040\150\021\116\016\145\057\144\221\150\021}{chapter.5}% 61
\BOOKMARK [2][]{subsection.5.3.1}{\376\377\0005\000.\0003\000.\0001\000\040\150\021\123\312\121\166\127\372\147\054\140\047\215\050}{section.5.3}% 62
\BOOKMARK [2][]{subsection.5.3.2}{\376\377\0005\000.\0003\000.\0002\000\040\145\057\144\221\150\021\123\312\121\166\127\372\147\054\140\047\215\050}{section.5.3}% 63
\BOOKMARK [1][]{section.5.4}{\376\377\0005\000.\0004\000\040\147\000\134\017\150\021\225\356\230\230}{chapter.5}% 64
\BOOKMARK [2][]{subsection.5.4.1}{\376\377\0005\000.\0004\000.\0001\000\040\147\000\134\017\150\021\123\312\121\166\140\047\215\050}{section.5.4}% 65
\BOOKMARK [2][]{subsection.5.4.2}{\376\377\0005\000.\0004\000.\0002\000\040\000K\000r\000u\000s\000k\000a\000l\173\227\154\325}{section.5.4}% 66
\BOOKMARK [2][]{subsection.5.4.3}{\376\377\0005\000.\0004\000.\0003\000\040\000D\000i\000j\000k\000s\000t\000r\000a\173\227\154\325}{section.5.4}% 67
\BOOKMARK [1][]{section.5.5}{\376\377\0005\000.\0005\000\040\147\000\167\355\147\011\124\021\215\357\225\356\230\230}{chapter.5}% 68
\BOOKMARK [1][]{section.5.6}{\376\377\0005\000.\0006\000\040\147\000\131\047\155\101\225\356\230\230}{chapter.5}% 69
\BOOKMARK [0][]{chapter.6}{\376\377\173\054\121\155\172\340\000\040\143\222\226\037\213\272}{}% 70
\BOOKMARK [1][]{section.6.1}{\376\377\0006\000.\0001\000\040\127\372\147\054\152\041\127\213}{chapter.6}% 71
\BOOKMARK [1][]{section.6.2}{\376\377\0006\000.\0002\000\040\000M\000/\000M\000/\0001\000/\152\041\127\213}{chapter.6}% 72
\BOOKMARK [0][]{chapter.7}{\376\377\173\054\116\003\172\340\000\040\121\263\173\126\122\006\147\220}{}% 73
\BOOKMARK [1][]{section.7.1}{\376\377\0007\000.\0001\000\040\152\041\127\213\136\372\172\313}{chapter.7}% 74
\BOOKMARK [1][]{section.7.2}{\376\377\0007\000.\0002\000\040\230\316\226\151\127\213\121\263\173\126\122\006\147\220}{chapter.7}% 75
\BOOKMARK [1][]{section.7.3}{\376\377\0007\000.\0003\000\040\116\015\170\156\133\232\127\213\121\263\173\126\122\006\147\220}{chapter.7}% 76
\BOOKMARK [0][]{appendix.A}{\376\377\000A\000\040\147\037\147\053\131\015\116\140}{}% 77
\BOOKMARK [1][]{section.A.1}{\376\377\000A\000.\0001\000\040\130\153\172\172\116\016\122\044\145\255}{appendix.A}% 78
