\BOOKMARK [0][]{chapter.1}{\376\377\173\054\116\000\172\340\000\040\145\160\133\146\162\151\164\006\116\055\166\204\121\170\127\213\145\271\172\013}{}% 1
\BOOKMARK [1][]{section.1.1}{\376\377\0001\000.\0001\000\040\121\170\127\213\145\271\172\013}{chapter.1}% 2
\BOOKMARK [2][]{subsection.1.1.1}{\376\377\0001\000.\0001\000.\0001\000\040\133\232\211\343\225\356\230\230}{section.1.1}% 3
\BOOKMARK [2][]{subsection.1.1.2}{\376\377\0001\000.\0001\000.\0002\000\040\137\046\143\057\122\250\145\271\172\013}{section.1.1}% 4
\BOOKMARK [2][]{subsection.1.1.3}{\376\377\0001\000.\0001\000.\0003\000\040\160\355\117\040\133\374\145\271\172\013}{section.1.1}% 5
\BOOKMARK [2][]{subsection.1.1.4}{\376\377\0001\000.\0001\000.\0004\000\040\154\342\122\250\145\271\172\013}{section.1.1}% 6
\BOOKMARK [1][]{section.1.2}{\376\377\0001\000.\0002\000\040\120\117\137\256\122\006\145\271\172\013}{chapter.1}% 7
\BOOKMARK [1][]{section.1.3}{\376\377\0001\000.\0003\000\040\116\214\226\066\176\277\140\047\120\117\137\256\122\006\145\271\172\013\166\204\123\026\173\200\116\016\122\006\174\173}{chapter.1}% 8
\BOOKMARK [2][]{subsection.1.3.1}{\376\377\0001\000.\0003\000.\0001\000\040\116\214\121\103\116\214\226\066\176\277\140\047\120\117\137\256\122\006\145\271\172\013\166\204\123\026\173\200}{section.1.3}% 9
\BOOKMARK [2][]{subsection.1.3.2}{\376\377\0001\000.\0003\000.\0002\000\040\131\032\121\103\116\214\226\066\176\277\140\047\120\117\137\256\122\006\145\271\172\013\166\204\123\026\173\200}{section.1.3}% 10
\BOOKMARK [0][]{chapter.2}{\376\377\173\054\116\214\172\340\000\040\122\006\171\273\123\330\221\317\154\325}{}% 11
\BOOKMARK [1][]{section.2.1}{\376\377\0002\000.\0001\000\040\000F\000o\000u\000r\000i\000e\000r\176\247\145\160}{chapter.2}% 12
\BOOKMARK [2][]{subsection.2.1.1}{\376\377\0002\000.\0001\000.\0001\000\040\116\011\211\322\121\375\145\160\166\204\153\143\116\244\140\047}{section.2.1}% 13
\BOOKMARK [3][]{subsubsection.2.1.1.1}{\376\377\0002\000.\0001\000.\0001\000.\0001\000\040\116\345\123\072\225\364\225\177\136\246\116\072\124\150\147\037\166\204\116\011\211\322\121\375\145\160\166\204\153\143\116\244\140\047}{subsection.2.1.1}% 14
\BOOKMARK [3][]{subsubsection.2.1.1.2}{\376\377\0002\000.\0001\000.\0001\000.\0002\000\040\116\345\116\044\120\015\123\072\225\364\225\177\136\246\116\072\124\150\147\037\166\204\116\011\211\322\121\375\145\160\166\204\153\143\116\244\140\047}{subsection.2.1.1}% 15
\BOOKMARK [2][]{subsection.2.1.2}{\376\377\0002\000.\0001\000.\0002\000\040\000F\000o\000u\000r\000i\000e\000r\176\247\145\160}{section.2.1}% 16
\BOOKMARK [3][]{subsubsection.2.1.2.1}{\376\377\0002\000.\0001\000.\0002\000.\0001\000\040\116\345\123\072\225\364\225\177\136\246\116\072\124\150\147\037\166\204\000F\000o\000u\000r\000i\000e\000r\176\247\145\160}{subsection.2.1.2}% 17
\BOOKMARK [3][]{subsubsection.2.1.2.2}{\376\377\0002\000.\0001\000.\0002\000.\0002\000\040\116\345\116\044\120\015\123\072\225\364\225\177\136\246\116\072\124\150\147\037\166\204\000F\000o\000u\000r\000i\000e\000r\176\247\145\160}{subsection.2.1.2}% 18
\BOOKMARK [1][]{section.2.2}{\376\377\0002\000.\0002\000\040\000S\000t\000u\000r\000m\000-\000L\000i\000o\000u\000v\000i\000l\000l\000e\225\356\230\230}{chapter.2}% 19
\BOOKMARK [1][]{section.2.3}{\376\377\0002\000.\0003\000\040\122\006\171\273\123\330\221\317\154\325\154\102\211\343\137\046\143\057\122\250\145\271\172\013\116\016\160\355\117\040\133\374\145\271\172\013}{chapter.2}% 20
\BOOKMARK [2][]{subsection.2.3.1}{\376\377\0002\000.\0003\000.\0001\000\040\137\046\143\057\122\250\145\271\172\013}{section.2.3}% 21
\BOOKMARK [2][]{subsection.2.3.2}{\376\377\0002\000.\0003\000.\0002\000\040\160\355\117\040\133\374\145\271\172\013}{section.2.3}% 22
\BOOKMARK [1][]{section.2.4}{\376\377\0002\000.\0004\000\040\137\046\143\057\122\250\145\271\172\013}{chapter.2}% 23
\BOOKMARK [2][]{subsection.2.4.1}{\376\377\0002\000.\0004\000.\0001\000\040\237\120\153\041\217\271\165\114\147\141\116\366\237\120\153\041\145\271\172\013}{section.2.4}% 24
\BOOKMARK [2][]{subsection.2.4.2}{\376\377\0002\000.\0004\000.\0002\000\040\237\120\153\041\217\271\165\114\147\141\116\366\145\271\172\013}{section.2.4}% 25
\BOOKMARK [3][]{subsubsection.2.4.2.1}{\376\377\0002\000.\0004\000.\0002\000.\0001\000\040\237\120\153\041\123\026\123\237\164\006}{subsection.2.4.2}% 26
\BOOKMARK [3][]{subsubsection.2.4.2.2}{\376\377\0002\000.\0004\000.\0002\000.\0002\000\040\162\171\137\201\121\375\145\160\134\125\137\000\154\325}{subsection.2.4.2}% 27
\BOOKMARK [2][]{subsection.2.4.3}{\376\377\0002\000.\0004\000.\0003\000\040\116\000\202\054\145\271\172\013}{section.2.4}% 28
\BOOKMARK [1][]{section.2.5}{\376\377\0002\000.\0005\000\040\160\355\117\040\133\374\145\271\172\013}{chapter.2}% 29
\BOOKMARK [2][]{subsection.2.5.1}{\376\377\0002\000.\0005\000.\0001\000\040\237\120\153\041\217\271\165\114\147\141\116\366\237\120\153\041\145\271\172\013}{section.2.5}% 30
\BOOKMARK [2][]{subsection.2.5.2}{\376\377\0002\000.\0005\000.\0002\000\040\237\120\153\041\217\271\165\114\147\141\116\366\145\271\172\013}{section.2.5}% 31
\BOOKMARK [3][]{subsubsection.2.5.2.1}{\376\377\0002\000.\0005\000.\0002\000.\0001\000\040\237\120\153\041\123\026\123\237\164\006}{subsection.2.5.2}% 32
\BOOKMARK [3][]{subsubsection.2.5.2.2}{\376\377\0002\000.\0005\000.\0002\000.\0002\000\040\162\171\137\201\121\375\145\160\134\125\137\000\154\325}{subsection.2.5.2}% 33
\BOOKMARK [2][]{subsection.2.5.3}{\376\377\0002\000.\0005\000.\0003\000\040\116\000\202\054\145\271\172\013}{section.2.5}% 34
\BOOKMARK [2][]{subsection.2.5.4}{\376\377\0002\000.\0005\000.\0004\000\040\173\054\116\011\217\271\165\114\147\141\116\366\145\271\172\013}{section.2.5}% 35
\BOOKMARK [1][]{section.2.6}{\376\377\0002\000.\0006\000\040\000L\000a\000p\000l\000a\000c\000e\145\271\172\013}{chapter.2}% 36
\BOOKMARK [2][]{subsection.2.6.1}{\376\377\0002\000.\0006\000.\0001\000\040\167\351\137\142\123\072\127\337\116\012\166\204\000L\000a\000p\000l\000a\000c\000e\145\271\172\013}{section.2.6}% 37
\BOOKMARK [2][]{subsection.2.6.2}{\376\377\0002\000.\0006\000.\0002\000\040\000L\000a\000p\000l\000a\000c\000e\145\271\172\013\166\204\000D\000i\000r\000i\000c\000h\000l\000e\000t\225\356\230\230}{section.2.6}% 38
\BOOKMARK [0][]{chapter.3}{\376\377\173\054\116\011\172\340\000\040\171\357\122\006\123\330\143\142\154\325}{}% 39
\BOOKMARK [1][]{section.3.1}{\376\377\0003\000.\0001\000\040\000F\000o\000u\000r\000i\000e\000r\123\330\143\142\166\204\164\006\213\272\127\372\170\100\116\016\127\372\147\054\140\047\215\050}{chapter.3}% 40
\BOOKMARK [1][]{section.3.2}{\376\377\0003\000.\0002\000\040\000F\000o\000u\000r\000i\000e\000r\123\330\143\142\166\204\136\224\165\050}{chapter.3}% 41
\BOOKMARK [2][]{subsection.3.2.1}{\376\377\0003\000.\0002\000.\0001\000\040\160\355\117\040\133\374\145\271\172\013}{section.3.2}% 42
\BOOKMARK [3][]{subsubsection.3.2.1.1}{\376\377\0003\000.\0002\000.\0001\000.\0001\000\040\237\120\153\041\160\355\117\040\133\374\145\271\172\013}{subsection.3.2.1}% 43
\BOOKMARK [3][]{subsubsection.3.2.1.2}{\376\377\0003\000.\0002\000.\0001\000.\0002\000\040\227\136\237\120\153\041\160\355\117\040\133\374\145\271\172\013}{subsection.3.2.1}% 44
\BOOKMARK [3][]{subsubsection.3.2.1.3}{\376\377\0003\000.\0002\000.\0001\000.\0003\000\040\123\112\145\340\165\114\225\356\230\230}{subsection.3.2.1}% 45
\BOOKMARK [3][]{subsubsection.3.2.1.4}{\376\377\0003\000.\0002\000.\0001\000.\0004\000\040\116\011\176\364\160\355\117\040\133\374\145\271\172\013}{subsection.3.2.1}% 46
\BOOKMARK [2][]{subsection.3.2.2}{\376\377\0003\000.\0002\000.\0002\000\040\154\342\122\250\145\271\172\013}{section.3.2}% 47
\BOOKMARK [3][]{subsubsection.3.2.2.1}{\376\377\0003\000.\0002\000.\0002\000.\0001\000\040\237\120\153\041\154\342\122\250\145\271\172\013}{subsection.3.2.2}% 48
\BOOKMARK [3][]{subsubsection.3.2.2.2}{\376\377\0003\000.\0002\000.\0002\000.\0002\000\040\227\136\237\120\153\041\154\342\122\250\145\271\172\013}{subsection.3.2.2}% 49
\BOOKMARK [3][]{subsubsection.3.2.2.3}{\376\377\0003\000.\0002\000.\0002\000.\0003\000\040\123\112\145\340\165\114\225\356\230\230}{subsection.3.2.2}% 50
\BOOKMARK [2][]{subsection.3.2.3}{\376\377\0003\000.\0002\000.\0003\000\040\000L\000a\000p\000l\000a\000c\000e\145\271\172\013}{section.3.2}% 51
\BOOKMARK [1][]{section.3.3}{\376\377\0003\000.\0003\000\040\000L\000a\000p\000l\000a\000c\000e\123\330\143\142\166\204\137\025\121\145\116\016\136\224\165\050}{chapter.3}% 52
\BOOKMARK [2][]{subsection.3.3.1}{\376\377\0003\000.\0003\000.\0001\000\040\000L\000a\000p\000l\000a\000c\000e\123\330\143\142\166\204\137\025\121\145}{section.3.3}% 53
\BOOKMARK [2][]{subsection.3.3.2}{\376\377\0003\000.\0003\000.\0002\000\040\000L\000a\000p\000l\000a\000c\000e\123\330\143\142\166\204\136\224\165\050}{section.3.3}% 54
\BOOKMARK [0][]{chapter.4}{\376\377\173\054\126\333\172\340\000\040\154\342\122\250\145\271\172\013}{}% 55
\BOOKMARK [1][]{section.4.1}{\376\377\0004\000.\0001\000\040\116\000\176\364\154\342\122\250\145\271\172\013\166\204\162\171\137\201\176\277\154\325}{chapter.4}% 56
\BOOKMARK [2][]{subsection.4.1.1}{\376\377\0004\000.\0001\000.\0001\000\040\237\120\153\041\154\342\122\250\145\271\172\013}{section.4.1}% 57
\BOOKMARK [2][]{subsection.4.1.2}{\376\377\0004\000.\0001\000.\0002\000\040\237\120\153\041\154\342\122\250\145\271\172\013\211\343\166\204\140\047\215\050}{section.4.1}% 58
\BOOKMARK [2][]{subsection.4.1.3}{\376\377\0004\000.\0001\000.\0003\000\040\237\120\153\041\154\342\122\250\145\271\172\013\166\204\136\177\116\111\211\343}{section.4.1}% 59
\BOOKMARK [2][]{subsection.4.1.4}{\376\377\0004\000.\0001\000.\0004\000\040\000D\000'\000A\000l\000e\000m\000b\000e\000r\000t\121\154\137\017\166\204\162\151\164\006\141\017\116\111}{section.4.1}% 60
\BOOKMARK [2][]{subsection.4.1.5}{\376\377\0004\000.\0001\000.\0005\000\040\000D\000'\000A\000l\000e\000m\000b\000e\000r\000t\121\154\137\017\166\204\217\333\116\000\153\145\140\035\200\003}{section.4.1}% 61
\BOOKMARK [1][]{section.4.2}{\376\377\0004\000.\0002\000\040\116\011\176\364\154\342\122\250\145\271\172\013\166\204\164\003\227\142\136\163\127\107\154\325}{chapter.4}% 62
\BOOKMARK [2][]{subsection.4.2.1}{\376\377\0004\000.\0002\000.\0001\000\040\237\120\153\041\154\342\122\250\145\271\172\013}{section.4.2}% 63
\BOOKMARK [2][]{subsection.4.2.2}{\376\377\0004\000.\0002\000.\0002\000\040\227\136\237\120\153\041\154\342\122\250\145\271\172\013}{section.4.2}% 64
\BOOKMARK [2][]{subsection.4.2.3}{\376\377\0004\000.\0002\000.\0003\000\040\117\235\215\126\123\072\127\337\060\001\121\263\133\232\123\072\127\337\060\001\137\161\124\315\123\072\127\337}{section.4.2}% 65
\BOOKMARK [1][]{section.4.3}{\376\377\0004\000.\0003\000\040\116\214\176\364\154\342\122\250\145\271\172\013\166\204\226\115\176\364\154\325}{chapter.4}% 66
\BOOKMARK [2][]{subsection.4.3.1}{\376\377\0004\000.\0003\000.\0001\000\040\237\120\153\041\154\342\122\250\145\271\172\013}{section.4.3}% 67
\BOOKMARK [2][]{subsection.4.3.2}{\376\377\0004\000.\0003\000.\0002\000\040\227\136\237\120\153\041\154\342\122\250\145\271\172\013}{section.4.3}% 68
\BOOKMARK [2][]{subsection.4.3.3}{\376\377\0004\000.\0003\000.\0003\000\040\117\235\215\126\123\072\127\337\060\001\121\263\133\232\123\072\127\337\060\001\137\161\124\315\123\072\127\337}{section.4.3}% 69
\BOOKMARK [1][]{section.4.4}{\376\377\0004\000.\0004\000\040\200\375\221\317\171\357\122\006}{chapter.4}% 70
\BOOKMARK [2][]{subsection.4.4.1}{\376\377\0004\000.\0004\000.\0001\000\040\200\375\221\317\116\015\173\111\137\017}{section.4.4}% 71
\BOOKMARK [2][]{subsection.4.4.2}{\376\377\0004\000.\0004\000.\0002\000\040\211\343\133\371\122\035\120\074\147\141\116\366\166\204\217\336\176\355\117\235\215\126\140\047}{section.4.4}% 72
\BOOKMARK [0][]{chapter.5}{\376\377\173\054\116\224\172\340\000\040\151\055\127\006\127\213\145\271\172\013}{}% 73
\BOOKMARK [1][]{section.5.1}{\376\377\0005\000.\0001\000\040\214\003\124\214\121\375\145\160}{chapter.5}% 74
\BOOKMARK [1][]{section.5.2}{\376\377\0005\000.\0002\000\040\214\003\124\214\121\375\145\160\166\204\127\372\147\054\140\047\215\050}{chapter.5}% 75
\BOOKMARK [2][]{subsection.5.2.1}{\376\377\0005\000.\0002\000.\0001\000\040\000N\000e\000u\000m\000a\000n\000n\225\356\230\230\147\011\211\343\166\204\173\111\116\367\147\141\116\366}{section.5.2}% 76
\BOOKMARK [2][]{subsection.5.2.2}{\376\377\0005\000.\0002\000.\0002\000\040\136\163\127\107\120\074\140\047\215\050}{section.5.2}% 77
\BOOKMARK [2][]{subsection.5.2.3}{\376\377\0005\000.\0002\000.\0003\000\040\147\201\120\074\123\237\164\006}{section.5.2}% 78
\BOOKMARK [1][]{section.5.3}{\376\377\0005\000.\0003\000\040\000G\000r\000e\000e\000n\121\375\145\160}{chapter.5}% 79
\BOOKMARK [2][]{subsection.5.3.1}{\376\377\0005\000.\0003\000.\0001\000\040\000G\000r\000e\000e\000n\121\154\137\017}{section.5.3}% 80
\BOOKMARK [2][]{subsection.5.3.2}{\376\377\0005\000.\0003\000.\0002\000\040\162\171\153\212\123\072\127\337\116\012\166\204\000G\000r\000e\000e\000n\121\154\137\017}{section.5.3}% 81
\BOOKMARK [2][]{subsection.5.3.3}{\376\377\0005\000.\0003\000.\0003\000\040\116\214\176\364\225\356\230\230}{section.5.3}% 82
\BOOKMARK [1][]{section.5.4}{\376\377\0005\000.\0004\000\040\214\003\124\214\121\375\145\160\166\204\217\333\116\000\153\145\140\047\215\050\040\024\040\024\000P\000o\000i\000s\000s\000o\000n\121\154\137\017\166\204\136\224\165\050}{chapter.5}% 83
\BOOKMARK [0][]{chapter.6}{\376\377\173\054\121\155\172\340\000\040\142\233\162\151\127\213\145\271\172\013}{}% 84
\BOOKMARK [1][]{section.6.1}{\376\377\0006\000.\0001\000\040\237\120\153\041\160\355\117\040\133\374\145\271\172\013\166\204\147\201\120\074\123\237\164\006}{chapter.6}% 85
\BOOKMARK [1][]{section.6.2}{\376\377\0006\000.\0002\000\040\160\355\117\040\133\374\145\271\172\013\155\367\124\010\225\356\230\230\166\204\220\002\133\232\140\047}{chapter.6}% 86
\BOOKMARK [1][]{section.6.3}{\376\377\0006\000.\0003\000\040\160\355\117\040\133\374\145\271\172\013\147\357\211\177\225\356\230\230\166\204\220\002\133\232\140\047}{chapter.6}% 87
\BOOKMARK [0][]{chapter.7}{\376\377\173\054\116\003\172\340\000\040\127\372\147\054\211\343\116\016\211\343\166\204\171\357\122\006\210\150\217\276\137\017}{}% 88
\BOOKMARK [1][]{section.7.1}{\376\377\0007\000.\0001\000\040\136\177\116\111\121\375\145\160\123\312\121\166\140\047\215\050}{chapter.7}% 89
\BOOKMARK [2][]{subsection.7.1.1}{\376\377\0007\000.\0001\000.\0001\000\040\136\177\116\111\121\375\145\160\116\016\121\375\145\160\166\204\137\025\121\372}{section.7.1}% 90
\BOOKMARK [2][]{subsection.7.1.2}{\376\377\0007\000.\0001\000.\0002\000\040\136\177\116\111\121\375\145\160\116\016\121\375\145\160\166\204\127\372\147\054\140\047\215\050}{section.7.1}% 91
\BOOKMARK [2][]{subsection.7.1.3}{\376\377\0007\000.\0001\000.\0003\000\040\136\177\116\111\121\375\145\160\166\204\133\374\145\160}{section.7.1}% 92
\BOOKMARK [2][]{subsection.7.1.4}{\376\377\0007\000.\0001\000.\0004\000\040\136\177\116\111\121\375\145\160\166\204\123\167\171\357}{section.7.1}% 93
\BOOKMARK [1][]{section.7.2}{\376\377\0007\000.\0002\000\040\127\372\147\054\211\343\116\016\211\343\166\204\171\357\122\006\210\150\217\276\137\017}{chapter.7}% 94
\BOOKMARK [2][]{subsection.7.2.1}{\376\377\0007\000.\0002\000.\0001\000\040\000L\000\050\000u\000\051\000=\0000\127\213\145\271\172\013\166\204\127\372\147\054\211\343}{section.7.2}% 95
\BOOKMARK [2][]{subsection.7.2.2}{\376\377\0007\000.\0002\000.\0002\000\040\000u\000t\000=\000L\000\050\000u\000\051\127\213\145\271\172\013\166\204\127\372\147\054\211\343}{section.7.2}% 96
\BOOKMARK [2][]{subsection.7.2.3}{\376\377\0007\000.\0002\000.\0003\000\040\000u\000t\000t\000=\000L\000\050\000u\000\051\127\213\145\271\172\013\166\204\127\372\147\054\211\343}{section.7.2}% 97
\BOOKMARK [0][]{appendix.A}{\376\377\000A\000\040\147\037\147\053\131\015\116\140}{}% 98
\BOOKMARK [1][]{section.A.1}{\376\377\000A\000.\0001\000\040\130\153\172\172\230\230}{appendix.A}% 99
\BOOKMARK [2][]{subsection.A.1.1}{\376\377\000A\000.\0001\000.\0001\000\040\116\214\121\103\116\214\226\066\176\277\140\047\120\117\137\256\122\006\145\271\172\013\166\204\122\006\174\173}{section.A.1}% 100
\BOOKMARK [2][]{subsection.A.1.2}{\376\377\000A\000.\0001\000.\0002\000\040\173\200\123\125\116\214\121\103\116\214\226\066\176\277\140\047\120\117\137\256\122\006\145\271\172\013\166\204\220\032\211\343}{section.A.1}% 101
\BOOKMARK [2][]{subsection.A.1.3}{\376\377\000A\000.\0001\000.\0003\000\040\116\000\176\364\137\046\143\057\122\250\145\271\172\013\166\204\220\032\211\343}{section.A.1}% 102
\BOOKMARK [2][]{subsection.A.1.4}{\376\377\000A\000.\0001\000.\0004\000\040\162\171\137\201\120\074\225\356\230\230}{section.A.1}% 103
\BOOKMARK [2][]{subsection.A.1.5}{\376\377\000A\000.\0001\000.\0005\000\040\000F\000o\000u\000r\000i\000e\000r\123\330\143\142}{section.A.1}% 104
\BOOKMARK [2][]{subsection.A.1.6}{\376\377\000A\000.\0001\000.\0006\000\040\000L\000a\000p\000l\000a\000c\000e\123\330\143\142}{section.A.1}% 105
\BOOKMARK [2][]{subsection.A.1.7}{\376\377\000A\000.\0001\000.\0007\000\040\123\167\171\357}{section.A.1}% 106
\BOOKMARK [2][]{subsection.A.1.8}{\376\377\000A\000.\0001\000.\0008\000\040\000D\000'\000A\000l\000e\000m\000b\000e\000r\000t\121\154\137\017}{section.A.1}% 107
\BOOKMARK [2][]{subsection.A.1.9}{\376\377\000A\000.\0001\000.\0009\000\040\117\235\215\126\123\072\225\364}{section.A.1}% 108
\BOOKMARK [2][]{subsection.A.1.10}{\376\377\000A\000.\0001\000.\0001\0000\000\040\000G\000r\000e\000e\000n\121\154\137\017}{section.A.1}% 109
\BOOKMARK [2][]{subsection.A.1.11}{\376\377\000A\000.\0001\000.\0001\0001\000\040\214\003\124\214\121\375\145\160\166\204\127\372\147\054\211\343}{section.A.1}% 110
\BOOKMARK [2][]{subsection.A.1.12}{\376\377\000A\000.\0001\000.\0001\0002\000\040\214\003\124\214\121\375\145\160\166\204\171\357\122\006\210\150\217\276\137\017}{section.A.1}% 111
\BOOKMARK [2][]{subsection.A.1.13}{\376\377\000A\000.\0001\000.\0001\0003\000\040\164\003\227\142\136\163\127\107\120\074\121\154\137\017}{section.A.1}% 112
\BOOKMARK [1][]{section.A.2}{\376\377\000A\000.\0002\000\040\225\356\173\124\230\230}{appendix.A}% 113
\BOOKMARK [2][]{subsection.A.2.1}{\376\377\000A\000.\0002\000.\0001\000\040\116\214\121\103\116\214\226\066\176\277\140\047\120\117\137\256\122\006\145\271\172\013\166\204\123\026\173\200}{section.A.2}% 114
\BOOKMARK [2][]{subsection.A.2.2}{\376\377\000A\000.\0002\000.\0002\000\040\162\171\137\201\120\074\225\356\230\230}{section.A.2}% 115
\BOOKMARK [2][]{subsection.A.2.3}{\376\377\000A\000.\0002\000.\0003\000\040\122\006\171\273\123\330\221\317\154\325}{section.A.2}% 116
\BOOKMARK [2][]{subsection.A.2.4}{\376\377\000A\000.\0002\000.\0004\000\040\127\006\127\337\116\012\166\204\000L\000a\000p\000l\000a\000c\000e\145\271\172\013}{section.A.2}% 117
\BOOKMARK [2][]{subsection.A.2.5}{\376\377\000A\000.\0002\000.\0005\000\040\000F\000o\000u\000r\000i\000e\000r\123\330\143\142}{section.A.2}% 118
\BOOKMARK [2][]{subsection.A.2.6}{\376\377\000A\000.\0002\000.\0006\000\040\116\011\176\364\154\342\122\250\145\271\172\013}{section.A.2}% 119
\BOOKMARK [2][]{subsection.A.2.7}{\376\377\000A\000.\0002\000.\0007\000\040\214\003\124\214\121\375\145\160\166\204\133\232\116\111}{section.A.2}% 120
\BOOKMARK [2][]{subsection.A.2.8}{\376\377\000A\000.\0002\000.\0008\000\040\000G\000r\000e\000e\000n\121\375\145\160\166\204\127\372\147\054\140\047\215\050}{section.A.2}% 121
\BOOKMARK [1][]{section.A.3}{\376\377\000A\000.\0003\000\040\176\317\121\170\145\271\172\013}{appendix.A}% 122
