\BOOKMARK [0][]{chapter.1}{\376\377\173\054\116\000\172\340\000\040\133\236\145\160\117\123\174\373\166\204\147\204\220\040}{}% 1
\BOOKMARK [1][]{section.1.1}{\376\377\0001\000.\0001\000\040\000P\000e\000a\000n\000o\121\154\164\006}{chapter.1}% 2
\BOOKMARK [2][]{subsection.1.1.1}{\376\377\0001\000.\0001\000.\0001\000\040\166\370\173\111}{section.1.1}% 3
\BOOKMARK [2][]{subsection.1.1.2}{\376\377\0001\000.\0001\000.\0002\000\040\201\352\161\066\145\160}{section.1.1}% 4
\BOOKMARK [1][]{section.1.2}{\376\377\0001\000.\0002\000\040\122\240\154\325}{chapter.1}% 5
\BOOKMARK [2][]{subsection.1.2.1}{\376\377\0001\000.\0002\000.\0001\000\040\122\240\154\325}{section.1.2}% 6
\BOOKMARK [2][]{subsection.1.2.2}{\376\377\0001\000.\0002\000.\0002\000\040\201\352\161\066\145\160\166\204\136\217}{section.1.2}% 7
\BOOKMARK [1][]{section.1.3}{\376\377\0001\000.\0003\000\040\116\130\154\325}{chapter.1}% 8
\BOOKMARK [1][]{section.1.4}{\376\377\0001\000.\0004\000\040\145\164\145\160}{chapter.1}% 9
\BOOKMARK [2][]{subsection.1.4.1}{\376\377\0001\000.\0004\000.\0001\000\040\145\164\145\160}{section.1.4}% 10
\BOOKMARK [2][]{subsection.1.4.2}{\376\377\0001\000.\0004\000.\0002\000\040\145\164\145\160\166\204\136\217}{section.1.4}% 11
\BOOKMARK [1][]{section.1.5}{\376\377\0001\000.\0005\000\040\153\324\117\213\145\160}{chapter.1}% 12
\BOOKMARK [2][]{subsection.1.5.1}{\376\377\0001\000.\0005\000.\0001\000\040\153\324\117\213\145\160}{section.1.5}% 13
\BOOKMARK [2][]{subsection.1.5.2}{\376\377\0001\000.\0005\000.\0002\000\040\153\324\117\213\145\160\166\204\126\333\122\031\217\320\173\227}{section.1.5}% 14
\BOOKMARK [2][]{subsection.1.5.3}{\376\377\0001\000.\0005\000.\0003\000\040\153\324\117\213\145\160\166\204\136\217}{section.1.5}% 15
\BOOKMARK [1][]{section.1.6}{\376\377\0001\000.\0006\000\040\133\236\145\160}{chapter.1}% 16
\BOOKMARK [2][]{subsection.1.6.1}{\376\377\0001\000.\0006\000.\0001\000\040\176\335\133\371\120\074}{section.1.6}% 17
\BOOKMARK [2][]{subsection.1.6.2}{\376\377\0001\000.\0006\000.\0002\000\040\000C\000a\000u\000c\000h\000y\136\217\122\027}{section.1.6}% 18
\BOOKMARK [2][]{subsection.1.6.3}{\376\377\0001\000.\0006\000.\0003\000\040\133\236\145\160}{section.1.6}% 19
\BOOKMARK [2][]{subsection.1.6.4}{\376\377\0001\000.\0006\000.\0004\000\040\133\236\145\160\166\204\126\333\122\031\217\320\173\227}{section.1.6}% 20
\BOOKMARK [2][]{subsection.1.6.5}{\376\377\0001\000.\0006\000.\0005\000\040\133\236\145\160\166\204\136\217}{section.1.6}% 21
\BOOKMARK [1][]{section.1.7}{\376\377\0001\000.\0007\000\040\133\236\145\160\133\214\131\007\140\047\133\232\164\006}{chapter.1}% 22
\BOOKMARK [0][]{chapter.2}{\376\377\173\054\116\214\172\340\000\040\145\160\122\027\147\201\226\120}{}% 23
\BOOKMARK [1][]{section.2.1}{\376\377\0002\000.\0001\000\040\145\160\122\027\147\201\226\120}{chapter.2}% 24
\BOOKMARK [2][]{subsection.2.1.1}{\376\377\0002\000.\0001\000.\0001\000\040\145\160\122\027\147\201\226\120}{section.2.1}% 25
\BOOKMARK [2][]{subsection.2.1.2}{\376\377\0002\000.\0001\000.\0002\000\040\145\160\122\027\147\201\226\120\166\204\140\047\215\050}{section.2.1}% 26
\BOOKMARK [2][]{subsection.2.1.3}{\376\377\0002\000.\0001\000.\0003\000\040\145\160\122\027\147\201\226\120\166\204\126\333\122\031\217\320\173\227}{section.2.1}% 27
\BOOKMARK [1][]{section.2.2}{\376\377\0002\000.\0002\000\040\145\340\172\167\134\017\221\317\116\016\145\340\172\167\131\047\221\317}{chapter.2}% 28
\BOOKMARK [1][]{section.2.3}{\376\377\0002\000.\0003\000\040\000S\000t\000o\000l\000z\133\232\164\006}{chapter.2}% 29
\BOOKMARK [1][]{section.2.4}{\376\377\0002\000.\0004\000\040\145\160\122\027\220\022\143\250}{chapter.2}% 30
\BOOKMARK [1][]{section.2.5}{\376\377\0002\000.\0005\000\040\145\160\122\027\147\201\226\120\166\204\117\060\213\241}{chapter.2}% 31
\BOOKMARK [0][]{chapter.3}{\376\377\173\054\116\011\172\340\000\040\121\375\145\160\147\201\226\120\116\016\217\336\176\355\121\375\145\160}{}% 32
\BOOKMARK [1][]{section.3.1}{\376\377\0003\000.\0001\000\040\121\375\145\160\147\201\226\120}{chapter.3}% 33
\BOOKMARK [2][]{subsection.3.1.1}{\376\377\0003\000.\0001\000.\0001\000\040\121\375\145\160\147\201\226\120}{section.3.1}% 34
\BOOKMARK [2][]{subsection.3.1.2}{\376\377\0003\000.\0001\000.\0002\000\040\121\375\145\160\147\201\226\120\166\204\140\047\215\050}{section.3.1}% 35
\BOOKMARK [2][]{subsection.3.1.3}{\376\377\0003\000.\0001\000.\0003\000\040\121\375\145\160\147\201\226\120\166\204\126\333\122\031\217\320\173\227}{section.3.1}% 36
\BOOKMARK [2][]{subsection.3.1.4}{\376\377\0003\000.\0001\000.\0004\000\040\121\375\145\160\147\201\226\120\116\016\145\160\122\027\147\201\226\120\166\204\121\163\174\373}{section.3.1}% 37
\BOOKMARK [2][]{subsection.3.1.5}{\376\377\0003\000.\0001\000.\0005\000\040\123\125\117\247\147\201\226\120}{section.3.1}% 38
\BOOKMARK [1][]{section.3.2}{\376\377\0003\000.\0002\000\040\217\336\176\355\121\375\145\160}{chapter.3}% 39
\BOOKMARK [2][]{subsection.3.2.1}{\376\377\0003\000.\0002\000.\0001\000\040\217\336\176\355\121\375\145\160\166\204\133\232\116\111}{section.3.2}% 40
\BOOKMARK [2][]{subsection.3.2.2}{\376\377\0003\000.\0002\000.\0002\000\040\217\336\176\355\121\375\145\160\166\204\126\333\122\031\217\320\173\227}{section.3.2}% 41
\BOOKMARK [2][]{subsection.3.2.3}{\376\377\0003\000.\0002\000.\0003\000\040\217\336\176\355\124\150\147\037\121\375\145\160}{section.3.2}% 42
\BOOKMARK [2][]{subsection.3.2.4}{\376\377\0003\000.\0002\000.\0004\000\040\225\364\145\255\160\271\174\173\127\213}{section.3.2}% 43
\BOOKMARK [2][]{subsection.3.2.5}{\376\377\0003\000.\0002\000.\0005\000\040\131\015\124\010\121\375\145\160\166\204\217\336\176\355\140\047}{section.3.2}% 44
\BOOKMARK [2][]{subsection.3.2.6}{\376\377\0003\000.\0002\000.\0006\000\040\123\315\121\375\145\160\217\336\176\355\140\047\133\232\164\006}{section.3.2}% 45
\BOOKMARK [1][]{section.3.3}{\376\377\0003\000.\0003\000\040\145\340\172\167\134\017\221\317\116\016\145\340\172\167\131\047\221\317\166\204\226\066}{chapter.3}% 46
\BOOKMARK [2][]{subsection.3.3.1}{\376\377\0003\000.\0003\000.\0001\000\040\145\340\172\167\134\017\221\317\166\204\153\324\217\203}{section.3.3}% 47
\BOOKMARK [2][]{subsection.3.3.2}{\376\377\0003\000.\0003\000.\0002\000\040\145\340\172\167\131\047\221\317\166\204\153\324\217\203}{section.3.3}% 48
\BOOKMARK [2][]{subsection.3.3.3}{\376\377\0003\000.\0003\000.\0003\000\040\173\111\116\367\221\317}{section.3.3}% 49
\BOOKMARK [1][]{section.3.4}{\376\377\0003\000.\0004\000\040\225\355\123\072\225\364\116\012\166\204\217\336\176\355\121\375\145\160}{chapter.3}% 50
\BOOKMARK [2][]{subsection.3.4.1}{\376\377\0003\000.\0004\000.\0001\000\040\147\011\165\114\140\047\133\232\164\006}{section.3.4}% 51
\BOOKMARK [2][]{subsection.3.4.2}{\376\377\0003\000.\0004\000.\0002\000\040\147\000\120\074\133\232\164\006}{section.3.4}% 52
\BOOKMARK [2][]{subsection.3.4.3}{\376\377\0003\000.\0004\000.\0003\000\040\226\366\160\271\133\130\127\050\133\232\164\006}{section.3.4}% 53
\BOOKMARK [2][]{subsection.3.4.4}{\376\377\0003\000.\0004\000.\0004\000\040\116\313\120\074\133\232\164\006}{section.3.4}% 54
\BOOKMARK [1][]{section.3.5}{\376\377\0003\000.\0005\000\040\116\000\201\364\217\336\176\355\121\375\145\160}{chapter.3}% 55
\BOOKMARK [2][]{subsection.3.5.1}{\376\377\0003\000.\0005\000.\0001\000\040\116\000\201\364\217\336\176\355\140\047}{section.3.5}% 56
\BOOKMARK [2][]{subsection.3.5.2}{\376\377\0003\000.\0005\000.\0002\000\040\217\336\176\355\140\047\116\016\116\000\201\364\217\336\176\355\166\204\121\163\174\373}{section.3.5}% 57
\BOOKMARK [1][]{section.3.6}{\376\377\0003\000.\0006\000\040\121\370\121\375\145\160}{chapter.3}% 58
\BOOKMARK [1][]{section.3.7}{\376\377\0003\000.\0007\000\040\121\375\145\160\145\271\172\013}{chapter.3}% 59
\BOOKMARK [1][]{section.3.8}{\376\377\0003\000.\0008\000\040\000R\000i\000e\000m\000a\000n\000n\121\375\145\160\377\014\000D\000i\000r\000i\000c\000h\000l\000e\000t\121\375\145\160\377\014\000W\000e\000i\000e\000r\000s\000t\000r\000a\000s\000s\121\375\145\160}{chapter.3}% 60
\BOOKMARK [2][]{subsection.3.8.1}{\376\377\0003\000.\0008\000.\0001\000\040\000R\000i\000e\000m\000a\000n\000n\121\375\145\160}{section.3.8}% 61
\BOOKMARK [2][]{subsection.3.8.2}{\376\377\0003\000.\0008\000.\0002\000\040\000D\000i\000r\000i\000c\000h\000l\000e\000t\121\375\145\160}{section.3.8}% 62
\BOOKMARK [2][]{subsection.3.8.3}{\376\377\0003\000.\0008\000.\0003\000\040\000W\000e\000i\000e\000r\000s\000t\000r\000a\000s\000s\121\375\145\160}{section.3.8}% 63
\BOOKMARK [0][]{chapter.4}{\376\377\173\054\126\333\172\340\000\040\137\256\122\006}{}% 64
\BOOKMARK [1][]{section.4.1}{\376\377\0004\000.\0001\000\040\137\256\122\006\116\016\133\374\145\160}{chapter.4}% 65
\BOOKMARK [2][]{subsection.4.1.1}{\376\377\0004\000.\0001\000.\0001\000\040\137\256\122\006\166\204\133\232\116\111}{section.4.1}% 66
\BOOKMARK [2][]{subsection.4.1.2}{\376\377\0004\000.\0001\000.\0002\000\040\137\256\122\006\116\016\133\374\145\160}{section.4.1}% 67
\BOOKMARK [2][]{subsection.4.1.3}{\376\377\0004\000.\0001\000.\0003\000\040\123\125\117\247\133\374\145\160}{section.4.1}% 68
\BOOKMARK [1][]{section.4.2}{\376\377\0004\000.\0002\000\040\154\102\133\374\154\325\122\031}{chapter.4}% 69
\BOOKMARK [2][]{subsection.4.2.1}{\376\377\0004\000.\0002\000.\0001\000\040\133\374\145\160\166\204\126\333\122\031\217\320\173\227}{section.4.2}% 70
\BOOKMARK [2][]{subsection.4.2.2}{\376\377\0004\000.\0002\000.\0002\000\040\123\315\121\375\145\160\154\102\133\374\133\232\164\006}{section.4.2}% 71
\BOOKMARK [2][]{subsection.4.2.3}{\376\377\0004\000.\0002\000.\0003\000\040\131\015\124\010\121\375\145\160\154\102\133\374\154\325\122\031}{section.4.2}% 72
\BOOKMARK [1][]{section.4.3}{\376\377\0004\000.\0003\000\040\232\330\226\066\133\374\145\160}{chapter.4}% 73
\BOOKMARK [1][]{section.4.4}{\376\377\0004\000.\0004\000\040\133\374\121\375\145\160\166\204\140\047\215\050}{chapter.4}% 74
\BOOKMARK [0][]{chapter.5}{\376\377\173\054\116\224\172\340\000\040\137\256\122\006\116\055\120\074\133\232\164\006}{}% 75
\BOOKMARK [1][]{section.5.1}{\376\377\0005\000.\0001\000\040\137\256\122\006\116\055\120\074\133\232\164\006}{chapter.5}% 76
\BOOKMARK [2][]{subsection.5.1.1}{\376\377\0005\000.\0001\000.\0001\000\040\121\375\145\160\147\201\120\074\116\016\000F\000e\000r\000m\000a\000t\137\025\164\006}{section.5.1}% 77
\BOOKMARK [2][]{subsection.5.1.2}{\376\377\0005\000.\0001\000.\0002\000\040\000R\000o\000l\000l\000e\133\232\164\006}{section.5.1}% 78
\BOOKMARK [2][]{subsection.5.1.3}{\376\377\0005\000.\0001\000.\0003\000\040\000L\000a\000g\000r\000a\000n\000g\000e\133\232\164\006}{section.5.1}% 79
\BOOKMARK [2][]{subsection.5.1.4}{\376\377\0005\000.\0001\000.\0004\000\040\000C\000a\000u\000c\000h\000y\133\232\164\006}{section.5.1}% 80
\BOOKMARK [2][]{subsection.5.1.5}{\376\377\0005\000.\0001\000.\0005\000\040\116\055\120\074\133\232\164\006}{section.5.1}% 81
\BOOKMARK [1][]{section.5.2}{\376\377\0005\000.\0002\000\040\000L\000'\000H\000o\000s\000p\000i\000t\000a\000l\154\325\122\031}{chapter.5}% 82
\BOOKMARK [1][]{section.5.3}{\376\377\0005\000.\0003\000\040\000T\000a\000y\000l\000o\000r\121\154\137\017}{chapter.5}% 83
\BOOKMARK [2][]{subsection.5.3.1}{\376\377\0005\000.\0003\000.\0001\000\040\136\046\000P\000e\000a\000n\000o\117\131\230\171\166\204\000T\000a\000y\000l\000o\000r\121\154\137\017}{section.5.3}% 84
\BOOKMARK [2][]{subsection.5.3.2}{\376\377\0005\000.\0003\000.\0002\000\040\136\046\000L\000a\000g\000r\000a\000n\000g\000e\117\131\230\171\166\204\000T\000a\000y\000l\000o\000r\121\154\137\017}{section.5.3}% 85
\BOOKMARK [2][]{subsection.5.3.3}{\376\377\0005\000.\0003\000.\0003\000\040\122\035\173\111\121\375\145\160\166\204\000T\000a\000y\000l\000o\000r\121\154\137\017}{section.5.3}% 86
\BOOKMARK [0][]{chapter.6}{\376\377\173\054\121\155\172\340\000\040\116\015\133\232\171\357\122\006}{}% 87
\BOOKMARK [1][]{section.6.1}{\376\377\0006\000.\0001\000\040\116\015\133\232\171\357\122\006\166\204\151\202\137\365\116\016\217\320\173\227\154\325\122\031}{chapter.6}% 88
\BOOKMARK [2][]{subsection.6.1.1}{\376\377\0006\000.\0001\000.\0001\000\040\116\015\133\232\171\357\122\006\166\204\151\202\137\365}{section.6.1}% 89
\BOOKMARK [2][]{subsection.6.1.2}{\376\377\0006\000.\0001\000.\0002\000\040\116\015\133\232\171\357\122\006\166\204\176\277\140\047\140\047\215\050}{section.6.1}% 90
\BOOKMARK [1][]{section.6.2}{\376\377\0006\000.\0002\000\040\143\142\121\103\171\357\122\006\154\325\116\016\122\006\220\350\171\357\122\006\154\325}{chapter.6}% 91
\BOOKMARK [2][]{subsection.6.2.1}{\376\377\0006\000.\0002\000.\0001\000\040\143\142\121\103\171\357\122\006\154\325}{section.6.2}% 92
\BOOKMARK [2][]{subsection.6.2.2}{\376\377\0006\000.\0002\000.\0002\000\040\122\006\220\350\171\357\122\006\154\325}{section.6.2}% 93
\BOOKMARK [0][]{chapter.7}{\376\377\173\054\116\003\172\340\000\040\133\232\171\357\122\006}{}% 94
\BOOKMARK [1][]{section.7.1}{\376\377\0007\000.\0001\000\040\133\232\171\357\122\006\166\204\151\202\137\365\116\016\123\357\171\357\147\141\116\366}{chapter.7}% 95
\BOOKMARK [2][]{subsection.7.1.1}{\376\377\0007\000.\0001\000.\0001\000\040\133\232\171\357\122\006\166\204\151\202\137\365}{section.7.1}% 96
\BOOKMARK [2][]{subsection.7.1.2}{\376\377\0007\000.\0001\000.\0002\000\040\000D\000a\000r\000b\000o\000u\000x\124\214}{section.7.1}% 97
\BOOKMARK [1][]{section.7.2}{\376\377\0007\000.\0002\000\040\000R\000i\000e\000m\000a\000n\000n\123\357\171\357\140\047}{chapter.7}% 98
\BOOKMARK [1][]{section.7.3}{\376\377\0007\000.\0003\000\040\133\232\171\357\122\006\166\204\127\372\147\054\140\047\215\050}{chapter.7}% 99
\BOOKMARK [1][]{section.7.4}{\376\377\0007\000.\0004\000\040\137\256\171\357\122\006\127\372\147\054\133\232\164\006}{chapter.7}% 100
\BOOKMARK [2][]{subsection.7.4.1}{\376\377\0007\000.\0004\000.\0001\000\040\000N\000e\000w\000t\000o\000n\000-\000L\000e\000i\000b\000n\000i\000z\121\154\137\017}{section.7.4}% 101
\BOOKMARK [2][]{subsection.7.4.2}{\376\377\0007\000.\0004\000.\0002\000\040\133\232\171\357\122\006\166\204\122\006\220\350\171\357\122\006\154\325\116\016\143\142\121\103\171\357\122\006\154\325}{section.7.4}% 102
\BOOKMARK [2][]{subsection.7.4.3}{\376\377\0007\000.\0004\000.\0003\000\040\133\232\171\357\122\006\166\204\131\107\120\166\140\047\116\016\124\150\147\037\140\047\140\047\215\050}{section.7.4}% 103
\BOOKMARK [1][]{section.7.5}{\376\377\0007\000.\0005\000\040\204\127\124\015\116\015\173\111\137\017}{chapter.7}% 104
\BOOKMARK [0][]{chapter.8}{\376\377\173\054\121\153\172\340\000\040\123\315\136\070\171\357\122\006}{}% 105
\BOOKMARK [1][]{section.8.1}{\376\377\0008\000.\0001\000\040\123\315\136\070\171\357\122\006\166\204\151\202\137\365\116\016\213\241\173\227}{chapter.8}% 106
\BOOKMARK [1][]{section.8.2}{\376\377\0008\000.\0002\000\040\123\315\136\070\171\357\122\006\166\204\145\066\145\133\122\044\122\053\154\325}{chapter.8}% 107
\BOOKMARK [2][]{subsection.8.2.1}{\376\377\0008\000.\0002\000.\0001\000\040\000C\000a\000u\000c\000h\000y\145\066\145\133\123\237\164\006}{section.8.2}% 108
\BOOKMARK [2][]{subsection.8.2.2}{\376\377\0008\000.\0002\000.\0002\000\040\153\324\217\203\122\044\122\053\154\325}{section.8.2}% 109
\BOOKMARK [2][]{subsection.8.2.3}{\376\377\0008\000.\0002\000.\0003\000\040\000C\000a\000u\000c\000h\000y\122\044\122\053\154\325}{section.8.2}% 110
\BOOKMARK [2][]{subsection.8.2.4}{\376\377\0008\000.\0002\000.\0004\000\040\000A\000b\000e\000l\122\044\122\053\154\325\116\016\000D\000i\000r\000i\000c\000h\000l\000e\000t\122\044\122\053\154\325}{section.8.2}% 111
\BOOKMARK [1][]{section.8.3}{\376\377\0008\000.\0003\000\040\123\315\136\070\171\357\122\006\166\204\145\133\145\143\140\047}{chapter.8}% 112
\BOOKMARK [0][]{chapter.9}{\376\377\173\054\116\135\172\340\000\040\145\160\230\171\176\247\145\160}{}% 113
\BOOKMARK [1][]{section.9.1}{\376\377\0009\000.\0001\000\040\145\160\230\171\176\247\145\160}{chapter.9}% 114
\BOOKMARK [2][]{subsection.9.1.1}{\376\377\0009\000.\0001\000.\0001\000\040\145\160\230\171\176\247\145\160\166\204\145\066\145\133\140\047}{section.9.1}% 115
\BOOKMARK [2][]{subsection.9.1.2}{\376\377\0009\000.\0001\000.\0002\000\040\145\160\230\171\176\247\145\160\166\204\127\372\147\054\140\047\215\050}{section.9.1}% 116
\BOOKMARK [1][]{section.9.2}{\376\377\0009\000.\0002\000\040\116\012\147\201\226\120\116\016\116\013\147\201\226\120}{chapter.9}% 117
\BOOKMARK [1][]{section.9.3}{\376\377\0009\000.\0003\000\040\153\143\230\171\176\247\145\160}{chapter.9}% 118
\BOOKMARK [2][]{subsection.9.3.1}{\376\377\0009\000.\0003\000.\0001\000\040\153\143\230\171\176\247\145\160}{section.9.3}% 119
\BOOKMARK [2][]{subsection.9.3.2}{\376\377\0009\000.\0003\000.\0002\000\040\153\324\217\203\122\044\122\053\154\325}{section.9.3}% 120
\BOOKMARK [2][]{subsection.9.3.3}{\376\377\0009\000.\0003\000.\0003\000\040\000C\000a\000u\000c\000h\000y\122\044\122\053\154\325}{section.9.3}% 121
\BOOKMARK [2][]{subsection.9.3.4}{\376\377\0009\000.\0003\000.\0004\000\040\000d\000'\000A\000l\000e\000m\000b\000e\000r\000t\122\044\122\053\154\325}{section.9.3}% 122
\BOOKMARK [2][]{subsection.9.3.5}{\376\377\0009\000.\0003\000.\0005\000\040\000R\000a\000b\000b\000e\122\044\122\053\154\325}{section.9.3}% 123
\BOOKMARK [2][]{subsection.9.3.6}{\376\377\0009\000.\0003\000.\0006\000\040\171\357\122\006\122\044\122\053\154\325}{section.9.3}% 124
\BOOKMARK [2][]{subsection.9.3.7}{\376\377\0009\000.\0003\000.\0007\000\040\000C\000a\000u\000c\000h\000y\121\335\200\132\122\044\122\053\154\325}{section.9.3}% 125
\BOOKMARK [1][]{section.9.4}{\376\377\0009\000.\0004\000\040\116\373\141\017\230\171\176\247\145\160}{chapter.9}% 126
\BOOKMARK [2][]{subsection.9.4.1}{\376\377\0009\000.\0004\000.\0001\000\040\116\373\141\017\230\171\176\247\145\160}{section.9.4}% 127
\BOOKMARK [2][]{subsection.9.4.2}{\376\377\0009\000.\0004\000.\0002\000\040\000L\000e\000i\000b\000n\000i\000z\176\247\145\160}{section.9.4}% 128
\BOOKMARK [2][]{subsection.9.4.3}{\376\377\0009\000.\0004\000.\0003\000\040\000A\000b\000e\000l\122\044\122\053\154\325\116\016\000D\000i\000r\000i\000c\000h\000l\000e\000t\122\044\122\053\154\325}{section.9.4}% 129
\BOOKMARK [2][]{subsection.9.4.4}{\376\377\0009\000.\0004\000.\0004\000\040\176\335\133\371\145\066\145\133\116\016\147\141\116\366\145\066\145\133}{section.9.4}% 130
\BOOKMARK [2][]{subsection.9.4.5}{\376\377\0009\000.\0004\000.\0005\000\040\176\247\145\160\166\204\116\130\154\325}{section.9.4}% 131
\BOOKMARK [2][]{subsection.9.4.6}{\376\377\0009\000.\0004\000.\0006\000\040\176\247\145\160\225\356\230\230\166\204\123\315\117\213}{section.9.4}% 132
\BOOKMARK [1][]{section.9.5}{\376\377\0009\000.\0005\000\040\145\340\172\167\116\130\171\357}{chapter.9}% 133
\BOOKMARK [0][]{chapter.10}{\376\377\173\054\123\101\172\340\000\040\121\375\145\160\230\171\176\247\145\160}{}% 134
\BOOKMARK [1][]{section.10.1}{\376\377\0001\0000\000.\0001\000\040\121\375\145\160\230\171\176\247\145\160\166\204\116\000\201\364\145\066\145\133\140\047}{chapter.10}% 135
\BOOKMARK [1][]{section.10.2}{\376\377\0001\0000\000.\0002\000\040\116\000\201\364\145\066\145\133\176\247\145\160\166\204\122\044\122\053}{chapter.10}% 136
\BOOKMARK [2][]{subsection.10.2.1}{\376\377\0001\0000\000.\0002\000.\0001\000\040\000C\000a\000u\000c\000h\000y\145\066\145\133\123\237\164\006}{section.10.2}% 137
\BOOKMARK [2][]{subsection.10.2.2}{\376\377\0001\0000\000.\0002\000.\0002\000\040\000W\000e\000i\000e\000r\000s\000t\000r\000a\000s\000s\122\044\122\053\154\325}{section.10.2}% 138
\BOOKMARK [2][]{subsection.10.2.3}{\376\377\0001\0000\000.\0002\000.\0003\000\040\000A\000b\000e\000l\122\044\122\053\154\325\116\016\000D\000i\000r\000i\000c\000h\000l\000e\000t\122\044\122\053\154\325}{section.10.2}% 139
\BOOKMARK [2][]{subsection.10.2.4}{\376\377\0001\0000\000.\0002\000.\0004\000\040\000D\000i\000n\000i\133\232\164\006}{section.10.2}% 140
\BOOKMARK [2][]{subsection.10.2.5}{\376\377\0001\0000\000.\0002\000.\0005\000\040\173\111\136\246\217\336\176\355}{section.10.2}% 141
\BOOKMARK [1][]{section.10.3}{\376\377\0001\0000\000.\0003\000\040\116\000\201\364\145\066\145\133\176\247\145\160\166\204\140\047\215\050}{chapter.10}% 142
\BOOKMARK [2][]{subsection.10.3.1}{\376\377\0001\0000\000.\0003\000.\0001\000\040\116\000\201\364\145\066\145\133\176\247\145\160\166\204\140\047\215\050}{section.10.3}% 143
\BOOKMARK [2][]{subsection.10.3.2}{\376\377\0001\0000\000.\0003\000.\0002\000\040\171\357\122\006\116\016\147\201\226\120\116\244\143\142\230\172\136\217}{section.10.3}% 144
\BOOKMARK [1][]{section.10.4}{\376\377\0001\0000\000.\0004\000\040\136\102\176\247\145\160}{chapter.10}% 145
\BOOKMARK [1][]{section.10.5}{\376\377\0001\0000\000.\0005\000\040\000W\000e\000r\000i\000e\000r\000s\000t\000r\000a\000s\000s\220\074\217\321\133\232\164\006}{chapter.10}% 146
\BOOKMARK [1][]{section.10.6}{\376\377\0001\0000\000.\0006\000\040\116\011\211\322\176\247\145\160}{chapter.10}% 147
\BOOKMARK [0][]{chapter.11}{\376\377\173\054\123\101\116\000\172\340\000\040\000E\000u\000c\000l\000i\000d\172\172\225\364}{}% 148
\BOOKMARK [1][]{section.11.1}{\376\377\0001\0001\000.\0001\000\040\000E\000u\000c\000l\000i\000d\172\172\225\364\116\012\166\204\127\372\147\054\133\232\164\006}{chapter.11}% 149
\BOOKMARK [1][]{section.11.2}{\376\377\0001\0001\000.\0002\000\040\131\032\121\103\121\375\145\160}{chapter.11}% 150
\BOOKMARK [1][]{section.11.3}{\376\377\0001\0001\000.\0003\000\040\217\336\176\355\121\375\145\160}{chapter.11}% 151
\BOOKMARK [0][]{chapter.12}{\376\377\173\054\123\101\116\214\172\340\000\040\131\032\121\103\121\375\145\160\137\256\122\006\133\146}{}% 152
\BOOKMARK [1][]{section.12.1}{\376\377\0001\0002\000.\0001\000\040\120\117\133\374\145\160\116\016\121\150\137\256\122\006}{chapter.12}% 153
\BOOKMARK [1][]{section.12.2}{\376\377\0001\0002\000.\0002\000\040\131\032\121\103\131\015\124\010\121\375\145\160\166\204\154\102\133\374\154\325\122\031}{chapter.12}% 154
\BOOKMARK [1][]{section.12.3}{\376\377\0001\0002\000.\0003\000\040\116\055\120\074\133\232\164\006\124\214\000T\000a\000y\000l\000o\000r\121\154\137\017}{chapter.12}% 155
\BOOKMARK [1][]{section.12.4}{\376\377\0001\0002\000.\0004\000\040\226\220\121\375\145\160\133\130\127\050\133\232\164\006}{chapter.12}% 156
\BOOKMARK [1][]{section.12.5}{\376\377\0001\0002\000.\0005\000\040\145\340\147\141\116\366\147\201\120\074}{chapter.12}% 157
\BOOKMARK [1][]{section.12.6}{\376\377\0001\0002\000.\0006\000\040\147\141\116\366\147\201\120\074}{chapter.12}% 158
\BOOKMARK [0][]{chapter.13}{\376\377\173\054\123\101\116\011\172\340\000\040\221\315\171\357\122\006}{}% 159
\BOOKMARK [1][]{section.13.1}{\376\377\0001\0003\000.\0001\000\040\147\011\165\114\225\355\123\072\127\337\116\012\166\204\221\315\171\357\122\006}{chapter.13}% 160
\BOOKMARK [1][]{section.13.2}{\376\377\0001\0003\000.\0002\000\040\221\315\171\357\122\006\166\204\140\047\215\050\116\016\213\241\173\227}{chapter.13}% 161
\BOOKMARK [1][]{section.13.3}{\376\377\0001\0003\000.\0003\000\040\221\315\171\357\122\006\166\204\123\330\221\317\116\343\143\142}{chapter.13}% 162
\BOOKMARK [1][]{section.13.4}{\376\377\0001\0003\000.\0004\000\040\123\315\136\070\221\315\171\357\122\006}{chapter.13}% 163
\BOOKMARK [1][]{section.13.5}{\376\377\0001\0003\000.\0005\000\040\131\026\137\256\122\006\137\142\137\017}{chapter.13}% 164
\BOOKMARK [2][]{subsection.13.5.1}{\376\377\0001\0003\000.\0005\000.\0001\000\040\000G\000r\000a\000s\000s\000m\000a\000n\000n\116\343\145\160}{section.13.5}% 165
\BOOKMARK [2][]{subsection.13.5.2}{\376\377\0001\0003\000.\0005\000.\0002\000\040\131\026\137\256\122\006\137\142\137\017}{section.13.5}% 166
\BOOKMARK [0][]{chapter.14}{\376\377\173\054\123\101\126\333\172\340\000\040\146\362\176\277\171\357\122\006\116\016\146\362\227\142\171\357\122\006}{}% 167
\BOOKMARK [1][]{section.14.1}{\376\377\0001\0004\000.\0001\000\040\173\054\116\000\174\173\146\362\176\277\171\357\122\006\116\016\173\054\116\000\174\173\146\362\227\142\171\357\122\006}{chapter.14}% 168
\BOOKMARK [2][]{subsection.14.1.1}{\376\377\0001\0004\000.\0001\000.\0001\000\040\173\054\116\000\174\173\146\362\176\277\171\357\122\006}{section.14.1}% 169
\BOOKMARK [2][]{subsection.14.1.2}{\376\377\0001\0004\000.\0001\000.\0002\000\040\173\054\116\000\174\173\146\362\227\142\171\357\122\006}{section.14.1}% 170
\BOOKMARK [1][]{section.14.2}{\376\377\0001\0004\000.\0002\000\040\173\054\116\214\174\173\146\362\176\277\171\357\122\006\116\016\173\054\116\214\174\173\146\362\227\142\171\357\122\006}{chapter.14}% 171
\BOOKMARK [2][]{subsection.14.2.1}{\376\377\0001\0004\000.\0002\000.\0001\000\040\173\054\116\214\174\173\146\362\176\277\171\357\122\006}{section.14.2}% 172
\BOOKMARK [2][]{subsection.14.2.2}{\376\377\0001\0004\000.\0002\000.\0002\000\040\173\054\116\214\174\173\146\362\227\142\171\357\122\006}{section.14.2}% 173
\BOOKMARK [1][]{section.14.3}{\376\377\0001\0004\000.\0003\000\040\000G\000r\000e\000e\000n\121\154\137\017\060\001\000G\000a\000u\000s\000s\121\154\137\017\116\016\000S\000t\000o\000k\000e\000s\121\154\137\017}{chapter.14}% 174
\BOOKMARK [2][]{subsection.14.3.1}{\376\377\0001\0004\000.\0003\000.\0001\000\040\000G\000r\000e\000n\000n\121\154\137\017}{section.14.3}% 175
\BOOKMARK [2][]{subsection.14.3.2}{\376\377\0001\0004\000.\0003\000.\0002\000\040\000G\000a\000u\000s\000s\121\154\137\017}{section.14.3}% 176
\BOOKMARK [2][]{subsection.14.3.3}{\376\377\0001\0004\000.\0003\000.\0003\000\040\000S\000t\000o\000k\000e\000s\121\154\137\017}{section.14.3}% 177
\BOOKMARK [1][]{section.14.4}{\376\377\0001\0004\000.\0004\000\040\127\072\213\272}{chapter.14}% 178
\BOOKMARK [2][]{subsection.14.4.1}{\376\377\0001\0004\000.\0004\000.\0001\000\040\150\257\136\246}{section.14.4}% 179
\BOOKMARK [2][]{subsection.14.4.2}{\376\377\0001\0004\000.\0004\000.\0002\000\040\220\032\221\317\116\016\145\143\136\246}{section.14.4}% 180
\BOOKMARK [2][]{subsection.14.4.3}{\376\377\0001\0004\000.\0004\000.\0003\000\040\163\257\221\317\116\016\145\313\136\246}{section.14.4}% 181
\BOOKMARK [2][]{subsection.14.4.4}{\376\377\0001\0004\000.\0004\000.\0004\000\040\000H\000a\000m\000i\000l\000t\000o\000n\173\227\133\120}{section.14.4}% 182
\BOOKMARK [0][]{chapter.15}{\376\377\173\054\123\101\116\224\172\340\000\040\124\053\123\302\123\330\221\317\171\357\122\006}{}% 183
\BOOKMARK [1][]{section.15.1}{\376\377\0001\0005\000.\0001\000\040\124\053\123\302\123\330\221\317\136\070\116\111\171\357\122\006}{chapter.15}% 184
\BOOKMARK [1][]{section.15.2}{\376\377\0001\0005\000.\0002\000\040\124\053\123\302\123\330\221\317\123\315\136\070\171\357\122\006}{chapter.15}% 185
\BOOKMARK [2][]{subsection.15.2.1}{\376\377\0001\0005\000.\0002\000.\0001\000\040\124\053\123\302\123\330\221\317\123\315\136\070\171\357\122\006\133\232\116\111}{section.15.2}% 186
\BOOKMARK [2][]{subsection.15.2.2}{\376\377\0001\0005\000.\0002\000.\0002\000\040\124\053\123\302\123\330\221\317\123\315\136\070\171\357\122\006\122\044\122\053\154\325}{section.15.2}% 187
\BOOKMARK [2][]{subsection.15.2.3}{\376\377\0001\0005\000.\0002\000.\0003\000\040\124\053\123\302\123\330\221\317\123\315\136\070\171\357\122\006\140\047\215\050}{section.15.2}% 188
\BOOKMARK [1][]{section.15.3}{\376\377\0001\0005\000.\0003\000\040\000E\000u\000l\000e\000r\171\357\122\006}{chapter.15}% 189
\BOOKMARK [2][]{subsection.15.3.1}{\376\377\0001\0005\000.\0003\000.\0001\000\040\000B\000e\000t\000a\121\375\145\160}{section.15.3}% 190
\BOOKMARK [2][]{subsection.15.3.2}{\376\377\0001\0005\000.\0003\000.\0002\000\040\000G\000a\000m\000m\000a\121\375\145\160}{section.15.3}% 191
\BOOKMARK [0][]{chapter.16}{\376\377\173\054\123\101\121\155\172\340\000\040\000F\000o\000u\000r\000i\000e\000r\176\247\145\160}{}% 192
\BOOKMARK [1][]{section.16.1}{\376\377\0001\0006\000.\0001\000\040\000F\000o\000u\000r\000i\000e\000r\176\247\145\160\134\125\137\000}{chapter.16}% 193
\BOOKMARK [1][]{section.16.2}{\376\377\0001\0006\000.\0002\000\040\000F\000o\000u\000r\000i\000e\000r\176\247\145\160\166\204\145\066\145\133\122\044\122\053\154\325}{chapter.16}% 194
\BOOKMARK [1][]{section.16.3}{\376\377\0001\0006\000.\0003\000\040\000F\000o\000u\000r\000i\000e\000r\176\247\145\160\166\204\140\047\215\050}{chapter.16}% 195
\BOOKMARK [2][]{subsection.16.3.1}{\376\377\0001\0006\000.\0003\000.\0001\000\040\000F\000o\000u\000r\000i\000e\000r\176\247\145\160\166\204\122\006\147\220\140\047\215\050}{section.16.3}% 196
\BOOKMARK [2][]{subsection.16.3.2}{\376\377\0001\0006\000.\0003\000.\0002\000\040\000F\000o\000u\000r\000i\000e\000r\176\247\145\160\166\204\220\074\217\321\140\047\215\050}{section.16.3}% 197
\BOOKMARK [2][]{subsection.16.3.3}{\376\377\0001\0006\000.\0003\000.\0003\000\040\173\111\124\150\225\356\230\230}{section.16.3}% 198
\BOOKMARK [1][]{section.16.4}{\376\377\0001\0006\000.\0004\000\040\000F\000o\000u\000r\000i\000e\000r\123\330\143\142\124\214\000F\000o\000u\000r\000i\000e\000r\171\357\122\006}{chapter.16}% 199
\BOOKMARK [2][]{subsection.16.4.1}{\376\377\0001\0006\000.\0004\000.\0001\000\040\000F\000o\000u\000r\000i\000e\000r\123\330\143\142}{section.16.4}% 200
\BOOKMARK [2][]{subsection.16.4.2}{\376\377\0001\0006\000.\0004\000.\0002\000\040\123\167\171\357}{section.16.4}% 201
\BOOKMARK [2][]{subsection.16.4.3}{\376\377\0001\0006\000.\0004\000.\0003\000\040\000F\000o\000u\000r\000i\000e\000r\171\357\122\006}{section.16.4}% 202
\BOOKMARK [0][]{appendix.A}{\376\377\000A\000\040\140\073\176\323}{}% 203
\BOOKMARK [1][]{section.A.1}{\376\377\000A\000.\0001\000\040\133\236\145\160\133\214\131\007\140\047\133\232\164\006}{appendix.A}% 204
\BOOKMARK [1][]{section.A.2}{\376\377\000A\000.\0002\000\040\000R\000i\000e\000m\000a\000n\000n\121\375\145\160\116\016\000D\000i\000r\000i\000c\000h\000l\000e\000t\121\375\145\160}{appendix.A}% 205
\BOOKMARK [1][]{section.A.3}{\376\377\000A\000.\0003\000\040\116\055\120\074\133\232\164\006}{appendix.A}% 206
\BOOKMARK [1][]{section.A.4}{\376\377\000A\000.\0004\000\040\000A\000b\000e\000l\122\044\122\053\154\325\116\016\000D\000i\000r\000i\000c\000h\000l\000e\000t\122\044\122\053\154\325}{appendix.A}% 207
\BOOKMARK [1][]{section.A.5}{\376\377\000A\000.\0005\000\040\000F\000o\000u\000r\000i\000e\000r\176\247\145\160}{appendix.A}% 208
\BOOKMARK [2][]{subsection.A.5.1}{\376\377\000A\000.\0005\000.\0001\000\040\116\011\211\322\121\375\145\160\166\204\153\143\116\244\140\047}{section.A.5}% 209
\BOOKMARK [3][]{subsubsection.A.5.1.1}{\376\377\000A\000.\0005\000.\0001\000.\0001\000\040\116\345\123\072\225\364\225\177\136\246\116\072\124\150\147\037\166\204\116\011\211\322\121\375\145\160\166\204\153\143\116\244\140\047}{subsection.A.5.1}% 210
\BOOKMARK [3][]{subsubsection.A.5.1.2}{\376\377\000A\000.\0005\000.\0001\000.\0002\000\040\116\345\116\044\120\015\123\072\225\364\225\177\136\246\116\072\124\150\147\037\166\204\116\011\211\322\121\375\145\160\166\204\153\143\116\244\140\047}{subsection.A.5.1}% 211
\BOOKMARK [2][]{subsection.A.5.2}{\376\377\000A\000.\0005\000.\0002\000\040\000F\000o\000u\000r\000i\000e\000r\176\247\145\160}{section.A.5}% 212
\BOOKMARK [3][]{subsubsection.A.5.2.1}{\376\377\000A\000.\0005\000.\0002\000.\0001\000\040\116\345\123\072\225\364\225\177\136\246\116\072\124\150\147\037\166\204\000F\000o\000u\000r\000i\000e\000r\176\247\145\160}{subsection.A.5.2}% 213
\BOOKMARK [3][]{subsubsection.A.5.2.2}{\376\377\000A\000.\0005\000.\0002\000.\0002\000\040\116\345\116\044\120\015\123\072\225\364\225\177\136\246\116\072\124\150\147\037\166\204\000F\000o\000u\000r\000i\000e\000r\176\247\145\160}{subsection.A.5.2}% 214
