\BOOKMARK [0][]{chapter.1}{\376\377\173\054\116\000\172\340\000\040\116\213\116\366\116\016\151\202\163\207}{}% 1
\BOOKMARK [1][]{section.1.1}{\376\377\0001\000.\0001\000\040\226\217\147\072\163\260\214\141\116\016\176\337\213\241\211\304\137\213\140\047}{chapter.1}% 2
\BOOKMARK [1][]{section.1.2}{\376\377\0001\000.\0002\000\040\150\067\147\054\172\172\225\364\116\016\116\213\116\366}{chapter.1}% 3
\BOOKMARK [1][]{section.1.3}{\376\377\0001\000.\0003\000\040\123\344\121\170\151\202\127\213}{chapter.1}% 4
\BOOKMARK [1][]{section.1.4}{\376\377\0001\000.\0004\000\040\121\340\117\125\151\202\163\207}{chapter.1}% 5
\BOOKMARK [1][]{section.1.5}{\376\377\0001\000.\0005\000\040\151\202\163\207\172\172\225\364}{chapter.1}% 6
\BOOKMARK [0][]{chapter.2}{\376\377\173\054\116\214\172\340\000\040\147\141\116\366\151\202\163\207\116\016\176\337\213\241\162\354\172\313\140\047}{}% 7
\BOOKMARK [1][]{section.2.1}{\376\377\0002\000.\0001\000\040\147\141\116\366\151\202\163\207\377\014\121\150\151\202\163\207\121\154\137\017\377\014\000B\000a\000y\000e\000s\121\154\137\017}{chapter.2}% 8
\BOOKMARK [1][]{section.2.2}{\376\377\0002\000.\0002\000\040\116\213\116\366\162\354\172\313\140\047}{chapter.2}% 9
\BOOKMARK [1][]{section.2.3}{\376\377\0002\000.\0003\000\040\000B\000e\000r\000n\000o\000u\000l\000l\000i\213\325\232\214\116\016\166\364\176\277\116\012\166\204\226\217\147\072\156\070\122\250}{chapter.2}% 10
\BOOKMARK [1][]{section.2.4}{\376\377\0002\000.\0004\000\040\116\214\230\171\122\006\136\003\116\016\000P\000o\000i\000s\000s\000o\000n\122\006\136\003}{chapter.2}% 11
\BOOKMARK [0][]{chapter.3}{\376\377\173\054\116\011\172\340\000\040\226\217\147\072\123\330\221\317\116\016\122\006\136\003\121\375\145\160}{}% 12
\BOOKMARK [1][]{section.3.1}{\376\377\0003\000.\0001\000\040\226\217\147\072\123\330\221\317\116\016\121\166\122\006\136\003}{chapter.3}% 13
\BOOKMARK [2][]{subsection.3.1.1}{\376\377\0003\000.\0001\000.\0001\000\040\226\217\147\072\123\330\221\317}{section.3.1}% 14
\BOOKMARK [2][]{subsection.3.1.2}{\376\377\0003\000.\0001\000.\0002\000\040\171\273\145\143\127\213\226\217\147\072\123\330\221\317}{section.3.1}% 15
\BOOKMARK [2][]{subsection.3.1.3}{\376\377\0003\000.\0001\000.\0003\000\040\217\336\176\355\127\213\226\217\147\072\123\330\221\317}{section.3.1}% 16
\BOOKMARK [1][]{section.3.2}{\376\377\0003\000.\0002\000\040\226\217\147\072\124\021\221\317\377\014\226\217\147\072\123\330\221\317\166\204\162\354\172\313\140\047}{chapter.3}% 17
\BOOKMARK [2][]{subsection.3.2.1}{\376\377\0003\000.\0002\000.\0001\000\040\226\217\147\072\124\021\221\317\123\312\121\166\122\006\136\003}{section.3.2}% 18
\BOOKMARK [2][]{subsection.3.2.2}{\376\377\0003\000.\0002\000.\0002\000\040\217\271\226\105\122\006\136\003}{section.3.2}% 19
\BOOKMARK [2][]{subsection.3.2.3}{\376\377\0003\000.\0002\000.\0003\000\040\147\141\116\366\122\006\136\003}{section.3.2}% 20
\BOOKMARK [2][]{subsection.3.2.4}{\376\377\0003\000.\0002\000.\0004\000\040\226\217\147\072\123\330\221\317\166\204\162\354\172\313\140\047}{section.3.2}% 21
\BOOKMARK [1][]{section.3.3}{\376\377\0003\000.\0003\000\040\226\217\147\072\123\330\221\317\166\204\121\375\145\160\123\312\121\166\122\006\136\003}{chapter.3}% 22
\BOOKMARK [2][]{subsection.3.3.1}{\376\377\0003\000.\0003\000.\0001\000\040\000B\000o\000r\000e\000l\121\375\145\160\116\016\226\217\147\072\123\330\221\317\166\204\121\375\145\160}{section.3.3}% 23
\BOOKMARK [2][]{subsection.3.3.2}{\376\377\0003\000.\0003\000.\0002\000\040\123\125\116\052\226\217\147\072\123\330\221\317\166\204\121\375\145\160\166\204\122\006\136\003\137\213}{section.3.3}% 24
\BOOKMARK [2][]{subsection.3.3.3}{\376\377\0003\000.\0003\000.\0003\000\040\131\032\116\052\226\217\147\072\123\330\221\317\166\204\121\375\145\160\166\204\122\006\136\003\137\213}{section.3.3}% 25
\BOOKMARK [0][]{chapter.4}{\376\377\173\054\126\333\172\340\000\040\145\160\133\127\162\171\137\201\116\016\162\171\137\201\121\375\145\160}{}% 26
\BOOKMARK [1][]{section.4.1}{\376\377\0004\000.\0001\000\040\145\160\133\146\147\037\147\033}{chapter.4}% 27
\BOOKMARK [1][]{section.4.2}{\376\377\0004\000.\0002\000\040\145\271\135\356\377\014\166\370\121\163\174\373\145\160\377\014\167\351}{chapter.4}% 28
\BOOKMARK [2][]{subsection.4.2.1}{\376\377\0004\000.\0002\000.\0001\000\040\145\271\135\356}{section.4.2}% 29
\BOOKMARK [2][]{subsection.4.2.2}{\376\377\0004\000.\0002\000.\0002\000\040\123\117\145\271\135\356}{section.4.2}% 30
\BOOKMARK [2][]{subsection.4.2.3}{\376\377\0004\000.\0002\000.\0003\000\040\166\370\121\163\174\373\145\160\116\016\166\370\121\163\140\047}{section.4.2}% 31
\BOOKMARK [2][]{subsection.4.2.4}{\376\377\0004\000.\0002\000.\0004\000\040\167\351}{section.4.2}% 32
\BOOKMARK [2][]{subsection.4.2.5}{\376\377\0004\000.\0002\000.\0005\000\040\122\006\117\115\145\160}{section.4.2}% 33
\BOOKMARK [2][]{subsection.4.2.6}{\376\377\0004\000.\0002\000.\0006\000\040\147\141\116\366\145\160\133\146\147\037\147\033\116\016\147\000\134\017\116\214\116\130\126\336\137\122}{section.4.2}% 34
\BOOKMARK [1][]{section.4.3}{\376\377\0004\000.\0003\000\040\153\315\121\375\145\160}{chapter.4}% 35
\BOOKMARK [1][]{section.4.4}{\376\377\0004\000.\0004\000\040\162\171\137\201\121\375\145\160}{chapter.4}% 36
\BOOKMARK [2][]{subsection.4.4.1}{\376\377\0004\000.\0004\000.\0001\000\040\162\171\137\201\121\375\145\160}{section.4.4}% 37
\BOOKMARK [2][]{subsection.4.4.2}{\376\377\0004\000.\0004\000.\0002\000\040\162\171\137\201\121\375\145\160\166\204\125\057\116\000\140\047}{section.4.4}% 38
\BOOKMARK [0][]{chapter.5}{\376\377\173\054\116\224\172\340\000\040\147\201\226\120\133\232\164\006}{}% 39
\BOOKMARK [1][]{section.5.1}{\376\377\0005\000.\0001\000\040\000B\000e\000r\000n\000o\000u\000l\000l\000i\213\325\232\214\127\072\124\010\166\204\147\201\226\120\133\232\164\006}{chapter.5}% 40
\BOOKMARK [2][]{subsection.5.1.1}{\376\377\0005\000.\0001\000.\0001\000\040\131\047\145\160\133\232\137\213\116\016\116\055\137\303\147\201\226\120\133\232\164\006}{section.5.1}% 41
\BOOKMARK [2][]{subsection.5.1.2}{\376\377\0005\000.\0001\000.\0002\000\040\131\047\145\160\133\232\137\213}{section.5.1}% 42
\BOOKMARK [2][]{subsection.5.1.3}{\376\377\0005\000.\0001\000.\0003\000\040\000D\000e\000\040\000M\000o\000i\000v\000r\000e\040\024\000L\000a\000p\000l\000a\000c\000e\147\201\226\120\133\232\164\006}{section.5.1}% 43
\BOOKMARK [1][]{section.5.2}{\376\377\0005\000.\0002\000\040\145\066\145\133\140\047}{chapter.5}% 44
\BOOKMARK [2][]{subsection.5.2.1}{\376\377\0005\000.\0002\000.\0001\000\040\122\006\136\003\121\375\145\160\137\061\145\066\145\133}{section.5.2}% 45
\BOOKMARK [2][]{subsection.5.2.2}{\376\377\0005\000.\0002\000.\0002\000\040\000L\000\351\000v\000y\040\024\000C\000r\000a\000m\000e\000r\133\232\164\006}{section.5.2}% 46
\BOOKMARK [2][]{subsection.5.2.3}{\376\377\0005\000.\0002\000.\0003\000\040\226\217\147\072\123\330\221\317\166\204\145\066\145\133\140\047}{section.5.2}% 47
\BOOKMARK [2][]{subsection.5.2.4}{\376\377\0005\000.\0002\000.\0004\000\040\000B\000o\000c\000h\000n\000e\000r\040\024\000K\000h\000i\000n\000c\000h\000i\000n\133\232\164\006}{section.5.2}% 48
\BOOKMARK [1][]{section.5.3}{\376\377\0005\000.\0003\000\040\162\354\172\313\124\014\122\006\136\003\127\072\124\010\166\204\147\201\226\120\133\232\164\006}{chapter.5}% 49
\BOOKMARK [2][]{subsection.5.3.1}{\376\377\0005\000.\0003\000.\0001\000\040\000K\000h\000i\000n\000c\000h\000i\000n\131\047\145\160\133\232\137\213}{section.5.3}% 50
\BOOKMARK [2][]{subsection.5.3.2}{\376\377\0005\000.\0003\000.\0002\000\040\116\055\137\303\147\201\226\120\133\232\164\006}{section.5.3}% 51
\BOOKMARK [1][]{section.5.4}{\376\377\0005\000.\0004\000\040\137\072\131\047\145\160\133\232\137\213}{chapter.5}% 52
\BOOKMARK [2][]{subsection.5.4.1}{\376\377\0005\000.\0004\000.\0001\000\040\000B\000o\000r\000e\000l\137\072\131\047\145\160\133\232\137\213}{section.5.4}% 53
\BOOKMARK [2][]{subsection.5.4.2}{\376\377\0005\000.\0004\000.\0002\000\040\000K\000o\000l\000m\000o\000g\000o\000r\000o\000v\137\072\131\047\145\160\133\232\137\213}{section.5.4}% 54
\BOOKMARK [1][]{section.5.5}{\376\377\0005\000.\0005\000\040\116\055\137\303\147\201\226\120\133\232\164\006}{chapter.5}% 55
\BOOKMARK [0][]{appendix.A}{\376\377\000A\000\040\145\066\145\133\140\047\377\014\131\047\145\160\133\232\137\213\116\016\116\055\137\303\147\201\226\120\133\232\164\006}{}% 56
\BOOKMARK [1][]{section.A.1}{\376\377\000A\000.\0001\000\040\145\066\145\133\140\047}{appendix.A}% 57
\BOOKMARK [2][]{subsection.A.1.1}{\376\377\000A\000.\0001\000.\0001\000\040\122\006\136\003\121\375\145\160}{section.A.1}% 58
\BOOKMARK [2][]{subsection.A.1.2}{\376\377\000A\000.\0001\000.\0002\000\040\226\217\147\072\123\330\221\317\166\204\126\333\131\047\145\066\145\133\140\047}{section.A.1}% 59
\BOOKMARK [1][]{section.A.2}{\376\377\000A\000.\0002\000\040\131\047\145\160\133\232\137\213}{appendix.A}% 60
\BOOKMARK [2][]{subsection.A.2.1}{\376\377\000A\000.\0002\000.\0001\000\040\131\047\145\160\133\232\164\006\166\204\133\232\116\111}{section.A.2}% 61
\BOOKMARK [2][]{subsection.A.2.2}{\376\377\000A\000.\0002\000.\0002\000\040\176\317\121\170\131\047\145\160\133\232\137\213}{section.A.2}% 62
\BOOKMARK [1][]{section.A.3}{\376\377\000A\000.\0003\000\040\137\072\131\047\145\160\133\232\137\213}{appendix.A}% 63
\BOOKMARK [2][]{subsection.A.3.1}{\376\377\000A\000.\0003\000.\0001\000\040\137\072\131\047\145\160\133\232\137\213\166\204\133\232\116\111}{section.A.3}% 64
\BOOKMARK [2][]{subsection.A.3.2}{\376\377\000A\000.\0003\000.\0002\000\040\176\317\121\170\137\072\131\047\145\160\133\232\137\213}{section.A.3}% 65
\BOOKMARK [1][]{section.A.4}{\376\377\000A\000.\0004\000\040\116\055\137\303\147\201\226\120\133\232\164\006}{appendix.A}% 66
\BOOKMARK [2][]{subsection.A.4.1}{\376\377\000A\000.\0004\000.\0001\000\040\116\055\137\303\147\201\226\120\133\232\164\006\166\204\133\232\116\111}{section.A.4}% 67
\BOOKMARK [2][]{subsection.A.4.2}{\376\377\000A\000.\0004\000.\0002\000\040\176\317\121\170\116\055\137\303\147\201\226\120\133\232\164\006}{section.A.4}% 68
\BOOKMARK [0][]{appendix.B}{\376\377\000B\000\040\151\202\163\207\152\041\127\213}{}% 69
