\BOOKMARK [0][]{chapter.1}{\376\377\173\054\116\000\172\340\000\040\226\306\124\010\213\272\116\016\203\003\165\164\213\272}{}% 1
\BOOKMARK [1][]{section.1.1}{\376\377\0001\000.\0001\000\040\147\064\175\040\226\306\124\010\213\272}{chapter.1}% 2
\BOOKMARK [2][]{subsection.1.1.1}{\376\377\0001\000.\0001\000.\0001\000\040\226\306\124\010}{section.1.1}% 3
\BOOKMARK [2][]{subsection.1.1.2}{\376\377\0001\000.\0001\000.\0002\000\040\226\306\124\010\166\204\121\163\174\373}{section.1.1}% 4
\BOOKMARK [2][]{subsection.1.1.3}{\376\377\0001\000.\0001\000.\0003\000\040\226\306\124\010\166\204\217\320\173\227}{section.1.1}% 5
\BOOKMARK [2][]{subsection.1.1.4}{\376\377\0001\000.\0001\000.\0004\000\040\116\015\116\244\136\166\116\016\171\357}{section.1.1}% 6
\BOOKMARK [2][]{subsection.1.1.5}{\376\377\0001\000.\0001\000.\0005\000\040\173\111\116\367\121\163\174\373\377\014\122\022\122\006\116\016\125\106}{section.1.1}% 7
\BOOKMARK [1][]{section.1.2}{\376\377\0001\000.\0002\000\040\226\306\124\010\225\364\166\204\121\375\145\160}{chapter.1}% 8
\BOOKMARK [2][]{subsection.1.2.1}{\376\377\0001\000.\0002\000.\0001\000\040\133\232\116\111}{section.1.2}% 9
\BOOKMARK [2][]{subsection.1.2.2}{\376\377\0001\000.\0002\000.\0002\000\040\131\032\221\315\226\306\124\010\116\016\143\007\150\007\226\306}{section.1.2}% 10
\BOOKMARK [2][]{subsection.1.2.3}{\376\377\0001\000.\0002\000.\0003\000\040\131\015\124\010\121\375\145\160}{section.1.2}% 11
\BOOKMARK [2][]{subsection.1.2.4}{\376\377\0001\000.\0002\000.\0004\000\040\123\125\134\004\377\014\156\341\134\004\116\016\123\314\134\004}{section.1.2}% 12
\BOOKMARK [2][]{subsection.1.2.5}{\376\377\0001\000.\0002\000.\0005\000\040\123\125\140\001\134\004\116\016\156\341\140\001\134\004}{section.1.2}% 13
\BOOKMARK [2][]{subsection.1.2.6}{\376\377\0001\000.\0002\000.\0006\000\040\201\352\161\066\142\225\137\161}{section.1.2}% 14
\BOOKMARK [2][]{subsection.1.2.7}{\376\377\0001\000.\0002\000.\0007\000\040\153\143\122\031\122\006\211\343}{section.1.2}% 15
\BOOKMARK [1][]{section.1.3}{\376\377\0001\000.\0003\000\040\203\003\165\164\213\272}{chapter.1}% 16
\BOOKMARK [2][]{subsection.1.3.1}{\376\377\0001\000.\0003\000.\0001\000\040\133\232\116\111}{section.1.3}% 17
\BOOKMARK [2][]{subsection.1.3.2}{\376\377\0001\000.\0003\000.\0002\000\040\203\003\165\164\171\072\117\213}{section.1.3}% 18
\BOOKMARK [1][]{section.1.4}{\376\377\0001\000.\0004\000\040\140\001\134\004}{chapter.1}% 19
\BOOKMARK [2][]{subsection.1.4.1}{\376\377\0001\000.\0004\000.\0001\000\040\124\014\147\204}{section.1.4}% 20
\BOOKMARK [2][]{subsection.1.4.2}{\376\377\0001\000.\0004\000.\0002\000\040\123\125\140\001\134\004\116\016\156\341\140\001\134\004}{section.1.4}% 21
\BOOKMARK [1][]{section.1.5}{\376\377\0001\000.\0005\000\040\116\007\147\011\140\047\215\050}{chapter.1}% 22
\BOOKMARK [2][]{subsection.1.5.1}{\376\377\0001\000.\0005\000.\0001\000\040\122\035\131\313\133\371\214\141\116\016\176\310\153\142\133\371\214\141}{section.1.5}% 23
\BOOKMARK [2][]{subsection.1.5.2}{\376\377\0001\000.\0005\000.\0002\000\040\116\007\147\011\140\047\215\050}{section.1.5}% 24
\BOOKMARK [2][]{subsection.1.5.3}{\376\377\0001\000.\0005\000.\0003\000\040\125\106}{section.1.5}% 25
\BOOKMARK [2][]{subsection.1.5.4}{\376\377\0001\000.\0005\000.\0004\000\040\171\357}{section.1.5}% 26
\BOOKMARK [2][]{subsection.1.5.5}{\376\377\0001\000.\0005\000.\0005\000\040\117\131\171\357}{section.1.5}% 27
\BOOKMARK [0][]{chapter.2}{\376\377\173\054\116\214\172\340\000\040\177\244\213\272\000i}{}% 28
\BOOKMARK [1][]{section.2.1}{\376\377\0002\000.\0001\000\040\177\244\166\204\133\232\116\111}{chapter.2}% 29
\BOOKMARK [2][]{subsection.2.1.1}{\376\377\0002\000.\0001\000.\0001\000\040\177\244\124\214\177\244\200\332}{section.2.1}% 30
\BOOKMARK [2][]{subsection.2.1.2}{\376\377\0002\000.\0001\000.\0002\000\040\133\232\116\111}{section.2.1}% 31
\BOOKMARK [2][]{subsection.2.1.3}{\376\377\0002\000.\0001\000.\0003\000\040\127\372\147\054\140\047\215\050}{section.2.1}% 32
\BOOKMARK [2][]{subsection.2.1.4}{\376\377\0002\000.\0001\000.\0004\000\040\155\210\123\273\137\213}{section.2.1}% 33
\BOOKMARK [2][]{subsection.2.1.5}{\376\377\0002\000.\0001\000.\0005\000\040\116\244\143\142\177\244}{section.2.1}% 34
\BOOKMARK [2][]{subsection.2.1.6}{\376\377\0002\000.\0001\000.\0006\000\040\226\066}{section.2.1}% 35
\BOOKMARK [2][]{subsection.2.1.7}{\376\377\0002\000.\0001\000.\0007\000\040\147\011\226\120\177\244\166\204\176\323\147\204}{section.2.1}% 36
\BOOKMARK [1][]{section.2.2}{\376\377\0002\000.\0002\000\040\177\244\166\204\171\072\117\213}{chapter.2}% 37
\BOOKMARK [2][]{subsection.2.2.1}{\376\377\0002\000.\0002\000.\0001\000\040\133\371\171\360\177\244}{section.2.2}% 38
\BOOKMARK [2][]{subsection.2.2.2}{\376\377\0002\000.\0002\000.\0002\000\040\116\214\227\142\117\123\177\244}{section.2.2}% 39
\BOOKMARK [2][]{subsection.2.2.3}{\376\377\0002\000.\0002\000.\0003\000\040\137\252\163\257\177\244}{section.2.2}% 40
\BOOKMARK [2][]{subsection.2.2.4}{\376\377\0002\000.\0002\000.\0004\000\040\167\351\226\065\177\244}{section.2.2}% 41
\BOOKMARK [2][]{subsection.2.2.5}{\376\377\0002\000.\0002\000.\0005\000\040\122\035\173\111\145\160\213\272}{section.2.2}% 42
\BOOKMARK [1][]{section.2.3}{\376\377\0002\000.\0003\000\040\000G\000r\000p\203\003\165\164}{chapter.2}% 43
\BOOKMARK [2][]{subsection.2.3.1}{\376\377\0002\000.\0003\000.\0001\000\040\177\244\124\014\140\001\146\040\134\004}{section.2.3}% 44
\BOOKMARK [2][]{subsection.2.3.2}{\376\377\0002\000.\0003\000.\0002\000\040\000G\000r\000p\166\204\133\232\116\111}{section.2.3}% 45
\BOOKMARK [2][]{subsection.2.3.3}{\376\377\0002\000.\0003\000.\0003\000\040\134\017\134\017\123\315\140\035}{section.2.3}% 46
\BOOKMARK [2][]{subsection.2.3.4}{\376\377\0002\000.\0003\000.\0004\000\040\171\357}{section.2.3}% 47
\BOOKMARK [2][]{subsection.2.3.5}{\376\377\0002\000.\0003\000.\0005\000\040\000A\000b\000e\000l\177\244}{section.2.3}% 48
\BOOKMARK [1][]{section.2.4}{\376\377\0002\000.\0004\000\040\177\244\124\014\140\001\146\040\134\004}{chapter.2}% 49
\BOOKMARK [2][]{subsection.2.4.1}{\376\377\0002\000.\0004\000.\0001\000\040\171\072\117\213}{section.2.4}% 50
\BOOKMARK [2][]{subsection.2.4.2}{\376\377\0002\000.\0004\000.\0002\000\040\124\014\140\001\146\040\134\004\116\016\226\066}{section.2.4}% 51
\BOOKMARK [2][]{subsection.2.4.3}{\376\377\0002\000.\0004\000.\0003\000\040\177\244\124\014\147\204\146\040\134\004}{section.2.4}% 52
\BOOKMARK [2][]{subsection.2.4.4}{\376\377\0002\000.\0004\000.\0004\000\040\000A\000b\000e\000l\177\244\166\204\124\014\140\001\146\040\134\004}{section.2.4}% 53
\BOOKMARK [1][]{section.2.5}{\376\377\0002\000.\0005\000\040\201\352\165\061\177\244}{chapter.2}% 54
\BOOKMARK [2][]{subsection.2.5.1}{\376\377\0002\000.\0005\000.\0001\000\040\165\037\142\020\121\103\226\306}{section.2.5}% 55
\BOOKMARK [2][]{subsection.2.5.2}{\376\377\0002\000.\0005\000.\0002\000\040\116\007\147\011\140\047\215\050}{section.2.5}% 56
\BOOKMARK [2][]{subsection.2.5.3}{\376\377\0002\000.\0005\000.\0003\000\040\121\167\117\123\176\323\147\204}{section.2.5}% 57
\BOOKMARK [2][]{subsection.2.5.4}{\376\377\0002\000.\0005\000.\0004\000\040\201\352\165\061\000A\000b\000e\000l\177\244}{section.2.5}% 58
\BOOKMARK [1][]{section.2.6}{\376\377\0002\000.\0006\000\040\133\120\177\244}{chapter.2}% 59
\BOOKMARK [2][]{subsection.2.6.1}{\376\377\0002\000.\0006\000.\0001\000\040\133\232\116\111}{section.2.6}% 60
\BOOKMARK [2][]{subsection.2.6.2}{\376\377\0002\000.\0006\000.\0002\000\040\150\070\116\016\120\317}{section.2.6}% 61
\BOOKMARK [2][]{subsection.2.6.3}{\376\377\0002\000.\0006\000.\0003\000\040\165\061\133\120\226\306\165\037\142\020\166\204\133\120\177\244}{section.2.6}% 62
\BOOKMARK [2][]{subsection.2.6.4}{\376\377\0002\000.\0006\000.\0004\000\040\137\252\163\257\177\244\166\204\133\120\177\244}{section.2.6}% 63
\BOOKMARK [2][]{subsection.2.6.5}{\376\377\0002\000.\0006\000.\0005\000\040\123\125\140\001\134\004\116\016\156\341\140\001\134\004}{section.2.6}% 64
\BOOKMARK [1][]{section.2.7}{\376\377\0002\000.\0007\000\040\125\106\177\244}{chapter.2}% 65
\BOOKMARK [2][]{subsection.2.7.1}{\376\377\0002\000.\0007\000.\0001\000\040\153\143\211\304\133\120\177\244}{section.2.7}% 66
\BOOKMARK [2][]{subsection.2.7.2}{\376\377\0002\000.\0007\000.\0002\000\040\125\106\177\244}{section.2.7}% 67
\BOOKMARK [2][]{subsection.2.7.3}{\376\377\0002\000.\0007\000.\0003\000\040\226\152\226\306}{section.2.7}% 68
\BOOKMARK [2][]{subsection.2.7.4}{\376\377\0002\000.\0007\000.\0004\000\040\153\143\211\304\133\120\177\244\166\204\125\106}{section.2.7}% 69
\BOOKMARK [2][]{subsection.2.7.5}{\376\377\0002\000.\0007\000.\0005\000\040\150\070\000-\0003\000m\000u\153\143\211\304\133\120\177\244}{section.2.7}% 70
\BOOKMARK [1][]{section.2.8}{\376\377\0002\000.\0008\000\040\124\014\147\204\133\232\164\006\116\016\000L\000a\000g\000r\000a\000n\000g\000e\133\232\164\006}{chapter.2}% 71
\BOOKMARK [2][]{subsection.2.8.1}{\376\377\0002\000.\0008\000.\0001\000\040\124\014\147\204\133\232\164\006}{section.2.8}% 72
\BOOKMARK [2][]{subsection.2.8.2}{\376\377\0002\000.\0008\000.\0002\000\040\153\143\122\031\122\006\211\343}{section.2.8}% 73
\BOOKMARK [2][]{subsection.2.8.3}{\376\377\0002\000.\0008\000.\0003\000\040\210\150\171\072}{section.2.8}% 74
\BOOKMARK [2][]{subsection.2.8.4}{\376\377\0002\000.\0008\000.\0004\000\040\173\054\116\011\124\014\147\204\133\232\164\006}{section.2.8}% 75
\BOOKMARK [2][]{subsection.2.8.5}{\376\377\0002\000.\0008\000.\0005\000\040\173\054\116\214\124\014\147\204\133\232\164\006}{section.2.8}% 76
\BOOKMARK [2][]{subsection.2.8.6}{\376\377\0002\000.\0008\000.\0006\000\040\000L\000a\000g\000r\000a\000n\000g\000e\133\232\164\006}{section.2.8}% 77
\BOOKMARK [2][]{subsection.2.8.7}{\376\377\0002\000.\0008\000.\0007\000\040\117\131\150\070\116\016\117\131\120\317}{section.2.8}% 78
\BOOKMARK [1][]{section.2.9}{\376\377\0002\000.\0009\000\040\177\244\117\134\165\050}{chapter.2}% 79
\BOOKMARK [2][]{subsection.2.9.1}{\376\377\0002\000.\0009\000.\0001\000\040\117\134\165\050}{section.2.9}% 80
\BOOKMARK [2][]{subsection.2.9.2}{\376\377\0002\000.\0009\000.\0002\000\040\226\306\124\010\117\134\165\050}{section.2.9}% 81
\BOOKMARK [2][]{subsection.2.9.3}{\376\377\0002\000.\0009\000.\0003\000\040\217\150\220\123\000-\172\063\133\232\123\026\133\120\133\232\164\006\116\016\203\003\165\164\000G\000-\000S\000e\000t}{section.2.9}% 82
\BOOKMARK [1][]{section.2.10}{\376\377\0002\000.\0001\0000\000\040\203\003\165\164\116\055\166\204\177\244\133\371\214\141}{chapter.2}% 83
\BOOKMARK [2][]{subsection.2.10.1}{\376\377\0002\000.\0001\0000\000.\0001\000\040\203\003\165\164\213\272\166\204\211\302\160\271}{section.2.10}% 84
\BOOKMARK [0][]{chapter.3}{\376\377\173\054\116\011\172\340\000\040\177\244\213\272\000i\000i}{}% 85
\BOOKMARK [1][]{section.3.1}{\376\377\0003\000.\0001\000\040\121\161\217\155\117\134\165\050}{chapter.3}% 86
\BOOKMARK [2][]{subsection.3.1.1}{\376\377\0003\000.\0001\000.\0001\000\040\226\306\124\010\116\012\166\204\177\244\117\134\165\050}{section.3.1}% 87
\BOOKMARK [2][]{subsection.3.1.2}{\376\377\0003\000.\0001\000.\0002\000\040\121\163\116\216\177\244\166\204\121\161\217\155\117\134\165\050}{section.3.1}% 88
\BOOKMARK [2][]{subsection.3.1.3}{\376\377\0003\000.\0001\000.\0003\000\040\121\163\116\216\136\102\226\306\166\204\121\161\217\155\117\134\165\050}{section.3.1}% 89
\BOOKMARK [1][]{section.3.2}{\376\377\0003\000.\0002\000\040\000S\000y\000l\000o\000w\133\232\164\006}{chapter.3}% 90
\BOOKMARK [2][]{subsection.3.2.1}{\376\377\0003\000.\0002\000.\0001\000\040\000S\000y\000l\000o\000w\000\040\000p\000-\133\120\177\244}{section.3.2}% 91
\BOOKMARK [2][]{subsection.3.2.2}{\376\377\0003\000.\0002\000.\0002\000\040\162\171\137\201\133\120\177\244}{section.3.2}% 92
\BOOKMARK [2][]{subsection.3.2.3}{\376\377\0003\000.\0002\000.\0003\000\040\000C\000a\000u\000c\000h\000y\133\232\164\006}{section.3.2}% 93
\BOOKMARK [2][]{subsection.3.2.4}{\376\377\0003\000.\0002\000.\0004\000\040\000S\000y\000l\000o\000w\173\054\116\000\133\232\164\006}{section.3.2}% 94
\BOOKMARK [2][]{subsection.3.2.5}{\376\377\0003\000.\0002\000.\0005\000\040\000S\000y\000l\000o\000w\173\054\116\214\133\232\164\006}{section.3.2}% 95
\BOOKMARK [2][]{subsection.3.2.6}{\376\377\0003\000.\0002\000.\0006\000\040\000S\000y\000l\000o\000w\173\054\116\011\133\232\164\006}{section.3.2}% 96
\BOOKMARK [2][]{subsection.3.2.7}{\376\377\0003\000.\0002\000.\0007\000\040\136\224\165\050}{section.3.2}% 97
\BOOKMARK [1][]{section.3.3}{\376\377\0003\000.\0003\000\040\124\010\142\020\122\027\116\016\123\357\211\343\140\047}{chapter.3}% 98
\BOOKMARK [2][]{subsection.3.3.1}{\376\377\0003\000.\0003\000.\0001\000\040\000J\000o\000r\000d\000a\000n\000-\000H\000\366\000l\000d\000e\000r\133\232\164\006}{section.3.3}% 99
\BOOKMARK [2][]{subsection.3.3.2}{\376\377\0003\000.\0003\000.\0002\000\040\000S\000c\000h\000r\000e\000i\000e\000r\133\232\164\006}{section.3.3}% 100
\BOOKMARK [2][]{subsection.3.3.3}{\376\377\0003\000.\0003\000.\0003\000\040\143\142\117\115\133\120\177\244\116\016\123\357\211\343\140\047}{section.3.3}% 101
\BOOKMARK [1][]{section.3.4}{\376\377\0003\000.\0004\000\040\133\371\171\360\177\244}{chapter.3}% 102
\BOOKMARK [2][]{subsection.3.4.1}{\376\377\0003\000.\0004\000.\0001\000\040\217\156\143\142}{section.3.4}% 103
\BOOKMARK [2][]{subsection.3.4.2}{\376\377\0003\000.\0004\000.\0002\000\040\000S\000n\116\055\166\204\127\213\116\016\121\161\217\155\174\173}{section.3.4}% 104
\BOOKMARK [2][]{subsection.3.4.3}{\376\377\0003\000.\0004\000.\0003\000\040\116\244\225\031\177\244}{section.3.4}% 105
\BOOKMARK [2][]{subsection.3.4.4}{\376\377\0003\000.\0004\000.\0004\000\040\000A\000n\166\204\176\323\147\204}{section.3.4}% 106
\BOOKMARK [2][]{subsection.3.4.5}{\376\377\0003\000.\0004\000.\0005\000\040\000S\000n\166\204\176\323\147\204}{section.3.4}% 107
\BOOKMARK [1][]{section.3.5}{\376\377\0003\000.\0005\000\040\177\244\166\204\171\357}{chapter.3}% 108
\BOOKMARK [2][]{subsection.3.5.1}{\376\377\0003\000.\0005\000.\0001\000\040\166\364\171\357}{section.3.5}% 109
\BOOKMARK [2][]{subsection.3.5.2}{\376\377\0003\000.\0005\000.\0002\000\040\123\112\166\364\171\357}{section.3.5}% 110
\BOOKMARK [2][]{subsection.3.5.3}{\376\377\0003\000.\0005\000.\0003\000\040\177\244\166\204\153\143\124\010\136\217\122\027}{section.3.5}% 111
\BOOKMARK [1][]{section.3.6}{\376\377\0003\000.\0006\000\040\147\011\226\120\000A\000b\000e\000l\177\244}{chapter.3}% 112
\BOOKMARK [2][]{subsection.3.6.1}{\376\377\0003\000.\0006\000.\0001\000\040\147\011\226\120\000a\000b\000e\000l\177\244\166\204\122\006\174\173}{section.3.6}% 113
\BOOKMARK [2][]{subsection.3.6.2}{\376\377\0003\000.\0006\000.\0002\000\040\147\011\226\120\000A\000b\000e\000l\177\244\166\204\176\323\147\204\133\232\164\006}{section.3.6}% 114
\BOOKMARK [2][]{subsection.3.6.3}{\376\377\0003\000.\0006\000.\0003\000\040\127\337\166\204\116\130\154\325\177\244\166\204\147\011\226\120\133\120\177\244}{section.3.6}% 115
\BOOKMARK [0][]{chapter.4}{\376\377\173\054\126\333\172\340\000\040\163\257\213\272\000i}{}% 116
\BOOKMARK [1][]{section.4.1}{\376\377\0004\000.\0001\000\040\163\257\166\204\133\232\116\111}{chapter.4}% 117
\BOOKMARK [2][]{subsection.4.1.1}{\376\377\0004\000.\0001\000.\0001\000\040\133\232\116\111}{section.4.1}% 118
\BOOKMARK [2][]{subsection.4.1.2}{\376\377\0004\000.\0001\000.\0002\000\040\226\366\126\340\133\120\116\016\123\125\117\115}{section.4.1}% 119
\BOOKMARK [2][]{subsection.4.1.3}{\376\377\0004\000.\0001\000.\0003\000\040\136\102\226\366\116\016\000B\000o\000o\000l\163\257}{section.4.1}% 120
\BOOKMARK [2][]{subsection.4.1.4}{\376\377\0004\000.\0001\000.\0004\000\040\131\032\230\171\137\017\163\257}{section.4.1}% 121
\BOOKMARK [2][]{subsection.4.1.5}{\376\377\0004\000.\0001\000.\0005\000\040\123\125\163\257\116\016\177\244\163\257}{section.4.1}% 122
\BOOKMARK [1][]{section.4.2}{\376\377\0004\000.\0002\000\040\000R\000i\000n\000g\203\003\165\164}{chapter.4}% 123
\BOOKMARK [2][]{subsection.4.2.1}{\376\377\0004\000.\0002\000.\0001\000\040\163\257\124\014\140\001\146\040\134\004}{section.4.2}% 124
\BOOKMARK [2][]{subsection.4.2.2}{\376\377\0004\000.\0002\000.\0002\000\040\133\120\163\257\116\016\116\055\137\303}{section.4.2}% 125
\BOOKMARK [2][]{subsection.4.2.3}{\376\377\0004\000.\0002\000.\0003\000\040\162\171\137\201}{section.4.2}% 126
\BOOKMARK [2][]{subsection.4.2.4}{\376\377\0004\000.\0002\000.\0004\000\040\131\032\230\171\137\017\163\257\166\204\116\007\147\011\140\047\215\050}{section.4.2}% 127
\BOOKMARK [2][]{subsection.4.2.5}{\376\377\0004\000.\0002\000.\0005\000\040\123\125\140\001\134\004\116\016\156\341\140\001\134\004}{section.4.2}% 128
\BOOKMARK [2][]{subsection.4.2.6}{\376\377\0004\000.\0002\000.\0006\000\040\171\357}{section.4.2}% 129
\BOOKMARK [2][]{subsection.4.2.7}{\376\377\0004\000.\0002\000.\0007\000\040\000E\000n\000d\000A\000b\000\050\000G\000\051}{section.4.2}% 130
\BOOKMARK [1][]{section.4.3}{\376\377\0004\000.\0003\000\040\164\006\140\363\116\016\125\106\163\257}{chapter.4}% 131
\BOOKMARK [2][]{subsection.4.3.1}{\376\377\0004\000.\0003\000.\0001\000\040\164\006\140\363}{section.4.3}% 132
\BOOKMARK [2][]{subsection.4.3.2}{\376\377\0004\000.\0003\000.\0002\000\040\127\372\147\054\217\320\173\227}{section.4.3}% 133
\BOOKMARK [2][]{subsection.4.3.3}{\376\377\0004\000.\0003\000.\0003\000\040\125\106\163\257}{section.4.3}% 134
\BOOKMARK [2][]{subsection.4.3.4}{\376\377\0004\000.\0003\000.\0004\000\040\150\070\000-\0003\000m\000u\164\006\140\363}{section.4.3}% 135
\BOOKMARK [2][]{subsection.4.3.5}{\376\377\0004\000.\0003\000.\0005\000\040\153\143\122\031\122\006\211\343}{section.4.3}% 136
\BOOKMARK [1][]{section.4.4}{\376\377\0004\000.\0004\000\040\175\040\164\006\140\363\116\016\147\201\131\047\164\006\140\363}{chapter.4}% 137
\BOOKMARK [2][]{subsection.4.4.1}{\376\377\0004\000.\0004\000.\0001\000\040\165\037\142\020\164\006\140\363}{section.4.4}% 138
\BOOKMARK [2][]{subsection.4.4.2}{\376\377\0004\000.\0004\000.\0002\000\040\131\032\230\171\137\017\163\257\166\204\125\106}{section.4.4}% 139
\BOOKMARK [2][]{subsection.4.4.3}{\376\377\0004\000.\0004\000.\0003\000\040\175\040\164\006\140\363\116\016\147\201\131\047\164\006\140\363}{section.4.4}% 140
\BOOKMARK [1][]{section.4.5}{\376\377\0004\000.\0005\000\040\163\257\116\012\166\204\152\041}{chapter.4}% 141
\BOOKMARK [2][]{subsection.4.5.1}{\376\377\0004\000.\0005\000.\0001\000\040\000R\000-\152\041\166\204\133\232\116\111}{section.4.5}% 142
\BOOKMARK [2][]{subsection.4.5.2}{\376\377\0004\000.\0005\000.\0002\000\040\000R\000-\000M\000o\000d\203\003\165\164}{section.4.5}% 143
\BOOKMARK [2][]{subsection.4.5.3}{\376\377\0004\000.\0005\000.\0003\000\040\133\120\152\041\116\016\125\106}{section.4.5}% 144
\BOOKMARK [2][]{subsection.4.5.4}{\376\377\0004\000.\0005\000.\0004\000\040\153\143\122\031\122\006\211\343\116\016\124\014\147\204\133\232\164\006}{section.4.5}% 145
\BOOKMARK [0][]{chapter.5}{\376\377\173\054\116\224\172\340\000\040\163\257\213\272\000i\000i}{}% 146
\BOOKMARK [1][]{section.5.1}{\376\377\0005\000.\0001\000\040\122\006\211\343\145\164\163\257\116\016\000N\000o\000e\000t\000h\000e\000r\163\257}{chapter.5}% 147
\BOOKMARK [2][]{subsection.5.1.1}{\376\377\0005\000.\0001\000.\0001\000\040\175\040\121\103\116\016\116\015\123\357\176\246\121\103}{section.5.1}% 148
\BOOKMARK [2][]{subsection.5.1.2}{\376\377\0005\000.\0001\000.\0002\000\040\122\006\211\343\145\164\163\257}{section.5.1}% 149
\BOOKMARK [2][]{subsection.5.1.3}{\376\377\0005\000.\0001\000.\0003\000\040\000N\000o\000e\000t\000h\000e\000r\163\257}{section.5.1}% 150
\BOOKMARK [1][]{section.5.2}{\376\377\0005\000.\0002\000\040\000U\000F\000D\377\014\000P\000I\000D\377\014\000E\000D}{chapter.5}% 151
\BOOKMARK [2][]{subsection.5.2.1}{\376\377\0005\000.\0002\000.\0001\000\040\147\000\131\047\121\154\126\340\133\120}{section.5.2}% 152
\BOOKMARK [2][]{subsection.5.2.2}{\376\377\0005\000.\0002\000.\0002\000\040\000U\000F\000D}{section.5.2}% 153
\BOOKMARK [2][]{subsection.5.2.3}{\376\377\0005\000.\0002\000.\0003\000\040\000P\000I\000D\000-\0003\000m\000u\000U\000F\000D}{section.5.2}% 154
\BOOKMARK [2][]{subsection.5.2.4}{\376\377\0005\000.\0002\000.\0004\000\040\000E\000u\000c\000l\000i\000d\145\164\163\257}{section.5.2}% 155
\BOOKMARK [1][]{section.5.3}{\376\377\0005\000.\0003\000\040\225\364\131\117\146\362\377\032\000Z\000o\000r\000n\137\025\164\006}{chapter.5}% 156
\BOOKMARK [2][]{subsection.5.3.1}{\376\377\0005\000.\0003\000.\0001\000\040\226\306\124\010\213\272\377\032\121\215\116\000\153\041\220\202\220\005}{section.5.3}% 157
\BOOKMARK [2][]{subsection.5.3.2}{\376\377\0005\000.\0003\000.\0002\000\040\136\224\165\050\377\032\147\201\131\047\164\006\140\363\166\204\133\130\127\050\140\047}{section.5.3}% 158
\BOOKMARK [1][]{section.5.4}{\376\377\0005\000.\0004\000\040\131\032\230\171\137\017\163\257\166\204\125\057\116\000\133\214\121\150\126\340\133\120\122\006\211\343}{chapter.5}% 159
\BOOKMARK [2][]{subsection.5.4.1}{\376\377\0005\000.\0004\000.\0001\000\040\000G\000a\000u\000s\000s\137\025\164\006}{section.5.4}% 160
\BOOKMARK [2][]{subsection.5.4.2}{\376\377\0005\000.\0004\000.\0002\000\040\145\164\163\257\166\204\122\006\137\017\127\337}{section.5.4}% 161
\BOOKMARK [2][]{subsection.5.4.3}{\376\377\0005\000.\0004\000.\0003\000\040\000R\116\072\000U\000F\000D\000-\0003\000m\000u\000R\000[\000x\000]\116\072\000U\000F\000D}{section.5.4}% 162
\BOOKMARK [1][]{section.5.5}{\376\377\0005\000.\0005\000\040\131\032\230\171\137\017\166\204\116\015\123\357\176\246\140\047}{chapter.5}% 163
\BOOKMARK [2][]{subsection.5.5.1}{\376\377\0005\000.\0005\000.\0001\000\040\150\071\116\016\123\357\176\246\140\047}{section.5.5}% 164
\BOOKMARK [2][]{subsection.5.5.2}{\376\377\0005\000.\0005\000.\0002\000\040\116\343\145\160\225\355\127\337}{section.5.5}% 165
\BOOKMARK [2][]{subsection.5.5.3}{\376\377\0005\000.\0005\000.\0003\000\040\000C\000[\000x\000]\000,\000R\000[\000x\000]\000,\000Q\000[\000x\000]\166\204\123\357\176\246\140\047}{section.5.5}% 166
\BOOKMARK [2][]{subsection.5.5.4}{\376\377\0005\000.\0005\000.\0004\000\040\000E\000i\000s\000e\000n\000s\000t\000e\000i\000n\122\044\122\053\154\325}{section.5.5}% 167
\BOOKMARK [1][]{section.5.6}{\376\377\0005\000.\0006\000\040\000G\000a\000u\000s\000s\145\164\145\160\116\016\000F\000e\000r\000m\000a\000t\136\163\145\271\124\214\133\232\164\006}{chapter.5}% 168
\BOOKMARK [2][]{subsection.5.6.1}{\376\377\0005\000.\0006\000.\0001\000\040\000G\000a\000u\000s\000s\145\164\145\160}{section.5.6}% 169
\BOOKMARK [2][]{subsection.5.6.2}{\376\377\0005\000.\0006\000.\0002\000\040\000F\000e\000r\000m\000a\000t\136\163\145\271\124\214\133\232\164\006}{section.5.6}% 170
\BOOKMARK [0][]{chapter.6}{\376\377\173\054\121\155\172\340\000\040\127\337\213\272}{}% 171
\BOOKMARK [1][]{section.6.1}{\376\377\0006\000.\0001\000\040\127\337\142\151\137\040\000i}{chapter.6}% 172
\BOOKMARK [2][]{subsection.6.1.1}{\376\377\0006\000.\0001\000.\0001\000\040\127\372\147\054\133\232\116\111}{section.6.1}% 173
\BOOKMARK [3][]{subsubsection.6.1.1.1}{\376\377\0006\000.\0001\000.\0001\000.\0001\000\040\127\337\142\151\137\040}{subsection.6.1.1}% 174
\BOOKMARK [3][]{subsubsection.6.1.1.2}{\376\377\0006\000.\0001\000.\0001\000.\0002\000\040\127\337\166\204\162\171\137\201}{subsection.6.1.1}% 175
\BOOKMARK [2][]{subsection.6.1.2}{\376\377\0006\000.\0001\000.\0002\000\040\123\125\142\151\137\040}{section.6.1}% 176
\BOOKMARK [3][]{subsubsection.6.1.2.1}{\376\377\0006\000.\0001\000.\0002\000.\0001\000\040\123\125\142\151\137\040\176\323\147\204}{subsection.6.1.2}% 177
\BOOKMARK [3][]{subsubsection.6.1.2.2}{\376\377\0006\000.\0001\000.\0002\000.\0002\000\040\000k\000-\201\352\124\014\147\204\146\040\134\004\177\244}{subsection.6.1.2}% 178
\BOOKMARK [2][]{subsection.6.1.3}{\376\377\0006\000.\0001\000.\0003\000\040\147\011\226\120\142\151\137\040\116\016\116\343\145\160\142\151\137\040}{section.6.1}% 179
\BOOKMARK [3][]{subsubsection.6.1.3.1}{\376\377\0006\000.\0001\000.\0003\000.\0001\000\040\147\011\226\120\142\151\137\040}{subsection.6.1.3}% 180
\BOOKMARK [3][]{subsubsection.6.1.3.2}{\376\377\0006\000.\0001\000.\0003\000.\0002\000\040\116\343\145\160\142\151\137\040}{subsection.6.1.3}% 181
\BOOKMARK [3][]{subsubsection.6.1.3.3}{\376\377\0006\000.\0001\000.\0003\000.\0003\000\040\147\011\226\120\165\037\142\020\127\337}{subsection.6.1.3}% 182
\BOOKMARK [1][]{section.6.2}{\376\377\0006\000.\0002\000\040\116\343\145\160\225\355\123\005\116\016\000N\000u\000l\000l\000s\000t\000e\000l\000l\000e\000n\000s\000a\000t\000z}{chapter.6}% 183
\BOOKMARK [2][]{subsection.6.2.1}{\376\377\0006\000.\0002\000.\0001\000\040\116\343\145\160\225\355\123\005}{section.6.2}% 184
\BOOKMARK [2][]{subsection.6.2.2}{\376\377\0006\000.\0002\000.\0002\000\040\000H\000i\000l\000b\000e\000r\000t\000'\000s\000\040\000N\000u\000l\000l\000s\000t\000e\000l\000l\000e\000n\000s\000a\000t\000z}{section.6.2}% 185
\BOOKMARK [2][]{subsection.6.2.3}{\376\377\0006\000.\0002\000.\0003\000\040\116\000\160\271\160\271\116\343\145\160\121\340\117\125}{section.6.2}% 186
\BOOKMARK [1][]{section.6.3}{\376\377\0006\000.\0003\000\040\134\072\211\304\117\134\126\376}{chapter.6}% 187
\BOOKMARK [2][]{subsection.6.3.1}{\376\377\0006\000.\0003\000.\0001\000\040\134\072\211\304\117\134\126\376}{section.6.3}% 188
\BOOKMARK [2][]{subsection.6.3.2}{\376\377\0006\000.\0003\000.\0002\000\040\123\357\147\204\220\040\145\160\116\016\116\214\153\041\142\151\137\040}{section.6.3}% 189
\BOOKMARK [1][]{section.6.4}{\376\377\0006\000.\0004\000\040\127\337\142\151\137\040\000i\000i}{chapter.6}% 190
\BOOKMARK [2][]{subsection.6.4.1}{\376\377\0006\000.\0004\000.\0001\000\040\122\006\210\302\127\337\116\016\153\143\211\304\142\151\137\040}{section.6.4}% 191
\BOOKMARK [3][]{subsubsection.6.4.1.1}{\376\377\0006\000.\0004\000.\0001\000.\0001\000\040\122\006\210\302\127\337}{subsection.6.4.1}% 192
\BOOKMARK [3][]{subsubsection.6.4.1.2}{\376\377\0006\000.\0004\000.\0001\000.\0002\000\040\153\143\211\304\142\151\137\040}{subsection.6.4.1}% 193
\BOOKMARK [2][]{subsection.6.4.2}{\376\377\0006\000.\0004\000.\0002\000\040\123\357\122\006\131\032\230\171\137\017}{section.6.4}% 194
\BOOKMARK [2][]{subsection.6.4.3}{\376\377\0006\000.\0004\000.\0003\000\040\116\343\145\160\225\355\123\005\116\055\166\204\123\357\122\006\142\151\137\040\116\016\135\114\121\145}{section.6.4}% 195
\BOOKMARK [1][]{section.6.5}{\376\377\0006\000.\0005\000\040\127\337\142\151\137\040\000i\000i\000i}{chapter.6}% 196
\BOOKMARK [2][]{subsection.6.5.1}{\376\377\0006\000.\0005\000.\0001\000\040\147\011\226\120\127\337}{section.6.5}% 197
\BOOKMARK [2][]{subsection.6.5.2}{\376\377\0006\000.\0005\000.\0002\000\040\122\006\127\006\131\032\230\171\137\017\116\016\122\006\127\006\127\337}{section.6.5}% 198
\BOOKMARK [1][]{section.6.6}{\376\377\0006\000.\0006\000\040\123\357\122\006\140\047\116\016\123\125\142\151\137\040}{chapter.6}% 199
\BOOKMARK [1][]{section.6.7}{\376\377\0006\000.\0007\000\040\000G\000a\000l\000o\000i\000s\164\006\213\272}{chapter.6}% 200
\BOOKMARK [2][]{subsection.6.7.1}{\376\377\0006\000.\0007\000.\0001\000\040\000G\000a\000l\000o\000i\000s\133\371\136\224\116\016\000G\000a\000l\000o\000i\000s\142\151\137\040}{section.6.7}% 201
\BOOKMARK [2][]{subsection.6.7.2}{\376\377\0006\000.\0007\000.\0002\000\040\000G\000a\000l\000o\000i\000s\127\372\147\054\133\232\164\006}{section.6.7}% 202
\BOOKMARK [1][]{section.6.8}{\376\377\0006\000.\0008\000\040\000G\000a\000l\000o\000i\000s\164\006\213\272\166\204\136\224\165\050}{chapter.6}% 203
\BOOKMARK [2][]{subsection.6.8.1}{\376\377\0006\000.\0008\000.\0001\000\040\116\343\145\160\127\372\147\054\133\232\164\006}{section.6.8}% 204
\BOOKMARK [2][]{subsection.6.8.2}{\376\377\0006\000.\0008\000.\0002\000\040\153\143\000n\217\271\137\142\166\204\134\072\211\304\117\134\126\376}{section.6.8}% 205
\BOOKMARK [2][]{subsection.6.8.3}{\376\377\0006\000.\0008\000.\0003\000\040\133\371\171\360\121\375\145\160\127\372\147\054\133\232\164\006}{section.6.8}% 206
\BOOKMARK [2][]{subsection.6.8.4}{\376\377\0006\000.\0008\000.\0004\000\040\131\032\230\171\137\017\145\271\172\013\166\204\150\071\137\017\123\357\211\343\140\047}{section.6.8}% 207
\BOOKMARK [3][]{subsubsection.6.8.4.1}{\376\377\0006\000.\0008\000.\0004\000.\0001\000\040\150\071\137\017\142\151\137\040}{subsection.6.8.4}% 208
\BOOKMARK [3][]{subsubsection.6.8.4.2}{\376\377\0006\000.\0008\000.\0004\000.\0002\000\040\131\032\230\171\137\017\166\204\150\071\137\017\123\357\211\343\140\047}{subsection.6.8.4}% 209
\BOOKMARK [0][]{appendix.A}{\376\377\000A\000\040\177\244\213\272\166\204\000M\000A\000T\000L\000A\000B\121\375\145\160}{}% 210
\BOOKMARK [1][]{section.A.1}{\376\377\000A\000.\0001\000\040\162\171\153\212\177\244}{appendix.A}% 211
\BOOKMARK [1][]{section.A.2}{\376\377\000A\000.\0002\000\040\177\244\176\323\147\204}{appendix.A}% 212
\BOOKMARK [1][]{section.A.3}{\376\377\000A\000.\0003\000\040\177\244\217\320\173\227}{appendix.A}% 213
\BOOKMARK [1][]{section.A.4}{\376\377\000A\000.\0004\000\040\217\205\122\251\121\375\145\160}{appendix.A}% 214
