\BOOKMARK [0][]{chapter.1}{\376\377\173\054\116\000\172\340\000\040\142\323\142\121\172\172\225\364}{}% 1
\BOOKMARK [1][]{section.1.1}{\376\377\0001\000.\0001\000\040\142\323\142\121\172\172\225\364}{chapter.1}% 2
\BOOKMARK [2][]{subsection.1.1.1}{\376\377\0001\000.\0001\000.\0001\000\040\142\323\142\121\133\232\116\111}{section.1.1}% 3
\BOOKMARK [2][]{subsection.1.1.2}{\376\377\0001\000.\0001\000.\0002\000\040\142\323\142\121\176\323\147\204}{section.1.1}% 4
\BOOKMARK [2][]{subsection.1.1.3}{\376\377\0001\000.\0001\000.\0003\000\040\142\323\142\121\116\055\160\271\166\204\176\323\147\204}{section.1.1}% 5
\BOOKMARK [2][]{subsection.1.1.4}{\376\377\0001\000.\0001\000.\0004\000\040\142\323\142\121\116\055\226\306\124\010\166\204\176\323\147\204}{section.1.1}% 6
\BOOKMARK [2][]{subsection.1.1.5}{\376\377\0001\000.\0001\000.\0005\000\040\142\323\142\121\176\323\147\204}{section.1.1}% 7
\BOOKMARK [2][]{subsection.1.1.6}{\376\377\0001\000.\0001\000.\0006\000\040\142\323\142\121\133\120\172\172\225\364}{section.1.1}% 8
\BOOKMARK [1][]{section.1.2}{\376\377\0001\000.\0002\000\040\217\336\176\355\146\040\134\004\116\016\124\014\200\332\146\040\134\004}{chapter.1}% 9
\BOOKMARK [2][]{subsection.1.2.1}{\376\377\0001\000.\0002\000.\0001\000\040\217\336\176\355\146\040\134\004}{section.1.2}% 10
\BOOKMARK [2][]{subsection.1.2.2}{\376\377\0001\000.\0002\000.\0002\000\040\124\014\200\332\146\040\134\004}{section.1.2}% 11
\BOOKMARK [1][]{section.1.3}{\376\377\0001\000.\0003\000\040\116\130\171\357\172\172\225\364\116\016\142\323\142\121\127\372}{chapter.1}% 12
\BOOKMARK [2][]{subsection.1.3.1}{\376\377\0001\000.\0003\000.\0001\000\040\116\130\171\357\172\172\225\364}{section.1.3}% 13
\BOOKMARK [2][]{subsection.1.3.2}{\376\377\0001\000.\0003\000.\0002\000\040\142\323\142\121\127\372}{section.1.3}% 14
\BOOKMARK [1][]{section.1.4}{\376\377\0001\000.\0004\000\040\124\014\200\332\116\015\123\330\140\047\377\014\220\127\117\040\140\047\116\016\123\357\116\130\140\047}{chapter.1}% 15
\BOOKMARK [0][]{chapter.2}{\376\377\173\054\116\214\172\340\000\040\142\323\142\121\140\047\215\050}{}% 16
\BOOKMARK [1][]{section.2.1}{\376\377\0002\000.\0001\000\040\122\006\171\273\121\154\164\006\116\016\123\357\145\160\121\154\164\006}{chapter.2}% 17
\BOOKMARK [2][]{subsection.2.1.1}{\376\377\0002\000.\0001\000.\0001\000\040\122\006\171\273\121\154\164\006}{section.2.1}% 18
\BOOKMARK [2][]{subsection.2.1.2}{\376\377\0002\000.\0001\000.\0002\000\040\123\357\145\160\121\154\164\006}{section.2.1}% 19
\BOOKMARK [1][]{section.2.2}{\376\377\0002\000.\0002\000\040\000U\000r\000y\000s\000o\000h\000n\137\025\164\006}{chapter.2}% 20
\BOOKMARK [1][]{section.2.3}{\376\377\0002\000.\0003\000\040\175\047\201\364\140\047}{chapter.2}% 21
\BOOKMARK [2][]{subsection.2.3.1}{\376\377\0002\000.\0003\000.\0001\000\040\133\214\121\150\147\011\165\114\140\047}{section.2.3}% 22
\BOOKMARK [2][]{subsection.2.3.2}{\376\377\0002\000.\0003\000.\0002\000\040\122\027\175\047\140\047\116\016\175\047\201\364\140\047}{section.2.3}% 23
\BOOKMARK [2][]{subsection.2.3.3}{\376\377\0002\000.\0003\000.\0003\000\040\134\100\220\350\175\047\201\364\140\047}{section.2.3}% 24
\BOOKMARK [2][]{subsection.2.3.4}{\376\377\0002\000.\0003\000.\0004\000\040\116\377\175\047\140\047}{section.2.3}% 25
\BOOKMARK [1][]{section.2.4}{\376\377\0002\000.\0004\000\040\217\336\220\032\140\047}{chapter.2}% 26
\BOOKMARK [1][]{section.2.5}{\376\377\0002\000.\0005\000\040\220\123\215\357\217\336\220\032\140\047}{chapter.2}% 27
\BOOKMARK [0][]{chapter.3}{\376\377\173\054\116\011\172\340\000\040\125\106\172\172\225\364}{}% 28
\BOOKMARK [1][]{section.3.1}{\376\377\0003\000.\0001\000\040\136\070\211\301\146\362\227\142}{chapter.3}% 29
\BOOKMARK [1][]{section.3.2}{\376\377\0003\000.\0002\000\040\125\106\172\172\225\364\116\016\125\106\146\040\134\004}{chapter.3}% 30
\BOOKMARK [1][]{section.3.3}{\376\377\0003\000.\0003\000\040\142\323\142\121\155\101\137\142\116\016\225\355\146\362\227\142}{chapter.3}% 31
\BOOKMARK [2][]{subsection.3.3.1}{\376\377\0003\000.\0003\000.\0001\000\040\142\323\142\121\155\101\137\142}{section.3.3}% 32
\BOOKMARK [2][]{subsection.3.3.2}{\376\377\0003\000.\0003\000.\0002\000\040\225\355\146\362\227\142}{section.3.3}% 33
\BOOKMARK [0][]{chapter.4}{\376\377\173\054\126\333\172\340\000\040\127\372\147\054\177\244}{}% 34
\BOOKMARK [1][]{section.4.1}{\376\377\0004\000.\0001\000\040\124\014\117\046\146\040\134\004}{chapter.4}% 35
\BOOKMARK [2][]{subsection.4.1.1}{\376\377\0004\000.\0001\000.\0001\000\040\124\014\117\046}{section.4.1}% 36
\BOOKMARK [2][]{subsection.4.1.2}{\376\377\0004\000.\0001\000.\0002\000\040\166\370\133\371\124\014\117\046}{section.4.1}% 37
\BOOKMARK [1][]{section.4.2}{\376\377\0004\000.\0002\000\040\127\372\147\054\177\244}{chapter.4}% 38
\BOOKMARK [2][]{subsection.4.2.1}{\376\377\0004\000.\0002\000.\0001\000\040\133\232\172\357\124\014\117\046}{section.4.2}% 39
\BOOKMARK [2][]{subsection.4.2.2}{\376\377\0004\000.\0002\000.\0002\000\040\220\123\215\357\174\173}{section.4.2}% 40
\BOOKMARK [2][]{subsection.4.2.3}{\376\377\0004\000.\0002\000.\0003\000\040\127\372\147\054\177\244}{section.4.2}% 41
\BOOKMARK [1][]{section.4.3}{\376\377\0004\000.\0003\000\040\127\372\147\054\177\244\166\204\124\014\117\046\116\015\123\330\140\047}{chapter.4}% 42
\BOOKMARK [2][]{subsection.4.3.1}{\376\377\0004\000.\0003\000.\0001\000\040\124\014\117\046\173\111\116\367}{section.4.3}% 43
\BOOKMARK [2][]{subsection.4.3.2}{\376\377\0004\000.\0003\000.\0002\000\040\137\142\123\330\145\066\177\051}{section.4.3}% 44
\BOOKMARK [2][]{subsection.4.3.3}{\376\377\0004\000.\0003\000.\0003\000\040\123\357\177\051\172\172\225\364}{section.4.3}% 45
\BOOKMARK [1][]{section.4.4}{\376\377\0004\000.\0004\000\040\127\372\147\054\177\244\166\204\213\241\173\227\116\016\136\224\165\050}{chapter.4}% 46
\BOOKMARK [2][]{subsection.4.4.1}{\376\377\0004\000.\0004\000.\0001\000\040\000V\000a\000n\000-\000K\000a\000m\000p\000e\000n\133\232\164\006}{section.4.4}% 47
\BOOKMARK [2][]{subsection.4.4.2}{\376\377\0004\000.\0004\000.\0002\000\040\127\372\147\054\177\244\166\204\136\224\165\050}{section.4.4}% 48
